<?xml version="1.0" encoding="UTF-8"?>
<coverage generated="1668475723562" clover="3.2.0">
  <project timestamp="1668475723562" name="All files">
    <metrics statements="186" coveredstatements="182" conditionals="36" coveredconditionals="33" methods="61" coveredmethods="57" elements="283" coveredelements="272" complexity="0" loc="186" ncloc="186" packages="6" files="13" classes="13"/>
    <package name="src.api">
      <metrics statements="12" coveredstatements="12" conditionals="0" coveredconditionals="0" methods="2" coveredmethods="2"/>
      <file name="getDegrees.ts" path="D:\Projects\Vue\job-search\src\api\getDegrees.ts">
        <metrics statements="6" coveredstatements="6" conditionals="0" coveredconditionals="0" methods="1" coveredmethods="1"/>
        <line num="1" count="15" type="stmt"/>
        <line num="4" count="15" type="stmt"/>
        <line num="5" count="2" type="stmt"/>
        <line num="6" count="2" type="stmt"/>
        <line num="7" count="2" type="stmt"/>
        <line num="10" count="15" type="stmt"/>
      </file>
      <file name="getJobs.ts" path="D:\Projects\Vue\job-search\src\api\getJobs.ts">
        <metrics statements="6" coveredstatements="6" conditionals="0" coveredconditionals="0" methods="1" coveredmethods="1"/>
        <line num="1" count="15" type="stmt"/>
        <line num="4" count="15" type="stmt"/>
        <line num="5" count="2" type="stmt"/>
        <line num="6" count="2" type="stmt"/>
        <line num="7" count="2" type="stmt"/>
        <line num="10" count="15" type="stmt"/>
      </file>
    </package>
    <package name="src.components.JobResults">
      <metrics statements="40" coveredstatements="39" conditionals="11" coveredconditionals="10" methods="9" coveredmethods="8"/>
      <file name="JobListings.vue" path="D:\Projects\Vue\job-search\src\components\JobResults\JobListings.vue">
        <metrics statements="40" coveredstatements="39" conditionals="11" coveredconditionals="10" methods="9" coveredmethods="8"/>
        <line num="3" count="1" type="cond" truecount="3" falsecount="0"/>
        <line num="4" count="3" type="cond" truecount="3" falsecount="1"/>
        <line num="8" count="1" type="stmt"/>
        <line num="11" count="1" type="stmt"/>
        <line num="12" count="1" type="stmt"/>
        <line num="13" count="1" type="stmt"/>
        <line num="14" count="1" type="stmt"/>
        <line num="15" count="1" type="stmt"/>
        <line num="16" count="1" type="stmt"/>
        <line num="22" count="9" type="stmt"/>
        <line num="23" count="9" type="stmt"/>
        <line num="24" count="9" type="stmt"/>
        <line num="26" count="9" type="stmt"/>
        <line num="27" count="9" type="stmt"/>
        <line num="28" count="9" type="stmt"/>
        <line num="29" count="0" type="stmt"/>
        <line num="31" count="9" type="stmt"/>
        <line num="32" count="9" type="stmt"/>
        <line num="33" count="9" type="stmt"/>
        <line num="34" count="9" type="stmt"/>
        <line num="35" count="9" type="stmt"/>
        <line num="36" count="9" type="stmt"/>
        <line num="37" count="9" type="stmt"/>
        <line num="39" count="9" type="stmt"/>
        <line num="48" count="1" type="stmt"/>
        <line num="49" count="1" type="stmt"/>
        <line num="50" count="1" type="stmt"/>
        <line num="51" count="1" type="stmt"/>
        <line num="52" count="1" type="stmt"/>
        <line num="53" count="1" type="stmt"/>
        <line num="54" count="1" type="stmt"/>
        <line num="55" count="1" type="stmt"/>
        <line num="57" count="9" type="stmt"/>
        <line num="58" count="9" type="stmt"/>
        <line num="59" count="9" type="stmt"/>
        <line num="62" count="50" type="stmt"/>
        <line num="79" count="6" type="stmt"/>
        <line num="92" count="3" type="stmt"/>
        <line num="102" count="1" type="stmt"/>
        <line num="103" count="1" type="stmt"/>
      </file>
    </package>
    <package name="src.components.JobResults.JobFiltersSideBar">
      <metrics statements="27" coveredstatements="24" conditionals="7" coveredconditionals="6" methods="5" coveredmethods="2"/>
      <file name="JobFiltersSideBar.vue" path="D:\Projects\Vue\job-search\src\components\JobResults\JobFiltersSideBar\JobFiltersSideBar.vue">
        <metrics statements="27" coveredstatements="24" conditionals="7" coveredconditionals="6" methods="5" coveredmethods="2"/>
        <line num="3" count="1" type="cond" truecount="3" falsecount="0"/>
        <line num="4" count="5" type="cond" truecount="3" falsecount="1"/>
        <line num="8" count="1" type="stmt"/>
        <line num="11" count="1" type="stmt"/>
        <line num="12" count="1" type="stmt"/>
        <line num="13" count="1" type="stmt"/>
        <line num="14" count="1" type="stmt"/>
        <line num="15" count="1" type="stmt"/>
        <line num="16" count="1" type="stmt"/>
        <line num="17" count="1" type="stmt"/>
        <line num="27" count="1" type="stmt"/>
        <line num="28" count="1" type="stmt"/>
        <line num="29" count="1" type="stmt"/>
        <line num="30" count="1" type="stmt"/>
        <line num="31" count="1" type="stmt"/>
        <line num="32" count="1" type="stmt"/>
        <line num="34" count="1" type="stmt"/>
        <line num="35" count="1" type="stmt"/>
        <line num="36" count="1" type="stmt"/>
        <line num="37" count="1" type="stmt"/>
        <line num="38" count="1" type="stmt"/>
        <line num="39" count="1" type="stmt"/>
        <line num="43" count="0" type="stmt"/>
        <line num="49" count="0" type="stmt"/>
        <line num="55" count="0" type="stmt"/>
        <line num="63" count="1" type="stmt"/>
        <line num="64" count="1" type="stmt"/>
      </file>
    </package>
    <package name="src.composables">
      <metrics statements="17" coveredstatements="17" conditionals="6" coveredconditionals="6" methods="5" coveredmethods="5"/>
      <file name="useCurrentPage.ts" path="D:\Projects\Vue\job-search\src\composables\useCurrentPage.ts">
        <metrics statements="7" coveredstatements="7" conditionals="2" coveredconditionals="2" methods="2" coveredmethods="2"/>
        <line num="1" count="2" type="stmt"/>
        <line num="2" count="2" type="stmt"/>
        <line num="4" count="2" type="stmt"/>
        <line num="5" count="2" type="stmt"/>
        <line num="6" count="2" type="stmt"/>
        <line num="7" count="2" type="cond" truecount="2" falsecount="0"/>
        <line num="10" count="2" type="stmt"/>
      </file>
      <file name="usePreviousAndNextPages.ts" path="D:\Projects\Vue\job-search\src\composables\usePreviousAndNextPages.ts">
        <metrics statements="10" coveredstatements="10" conditionals="4" coveredconditionals="4" methods="3" coveredmethods="3"/>
        <line num="1" count="2" type="stmt"/>
        <line num="7" count="2" type="stmt"/>
        <line num="11" count="4" type="stmt"/>
        <line num="12" count="2" type="stmt"/>
        <line num="13" count="2" type="cond" truecount="2" falsecount="0"/>
        <line num="16" count="4" type="stmt"/>
        <line num="17" count="2" type="stmt"/>
        <line num="18" count="2" type="cond" truecount="2" falsecount="0"/>
        <line num="21" count="4" type="stmt"/>
        <line num="24" count="2" type="stmt"/>
      </file>
    </package>
    <package name="src.store">
      <metrics statements="84" coveredstatements="84" conditionals="9" coveredconditionals="9" methods="37" coveredmethods="37"/>
      <file name="actions.ts" path="D:\Projects\Vue\job-search\src\store\actions.ts">
        <metrics statements="9" coveredstatements="9" conditionals="0" coveredconditionals="0" methods="2" coveredmethods="2"/>
        <line num="1" count="14" type="stmt"/>
        <line num="7" count="14" type="stmt"/>
        <line num="8" count="14" type="stmt"/>
        <line num="15" count="14" type="stmt"/>
        <line num="17" count="2" type="stmt"/>
        <line num="18" count="2" type="stmt"/>
        <line num="22" count="2" type="stmt"/>
        <line num="23" count="2" type="stmt"/>
        <line num="27" count="14" type="stmt"/>
      </file>
      <file name="composables.ts" path="D:\Projects\Vue\job-search\src\store\composables.ts">
        <metrics statements="22" coveredstatements="22" conditionals="0" coveredconditionals="0" methods="10" coveredmethods="10"/>
        <line num="1" count="8" type="stmt"/>
        <line num="2" count="8" type="stmt"/>
        <line num="4" count="8" type="stmt"/>
        <line num="12" count="8" type="stmt"/>
        <line num="15" count="8" type="stmt"/>
        <line num="16" count="1" type="stmt"/>
        <line num="17" count="1" type="stmt"/>
        <line num="20" count="8" type="stmt"/>
        <line num="21" count="1" type="stmt"/>
        <line num="22" count="1" type="stmt"/>
        <line num="25" count="8" type="stmt"/>
        <line num="26" count="1" type="stmt"/>
        <line num="27" count="1" type="stmt"/>
        <line num="30" count="8" type="stmt"/>
        <line num="31" count="1" type="stmt"/>
        <line num="32" count="1" type="stmt"/>
        <line num="36" count="8" type="stmt"/>
        <line num="37" count="1" type="stmt"/>
        <line num="38" count="1" type="stmt"/>
        <line num="41" count="8" type="stmt"/>
        <line num="42" count="1" type="stmt"/>
        <line num="43" count="1" type="stmt"/>
      </file>
      <file name="constants.ts" path="D:\Projects\Vue\job-search\src\store\constants.ts">
        <metrics statements="17" coveredstatements="17" conditionals="0" coveredconditionals="0" methods="0" coveredmethods="0"/>
        <line num="2" count="16" type="stmt"/>
        <line num="3" count="16" type="stmt"/>
        <line num="6" count="16" type="stmt"/>
        <line num="7" count="16" type="stmt"/>
        <line num="10" count="16" type="stmt"/>
        <line num="11" count="16" type="stmt"/>
        <line num="12" count="16" type="stmt"/>
        <line num="13" count="16" type="stmt"/>
        <line num="14" count="16" type="stmt"/>
        <line num="17" count="16" type="stmt"/>
        <line num="18" count="16" type="stmt"/>
        <line num="19" count="16" type="stmt"/>
        <line num="22" count="16" type="stmt"/>
        <line num="23" count="16" type="stmt"/>
        <line num="24" count="16" type="stmt"/>
        <line num="26" count="16" type="stmt"/>
        <line num="27" count="16" type="stmt"/>
      </file>
      <file name="getters.ts" path="D:\Projects\Vue\job-search\src\store\getters.ts">
        <metrics statements="20" coveredstatements="20" conditionals="9" coveredconditionals="9" methods="16" coveredmethods="16"/>
        <line num="1" count="14" type="stmt"/>
        <line num="19" count="14" type="stmt"/>
        <line num="21" count="1" type="stmt"/>
        <line num="22" count="3" type="stmt"/>
        <line num="23" count="1" type="stmt"/>
        <line num="26" count="1" type="stmt"/>
        <line num="27" count="3" type="stmt"/>
        <line num="28" count="1" type="stmt"/>
        <line num="31" count="1" type="stmt"/>
        <line num="32" count="1" type="stmt"/>
        <line num="33" count="1" type="stmt"/>
        <line num="34" count="1" type="stmt"/>
        <line num="37" count="2" type="stmt"/>
        <line num="39" count="2" type="stmt"/>
        <line num="40" count="2" type="stmt"/>
        <line num="46" count="2" type="stmt"/>
        <line num="47" count="2" type="stmt"/>
        <line num="53" count="2" type="stmt"/>
        <line num="54" count="2" type="stmt"/>
        <line num="62" count="14" type="stmt"/>
      </file>
      <file name="mutations.ts" path="D:\Projects\Vue\job-search\src\store\mutations.ts">
        <metrics statements="13" coveredstatements="13" conditionals="0" coveredconditionals="0" methods="8" coveredmethods="8"/>
        <line num="4" count="14" type="stmt"/>
        <line num="15" count="14" type="stmt"/>
        <line num="17" count="1" type="stmt"/>
        <line num="21" count="1" type="stmt"/>
        <line num="25" count="1" type="stmt"/>
        <line num="29" count="1" type="stmt"/>
        <line num="36" count="1" type="stmt"/>
        <line num="40" count="1" type="stmt"/>
        <line num="44" count="1" type="stmt"/>
        <line num="48" count="1" type="stmt"/>
        <line num="49" count="1" type="stmt"/>
        <line num="50" count="1" type="stmt"/>
        <line num="54" count="14" type="stmt"/>
      </file>
      <file name="state.ts" path="D:\Projects\Vue\job-search\src\store\state.ts">
        <metrics statements="3" coveredstatements="3" conditionals="0" coveredconditionals="0" methods="1" coveredmethods="1"/>
        <line num="3" count="18" type="stmt"/>
        <line num="4" count="32" type="stmt"/>
        <line num="14" count="18" type="stmt"/>
      </file>
    </package>
    <package name="tests.unit.store">
      <metrics statements="6" coveredstatements="6" conditionals="3" coveredconditionals="2" methods="3" coveredmethods="3"/>
      <file name="utils.ts" path="D:\Projects\Vue\job-search\tests\unit\store\utils.ts">
        <metrics statements="6" coveredstatements="6" conditionals="3" coveredconditionals="2" methods="3" coveredmethods="3"/>
        <line num="1" count="4" type="stmt"/>
        <line num="5" count="4" type="cond" truecount="0" falsecount="1"/>
        <line num="6" count="18" type="stmt"/>
        <line num="7" count="18" type="stmt"/>
        <line num="10" count="24" type="cond" truecount="1" falsecount="0"/>
        <line num="24" count="6" type="cond" truecount="1" falsecount="0"/>
      </file>
    </package>
  </project>
</coverage>
