<?xml version="1.0" encoding="UTF-8"?>
<coverage generated="1668049658779" clover="3.2.0">
  <project timestamp="1668049658779" name="All files">
    <metrics statements="42" coveredstatements="41" conditionals="2" coveredconditionals="2" methods="6" coveredmethods="5" elements="50" coveredelements="48" complexity="0" loc="42" ncloc="42" packages="1" files="3" classes="3"/>
    <file name="ActionButton.vue" path="D:\Projects\Vue\job-search\src\components\ActionButton.vue">
      <metrics statements="11" coveredstatements="10" conditionals="0" coveredconditionals="0" methods="2" coveredmethods="1"/>
      <line num="4" count="1" type="stmt"/>
      <line num="7" count="1" type="stmt"/>
      <line num="8" count="1" type="stmt"/>
      <line num="12" count="0" type="stmt"/>
      <line num="18" count="1" type="stmt"/>
      <line num="20" count="1" type="stmt"/>
      <line num="23" count="1" type="stmt"/>
      <line num="24" count="1" type="stmt"/>
      <line num="25" count="1" type="stmt"/>
      <line num="29" count="4" type="stmt"/>
      <line num="30" count="1" type="stmt"/>
    </file>
    <file name="MainNav.vue" path="D:\Projects\Vue\job-search\src\components\MainNav.vue">
      <metrics statements="20" coveredstatements="20" conditionals="2" coveredconditionals="2" methods="2" coveredmethods="2"/>
      <line num="4" count="1" type="stmt"/>
      <line num="5" count="1" type="stmt"/>
      <line num="8" count="1" type="stmt"/>
      <line num="49" count="1" type="stmt"/>
      <line num="51" count="1" type="stmt"/>
      <line num="54" count="1" type="stmt"/>
      <line num="55" count="1" type="stmt"/>
      <line num="56" count="1" type="stmt"/>
      <line num="59" count="1" type="stmt"/>
      <line num="62" count="1" type="stmt"/>
      <line num="65" count="1" type="stmt"/>
      <line num="66" count="1" type="stmt"/>
      <line num="69" count="1" type="stmt"/>
      <line num="72" count="1" type="stmt"/>
      <line num="76" count="1" type="stmt"/>
      <line num="80" count="5" type="stmt"/>
      <line num="81" count="5" type="stmt"/>
      <line num="82" count="5" type="stmt"/>
      <line num="86" count="30" type="stmt"/>
      <line num="100" count="1" type="stmt"/>
    </file>
    <file name="ProfileImage.vue" path="D:\Projects\Vue\job-search\src\components\ProfileImage.vue">
      <metrics statements="11" coveredstatements="11" conditionals="0" coveredconditionals="0" methods="2" coveredmethods="2"/>
      <line num="4" count="1" type="stmt"/>
      <line num="7" count="1" type="stmt"/>
      <line num="8" count="1" type="stmt"/>
      <line num="11" count="1" type="stmt"/>
      <line num="18" count="1" type="stmt"/>
      <line num="20" count="1" type="stmt"/>
      <line num="23" count="1" type="stmt"/>
      <line num="24" count="1" type="stmt"/>
      <line num="25" count="1" type="stmt"/>
      <line num="27" count="1" type="stmt"/>
      <line num="32" count="1" type="stmt"/>
    </file>
  </project>
</coverage>
