{"D:\\Projects\\Vue\\job-search\\src\\api\\getDegrees.ts": {"path":"D:\\Projects\\Vue\\job-search\\src\\api\\getDegrees.ts","statementMap":{"0":{"start":{"line":1,"column":0},"end":{"line":1,"column":null}},"1":{"start":{"line":4,"column":19},"end":{"line":8,"column":1}},"2":{"start":{"line":5,"column":18},"end":{"line":5,"column":45}},"3":{"start":{"line":6,"column":19},"end":{"line":6,"column":66}},"4":{"start":{"line":7,"column":2},"end":{"line":7,"column":null}},"5":{"start":{"line":10,"column":0},"end":{"line":10,"column":null}}},"fnMap":{"0":{"name":"(anonymous_1)","decl":{"start":{"line":4,"column":19},"end":{"line":4,"column":30}},"loc":{"start":{"line":4,"column":30},"end":{"line":8,"column":1}}}},"branchMap":{},"s":{"0":9,"1":9,"2":2,"3":2,"4":2,"5":9},"f":{"0":2},"b":{}}
,"D:\\Projects\\Vue\\job-search\\src\\api\\getJobs.ts": {"path":"D:\\Projects\\Vue\\job-search\\src\\api\\getJobs.ts","statementMap":{"0":{"start":{"line":1,"column":0},"end":{"line":1,"column":null}},"1":{"start":{"line":4,"column":16},"end":{"line":8,"column":1}},"2":{"start":{"line":5,"column":18},"end":{"line":5,"column":45}},"3":{"start":{"line":6,"column":19},"end":{"line":6,"column":60}},"4":{"start":{"line":7,"column":2},"end":{"line":7,"column":null}},"5":{"start":{"line":10,"column":0},"end":{"line":10,"column":null}}},"fnMap":{"0":{"name":"(anonymous_1)","decl":{"start":{"line":4,"column":16},"end":{"line":4,"column":27}},"loc":{"start":{"line":4,"column":27},"end":{"line":8,"column":1}}}},"branchMap":{},"s":{"0":9,"1":9,"2":2,"3":2,"4":2,"5":9},"f":{"0":2},"b":{}}
,"D:\\Projects\\Vue\\job-search\\src\\components\\JobResults\\JobListings.vue": {"path":"D:\\Projects\\Vue\\job-search\\src\\components\\JobResults\\JobListings.vue","statementMap":{"0":{"start":{"line":3,"column":22},"end":{"line":7,"column":1}},"1":{"start":{"line":4,"column":2},"end":{"line":6,"column":4}},"2":{"start":{"line":8,"column":0},"end":{"line":10,"column":3}},"3":{"start":{"line":11,"column":12},"end":{"line":11,"column":26}},"4":{"start":{"line":12,"column":23},"end":{"line":12,"column":89}},"5":{"start":{"line":13,"column":20},"end":{"line":13,"column":50}},"6":{"start":{"line":14,"column":23},"end":{"line":14,"column":79}},"7":{"start":{"line":15,"column":32},"end":{"line":15,"column":97}},"8":{"start":{"line":16,"column":0},"end":{"line":47,"column":3}},"9":{"start":{"line":22,"column":4},"end":{"line":25,"column":7}},"10":{"start":{"line":23,"column":6},"end":{"line":23,"column":48}},"11":{"start":{"line":24,"column":6},"end":{"line":24,"column":51}},"12":{"start":{"line":26,"column":23},"end":{"line":26,"column":59}},"13":{"start":{"line":27,"column":22},"end":{"line":27,"column":53}},"14":{"start":{"line":28,"column":18},"end":{"line":30,"column":6}},"15":{"start":{"line":29,"column":6},"end":{"line":29,"column":57}},"16":{"start":{"line":31,"column":13},"end":{"line":31,"column":73}},"17":{"start":{"line":32,"column":21},"end":{"line":32,"column":36}},"18":{"start":{"line":33,"column":17},"end":{"line":33,"column":28}},"19":{"start":{"line":34,"column":24},"end":{"line":38,"column":6}},"20":{"start":{"line":35,"column":18},"end":{"line":35,"column":46}},"21":{"start":{"line":36,"column":16},"end":{"line":36,"column":38}},"22":{"start":{"line":37,"column":6},"end":{"line":37,"column":50}},"23":{"start":{"line":39,"column":4},"end":{"line":45,"column":6}},"24":{"start":{"line":48,"column":0},"end":{"line":48,"column":13}},"25":{"start":{"line":49,"column":0},"end":{"line":49,"column":62}},"26":{"start":{"line":50,"column":0},"end":{"line":50,"column":24}},"27":{"start":{"line":51,"column":12},"end":{"line":51,"column":26}},"28":{"start":{"line":52,"column":17},"end":{"line":52,"column":59}},"29":{"start":{"line":53,"column":17},"end":{"line":53,"column":42}},"30":{"start":{"line":54,"column":17},"end":{"line":54,"column":55}},"31":{"start":{"line":55,"column":17},"end":{"line":55,"column":47}},"32":{"start":{"line":57,"column":33},"end":{"line":57,"column":75}},"33":{"start":{"line":58,"column":33},"end":{"line":58,"column":75}},"34":{"start":{"line":59,"column":4},"end":{"line":100,"column":8}},"35":{"start":{"line":62,"column":16},"end":{"line":66,"column":50}},"36":{"start":{"line":79,"column":66},"end":{"line":81,"column":26}},"37":{"start":{"line":92,"column":66},"end":{"line":94,"column":26}},"38":{"start":{"line":102,"column":0},"end":{"line":102,"column":24}},"39":{"start":{"line":103,"column":1},"end":{"line":103,"column":48}}},"fnMap":{"0":{"name":"(anonymous_0)","decl":{"start":{"line":3,"column":54},"end":{"line":3,"column":55}},"loc":{"start":{"line":3,"column":69},"end":{"line":7,"column":1}},"line":3},"1":{"name":"(anonymous_1)","decl":{"start":{"line":21,"column":9},"end":{"line":21,"column":10}},"loc":{"start":{"line":21,"column":21},"end":{"line":46,"column":3}},"line":21},"2":{"name":"(anonymous_2)","decl":{"start":{"line":22,"column":25},"end":{"line":22,"column":26}},"loc":{"start":{"line":22,"column":37},"end":{"line":25,"column":5}},"line":22},"3":{"name":"(anonymous_3)","decl":{"start":{"line":28,"column":38},"end":{"line":28,"column":39}},"loc":{"start":{"line":28,"column":50},"end":{"line":30,"column":5}},"line":28},"4":{"name":"(anonymous_4)","decl":{"start":{"line":34,"column":44},"end":{"line":34,"column":45}},"loc":{"start":{"line":34,"column":56},"end":{"line":38,"column":5}},"line":34},"5":{"name":"render","decl":{"start":{"line":56,"column":9},"end":{"line":56,"column":15}},"loc":{"start":{"line":56,"column":30},"end":{"line":101,"column":1}},"line":56},"6":{"name":"(anonymous_6)","decl":{"start":{"line":61,"column":135},"end":{"line":61,"column":136}},"loc":{"start":{"line":61,"column":150},"end":{"line":67,"column":13}},"line":61},"7":{"name":"(anonymous_7)","decl":{"start":{"line":79,"column":52},"end":{"line":79,"column":53}},"loc":{"start":{"line":79,"column":64},"end":{"line":81,"column":28}},"line":79},"8":{"name":"(anonymous_8)","decl":{"start":{"line":92,"column":52},"end":{"line":92,"column":53}},"loc":{"start":{"line":92,"column":64},"end":{"line":94,"column":28}},"line":92}},"branchMap":{"0":{"loc":{"start":{"line":3,"column":22},"end":{"line":7,"column":1}},"type":"binary-expr","locations":[{"start":{"line":3,"column":22},"end":{"line":3,"column":26}},{"start":{"line":3,"column":30},"end":{"line":3,"column":50}},{"start":{"line":3,"column":54},"end":{"line":7,"column":1}}],"line":3},"1":{"loc":{"start":{"line":4,"column":9},"end":{"line":6,"column":3}},"type":"cond-expr","locations":[{"start":{"line":4,"column":33},"end":{"line":4,"column":36}},{"start":{"line":4,"column":39},"end":{"line":6,"column":3}}],"line":4},"2":{"loc":{"start":{"line":4,"column":9},"end":{"line":4,"column":30}},"type":"binary-expr","locations":[{"start":{"line":4,"column":9},"end":{"line":4,"column":12}},{"start":{"line":4,"column":16},"end":{"line":4,"column":30}}],"line":4},"3":{"loc":{"start":{"line":72,"column":16},"end":{"line":84,"column":65}},"type":"cond-expr","locations":[{"start":{"line":73,"column":23},"end":{"line":83,"column":45}},{"start":{"line":84,"column":22},"end":{"line":84,"column":65}}],"line":72},"4":{"loc":{"start":{"line":85,"column":16},"end":{"line":97,"column":65}},"type":"cond-expr","locations":[{"start":{"line":86,"column":23},"end":{"line":96,"column":45}},{"start":{"line":97,"column":22},"end":{"line":97,"column":65}}],"line":85}},"s":{"0":1,"1":3,"2":1,"3":1,"4":1,"5":1,"6":1,"7":1,"8":1,"9":9,"10":9,"11":9,"12":9,"13":9,"14":9,"15":0,"16":9,"17":9,"18":9,"19":9,"20":9,"21":9,"22":9,"23":9,"24":1,"25":1,"26":1,"27":1,"28":1,"29":1,"30":1,"31":1,"32":9,"33":9,"34":9,"35":50,"36":6,"37":3,"38":1,"39":1},"f":{"0":3,"1":9,"2":9,"3":0,"4":9,"5":9,"6":50,"7":6,"8":3},"b":{"0":[1,1,1],"1":[3,0],"2":[3,3],"3":[6,3],"4":[3,6]},"inputSourceMap":{"0":"{","1":"\"","2":"v","3":"e","4":"r","5":"s","6":"i","7":"o","8":"n","9":"\"","10":":","11":"3","12":",","13":"\"","14":"s","15":"o","16":"u","17":"r","18":"c","19":"e","20":"s","21":"\"","22":":","23":"[","24":"\"","25":"D","26":":","27":"\\","28":"\\","29":"P","30":"r","31":"o","32":"j","33":"e","34":"c","35":"t","36":"s","37":"\\","38":"\\","39":"V","40":"u","41":"e","42":"\\","43":"\\","44":"j","45":"o","46":"b","47":"-","48":"s","49":"e","50":"a","51":"r","52":"c","53":"h","54":"\\","55":"\\","56":"s","57":"r","58":"c","59":"\\","60":"\\","61":"c","62":"o","63":"m","64":"p","65":"o","66":"n","67":"e","68":"n","69":"t","70":"s","71":"\\","72":"\\","73":"J","74":"o","75":"b","76":"R","77":"e","78":"s","79":"u","80":"l","81":"t","82":"s","83":"\\","84":"\\","85":"J","86":"o","87":"b","88":"L","89":"i","90":"s","91":"t","92":"i","93":"n","94":"g","95":"s","96":".","97":"v","98":"u","99":"e","100":"\"","101":"]","102":",","103":"\"","104":"n","105":"a","106":"m","107":"e","108":"s","109":"\"","110":":","111":"[","112":"]","113":",","114":"\"","115":"m","116":"a","117":"p","118":"p","119":"i","120":"n","121":"g","122":"s","123":"\"","124":":","125":"\"","126":";","127":";","128":";","129":";","130":";","131":";","132":";","133":";","134":";","135":";","136":"A","137":"A","138":"i","139":"C","140":"A","141":";","142":"A","143":"A","144":"C","145":"A","146":";","147":"A","148":"A","149":"C","150":"A","151":";","152":"A","153":"A","154":"K","155":"A","156":";","157":"A","158":"A","159":"C","160":"A","161":";","162":"A","163":"A","164":"E","165":"A","166":",","167":"k","168":"B","169":"A","170":"A","171":"e","172":",","173":"y","174":"B","175":"A","176":"A","177":"e","178":",","179":"E","180":"A","181":"A","182":"C","183":";","184":"E","185":"A","186":"C","187":"7","188":"B","189":",","190":"I","191":"A","192":"A","193":"I","194":",","195":"E","196":"A","197":"A","198":"E","199":",","200":"a","201":"A","202":"A","203":"a","204":";","205":"E","206":"A","207":"C","208":"n","209":"B","210":",","211":"U","212":"A","213":"A","214":"U","215":",","216":"E","217":"A","218":"A","219":"E","220":";","221":"I","222":"A","223":"A","224":"E","225":",","226":"U","227":"A","228":"A","229":"U","230":";","231":"E","232":"A","233":"A","234":"A","235":",","236":"C","237":"A","238":"A","239":"E","240":";","241":"E","242":"A","243":"C","244":"1","245":"B","246":",","247":"K","248":"A","249":"A","250":"K","251":";","252":"I","253":"A","254":"C","255":"H","256":",","257":"m","258":"B","259":"A","260":"A","261":"S","262":",","263":"E","264":"A","265":"A","266":"C","267":";","268":"M","269":"A","270":"C","271":"R","272":",","273":"s","274":"C","275":"A","276":"A","277":"o","278":"B","279":",","280":"G","281":"A","282":"A","283":"E","284":";","285":"M","286":"A","287":"C","288":"t","289":"B","290":",","291":"y","292":"C","293":"A","294":"A","295":"u","296":"B","297":",","298":"G","299":"A","300":"A","301":"E","302":";","303":"I","304":"A","305":"C","306":"3","307":"B","308":",","309":"C","310":"A","311":"A","312":"C","313":",","314":"C","315":"A","316":"A","317":"C","318":";","319":"I","320":"A","321":"E","322":"F","323":",","324":"I","325":"A","326":"A","327":"M","328":",","329":"Y","330":"A","331":"A","332":"Y","333":",","334":"G","335":"A","336":"A","337":"G","338":",","339":"i","340":"C","341":"A","342":"A","343":"e","344":",","345":"G","346":"A","347":"A","348":"E","349":";","350":"I","351":"A","352":"C","353":"t","354":"C","355":",","356":"I","357":"A","358":"A","359":"M","360":",","361":"W","362":"A","363":"A","364":"W","365":",","366":"G","367":"A","368":"A","369":"G","370":",","371":"4","372":"B","373":"A","374":"A","375":"c","376":",","377":"G","378":"A","379":"A","380":"E","381":";","382":"I","383":"A","384":"E","385":"p","386":"C","387":",","388":"I","389":"A","390":"A","391":"M","392":",","393":"O","394":"A","395":"A","396":"O","397":",","398":"G","399":"A","400":"A","401":"G","402":",","403":"k","404":"B","405":"A","406":"A","407":"Q","408":",","409":"E","410":"A","411":"A","412":"C","413":";","414":"M","415":"A","416":"A","417":"M","418":",","419":"W","420":"A","421":"A","422":"I","423":",","424":"C","425":"A","426":"A","427":"C","428":",","429":"I","430":"A","431":"A","432":"I","433":",","434":"C","435":"A","436":"A","437":"C","438":",","439":"Y","440":"A","441":"A","442":"Y","443":",","444":"C","445":"A","446":"A","447":"C","448":",","449":"K","450":"A","451":"A","452":"K","453":",","454":"C","455":"A","456":"A","457":"C","458":",","459":"M","460":"A","461":"A","462":"M","463":",","464":"G","465":"A","466":"A","467":"G","468":",","469":"I","470":"A","471":"A","472":"I","473":",","474":"C","475":"A","476":"A","477":"C","478":";","479":"I","480":"A","481":"A","482":"3","483":"C","484":",","485":"C","486":"A","487":"A","488":"2","489":"C","490":",","491":"C","492":"A","493":"A","494":"C","495":";","496":"I","497":"A","498":"E","499":"r","500":"E","501":",","502":"S","503":"A","504":"A","505":"6","506":"B","507":",","508":"q","509":"C","510":"A","511":"A","512":"u","513":"B","514":",","515":"E","516":"A","517":"C","518":"x","519":"D","520":",","521":"W","522":"A","523":"A","524":"W","525":",","526":"E","527":"A","528":"C","529":"X","530":",","531":"O","532":"A","533":"A","534":"O","535":",","536":"C","537":"A","538":"C","539":"R","540":";","541":"M","542":"A","543":"H","544":"O","545":",","546":"Y","547":"A","548":"A","549":"Y","550":";","551":"M","552":"A","553":"A","554":"E","555":",","556":"Q","557":"A","558":"A","559":"Q","560":",","561":"c","562":"A","563":"G","564":"7","565":"B","566":";","567":"I","568":"A","569":"E","570":"D","571":",","572":"I","573":"A","574":"A","575":"M","576":",","577":"a","578":"A","579":"A","580":"a","581":",","582":"G","583":"A","584":"A","585":"G","586":",","587":"k","588":"B","589":"A","590":"A","591":"Q","592":",","593":"E","594":"A","595":"A","596":"C","597":";","598":"M","599":"A","600":"C","601":"7","602":"B","603":",","604":"I","605":"A","606":"A","607":"M","608":",","609":"K","610":"A","611":"A","612":"K","613":",","614":"G","615":"A","616":"A","617":"G","618":",","619":"C","620":"A","621":"A","622":"C","623":",","624":"W","625":"A","626":"A","627":"W","628":",","629":"C","630":"A","631":"A","632":"C","633":",","634":"K","635":"A","636":"A","637":"K","638":",","639":"G","640":"A","641":"A","642":"G","643":",","644":"C","645":"A","646":"A","647":"C","648":",","649":"I","650":"A","651":"A","652":"I","653":",","654":"E","655":"A","656":"A","657":"E","658":";","659":"M","660":"A","661":"C","662":"1","663":"C","664":",","665":"I","666":"A","667":"A","668":"M","669":",","670":"G","671":"A","672":"A","673":"G","674":",","675":"G","676":"A","677":"A","678":"G","679":",","680":"W","681":"A","682":"A","683":"W","684":",","685":"C","686":"A","687":"A","688":"C","689":",","690":"K","691":"A","692":"A","693":"K","694":",","695":"G","696":"A","697":"A","698":"G","699":",","700":"E","701":"A","702":"A","703":"E","704":";","705":"M","706":"A","707":"C","708":"l","709":"C","710":",","711":"O","712":"A","713":"A","714":"O","715":",","716":"Y","717":"A","718":"A","719":"Y","720":",","721":"C","722":"A","723":"A","724":"C","725":",","726":"K","727":"A","728":"A","729":"K","730":",","731":"C","732":"A","733":"A","734":"C","735":",","736":"K","737":"A","738":"A","739":"K","740":",","741":"C","742":"A","743":"A","744":"C","745":",","746":"K","747":"A","748":"A","749":"K","750":",","751":"E","752":"A","753":"A","754":"E","755":",","756":"G","757":"A","758":"A","759":"G","760":",","761":"C","762":"A","763":"A","764":"C","765":";","766":"I","767":"A","768":"C","769":"7","770":"C","771":",","772":"C","773":"A","774":"A","775":"C","776":",","777":"C","778":"A","779":"A","780":"C","781":";","782":"I","783":"A","784":"E","785":"F","786":",","787":"O","788":"A","789":"A","790":"O","791":";","792":"M","793":"A","794":"A","795":"E","796":",","797":"Y","798":"A","799":"A","800":"Y","801":";","802":"M","803":"A","804":"A","805":"E","806":",","807":"W","808":"A","809":"A","810":"W","811":";","812":"M","813":"A","814":"A","815":"E","816":",","817":"Y","818":"A","819":"A","820":"Y","821":";","822":"M","823":"A","824":"A","825":"E","826":",","827":"Q","828":"A","829":"A","830":"Q","831":";","832":"M","833":"A","834":"A","835":"E","836":",","837":"a","838":"A","839":"A","840":"a","841":";","842":"I","843":"A","844":"A","845":"A","846":",","847":"C","848":"A","849":"A","850":"E","851":";","852":"E","853":"A","854":"C","855":"7","856":"E","857":";","858":"C","859":"A","860":"C","861":"D","862":",","863":"C","864":"A","865":"A","866":"C","867":"\"","868":",","869":"\"","870":"f","871":"i","872":"l","873":"e","874":"\"","875":":","876":"\"","877":"D","878":":","879":"\\","880":"\\","881":"P","882":"r","883":"o","884":"j","885":"e","886":"c","887":"t","888":"s","889":"\\","890":"\\","891":"V","892":"u","893":"e","894":"\\","895":"\\","896":"j","897":"o","898":"b","899":"-","900":"s","901":"e","902":"a","903":"r","904":"c","905":"h","906":"\\","907":"\\","908":"s","909":"r","910":"c","911":"\\","912":"\\","913":"c","914":"o","915":"m","916":"p","917":"o","918":"n","919":"e","920":"n","921":"t","922":"s","923":"\\","924":"\\","925":"J","926":"o","927":"b","928":"R","929":"e","930":"s","931":"u","932":"l","933":"t","934":"s","935":"\\","936":"\\","937":"J","938":"o","939":"b","940":"L","941":"i","942":"s","943":"t","944":"i","945":"n","946":"g","947":"s","948":".","949":"v","950":"u","951":"e","952":"\"","953":",","954":"\"","955":"s","956":"o","957":"u","958":"r","959":"c","960":"e","961":"s","962":"C","963":"o","964":"n","965":"t","966":"e","967":"n","968":"t","969":"\"","970":":","971":"[","972":"\"","973":"<","974":"t","975":"e","976":"m","977":"p","978":"l","979":"a","980":"t","981":"e","982":">","983":"\\","984":"n","985":" ","986":" ","987":"<","988":"m","989":"a","990":"i","991":"n","992":" ","993":"c","994":"l","995":"a","996":"s","997":"s","998":"=","999":"\\","1000":"\"","1001":"f","1002":"l","1003":"e","1004":"x","1005":"-","1006":"a","1007":"u","1008":"t","1009":"o","1010":" ","1011":"p","1012":"-","1013":"8","1014":" ","1015":"b","1016":"g","1017":"-","1018":"b","1019":"r","1020":"a","1021":"n","1022":"d","1023":"-","1024":"g","1025":"r","1026":"a","1027":"y","1028":"-","1029":"2","1030":"\\","1031":"\"","1032":">","1033":"\\","1034":"n","1035":" ","1036":" ","1037":" ","1038":" ","1039":"<","1040":"o","1041":"l","1042":">","1043":"\\","1044":"n","1045":" ","1046":" ","1047":" ","1048":" ","1049":" ","1050":" ","1051":"<","1052":"j","1053":"o","1054":"b","1055":"-","1056":"l","1057":"i","1058":"s","1059":"t","1060":"i","1061":"n","1062":"g","1063":"\\","1064":"n","1065":" ","1066":" ","1067":" ","1068":" ","1069":" ","1070":" ","1071":" ","1072":" ","1073":"v","1074":"-","1075":"f","1076":"o","1077":"r","1078":"=","1079":"\\","1080":"\"","1081":"j","1082":"o","1083":"b","1084":" ","1085":"i","1086":"n","1087":" ","1088":"d","1089":"i","1090":"s","1091":"p","1092":"l","1093":"a","1094":"y","1095":"e","1096":"d","1097":"J","1098":"o","1099":"b","1100":"s","1101":"\\","1102":"\"","1103":"\\","1104":"n","1105":" ","1106":" ","1107":" ","1108":" ","1109":" ","1110":" ","1111":" ","1112":" ","1113":":","1114":"k","1115":"e","1116":"y","1117":"=","1118":"\\","1119":"\"","1120":"j","1121":"o","1122":"b","1123":".","1124":"i","1125":"d","1126":"\\","1127":"\"","1128":"\\","1129":"n","1130":" ","1131":" ","1132":" ","1133":" ","1134":" ","1135":" ","1136":" ","1137":" ","1138":":","1139":"j","1140":"o","1141":"b","1142":"=","1143":"\\","1144":"\"","1145":"j","1146":"o","1147":"b","1148":"\\","1149":"\"","1150":"\\","1151":"n","1152":" ","1153":" ","1154":" ","1155":" ","1156":" ","1157":" ","1158":" ","1159":" ","1160":"d","1161":"a","1162":"t","1163":"a","1164":"-","1165":"t","1166":"e","1167":"s","1168":"t","1169":"=","1170":"\\","1171":"\"","1172":"j","1173":"o","1174":"b","1175":"-","1176":"l","1177":"i","1178":"s","1179":"t","1180":"i","1181":"n","1182":"g","1183":"\\","1184":"\"","1185":"\\","1186":"n","1187":" ","1188":" ","1189":" ","1190":" ","1191":" ","1192":" ","1193":"/","1194":">","1195":"\\","1196":"n","1197":" ","1198":" ","1199":" ","1200":" ","1201":"<","1202":"/","1203":"o","1204":"l","1205":">","1206":"\\","1207":"n","1208":" ","1209":" ","1210":" ","1211":" ","1212":"<","1213":"d","1214":"i","1215":"v","1216":" ","1217":"c","1218":"l","1219":"a","1220":"s","1221":"s","1222":"=","1223":"\\","1224":"\"","1225":"m","1226":"t","1227":"-","1228":"8","1229":" ","1230":"m","1231":"x","1232":"-","1233":"a","1234":"u","1235":"t","1236":"o","1237":"\\","1238":"\"","1239":">","1240":"\\","1241":"n","1242":" ","1243":" ","1244":" ","1245":" ","1246":" ","1247":" ","1248":"<","1249":"d","1250":"i","1251":"v","1252":" ","1253":"c","1254":"l","1255":"a","1256":"s","1257":"s","1258":"=","1259":"\\","1260":"\"","1261":"f","1262":"l","1263":"e","1264":"x","1265":" ","1266":"f","1267":"l","1268":"e","1269":"x","1270":"-","1271":"r","1272":"o","1273":"w","1274":" ","1275":"f","1276":"l","1277":"e","1278":"x","1279":"-","1280":"n","1281":"o","1282":"w","1283":"r","1284":"a","1285":"p","1286":"\\","1287":"\"","1288":">","1289":"\\","1290":"n","1291":" ","1292":" ","1293":" ","1294":" ","1295":" ","1296":" ","1297":" ","1298":" ","1299":"<","1300":"p","1301":" ","1302":"c","1303":"l","1304":"a","1305":"s","1306":"s","1307":"=","1308":"\\","1309":"\"","1310":"t","1311":"e","1312":"x","1313":"t","1314":"-","1315":"s","1316":"m","1317":" ","1318":"f","1319":"l","1320":"e","1321":"x","1322":"-","1323":"g","1324":"r","1325":"o","1326":"w","1327":"\\","1328":"\"","1329":">","1330":"P","1331":"a","1332":"g","1333":"e","1334":" ","1335":"{","1336":"{","1337":" ","1338":"c","1339":"u","1340":"r","1341":"r","1342":"e","1343":"n","1344":"t","1345":"P","1346":"a","1347":"g","1348":"e","1349":" ","1350":"}","1351":"}","1352":"<","1353":"/","1354":"p","1355":">","1356":"\\","1357":"n","1358":" ","1359":" ","1360":" ","1361":" ","1362":" ","1363":" ","1364":" ","1365":" ","1366":"<","1367":"r","1368":"o","1369":"u","1370":"t","1371":"e","1372":"r","1373":"-","1374":"l","1375":"i","1376":"n","1377":"k","1378":"\\","1379":"n","1380":" ","1381":" ","1382":" ","1383":" ","1384":" ","1385":" ","1386":" ","1387":" ","1388":" ","1389":" ","1390":"v","1391":"-","1392":"i","1393":"f","1394":"=","1395":"\\","1396":"\"","1397":"p","1398":"r","1399":"e","1400":"v","1401":"i","1402":"o","1403":"u","1404":"s","1405":"P","1406":"a","1407":"g","1408":"e","1409":"\\","1410":"\"","1411":"\\","1412":"n","1413":" ","1414":" ","1415":" ","1416":" ","1417":" ","1418":" ","1419":" ","1420":" ","1421":" ","1422":" ","1423":":","1424":"t","1425":"o","1426":"=","1427":"\\","1428":"\"","1429":"{","1430":" ","1431":"n","1432":"a","1433":"m","1434":"e","1435":":","1436":" ","1437":"'","1438":"J","1439":"o","1440":"b","1441":"R","1442":"e","1443":"s","1444":"u","1445":"l","1446":"t","1447":"s","1448":"'","1449":",","1450":" ","1451":"q","1452":"u","1453":"e","1454":"r","1455":"y","1456":":","1457":" ","1458":"{","1459":" ","1460":"p","1461":"a","1462":"g","1463":"e","1464":":","1465":" ","1466":"p","1467":"r","1468":"e","1469":"v","1470":"i","1471":"o","1472":"u","1473":"s","1474":"P","1475":"a","1476":"g","1477":"e","1478":" ","1479":"}","1480":" ","1481":"}","1482":"\\","1483":"\"","1484":"\\","1485":"n","1486":" ","1487":" ","1488":" ","1489":" ","1490":" ","1491":" ","1492":" ","1493":" ","1494":" ","1495":" ","1496":"c","1497":"l","1498":"a","1499":"s","1500":"s","1501":"=","1502":"\\","1503":"\"","1504":"m","1505":"x","1506":"-","1507":"3","1508":" ","1509":"t","1510":"e","1511":"x","1512":"t","1513":"-","1514":"s","1515":"m","1516":" ","1517":"f","1518":"o","1519":"n","1520":"t","1521":"-","1522":"s","1523":"e","1524":"m","1525":"i","1526":"b","1527":"o","1528":"l","1529":"d","1530":" ","1531":"t","1532":"e","1533":"x","1534":"t","1535":"-","1536":"b","1537":"r","1538":"a","1539":"n","1540":"d","1541":"-","1542":"b","1543":"l","1544":"u","1545":"e","1546":"-","1547":"1","1548":"\\","1549":"\"","1550":"\\","1551":"n","1552":" ","1553":" ","1554":" ","1555":" ","1556":" ","1557":" ","1558":" ","1559":" ","1560":" ","1561":" ","1562":"d","1563":"a","1564":"t","1565":"a","1566":"-","1567":"t","1568":"e","1569":"s","1570":"t","1571":"=","1572":"\\","1573":"\"","1574":"p","1575":"r","1576":"e","1577":"v","1578":"i","1579":"o","1580":"u","1581":"s","1582":"-","1583":"p","1584":"a","1585":"g","1586":"e","1587":"-","1588":"l","1589":"i","1590":"n","1591":"k","1592":"\\","1593":"\"","1594":"\\","1595":"n","1596":" ","1597":" ","1598":" ","1599":" ","1600":" ","1601":" ","1602":" ","1603":" ","1604":" ","1605":" ","1606":">","1607":"P","1608":"r","1609":"e","1610":"v","1611":"i","1612":"o","1613":"u","1614":"s","1615":"<","1616":"/","1617":"r","1618":"o","1619":"u","1620":"t","1621":"e","1622":"r","1623":"-","1624":"l","1625":"i","1626":"n","1627":"k","1628":"\\","1629":"n","1630":" ","1631":" ","1632":" ","1633":" ","1634":" ","1635":" ","1636":" ","1637":" ","1638":">","1639":"\\","1640":"n","1641":" ","1642":" ","1643":" ","1644":" ","1645":" ","1646":" ","1647":" ","1648":" ","1649":"<","1650":"r","1651":"o","1652":"u","1653":"t","1654":"e","1655":"r","1656":"-","1657":"l","1658":"i","1659":"n","1660":"k","1661":"\\","1662":"n","1663":" ","1664":" ","1665":" ","1666":" ","1667":" ","1668":" ","1669":" ","1670":" ","1671":" ","1672":" ","1673":"v","1674":"-","1675":"i","1676":"f","1677":"=","1678":"\\","1679":"\"","1680":"n","1681":"e","1682":"x","1683":"t","1684":"P","1685":"a","1686":"g","1687":"e","1688":"\\","1689":"\"","1690":"\\","1691":"n","1692":" ","1693":" ","1694":" ","1695":" ","1696":" ","1697":" ","1698":" ","1699":" ","1700":" ","1701":" ","1702":":","1703":"t","1704":"o","1705":"=","1706":"\\","1707":"\"","1708":"{","1709":" ","1710":"n","1711":"a","1712":"m","1713":"e","1714":":","1715":" ","1716":"'","1717":"J","1718":"o","1719":"b","1720":"R","1721":"e","1722":"s","1723":"u","1724":"l","1725":"t","1726":"s","1727":"'","1728":",","1729":" ","1730":"q","1731":"u","1732":"e","1733":"r","1734":"y","1735":":","1736":" ","1737":"{","1738":" ","1739":"p","1740":"a","1741":"g","1742":"e","1743":":","1744":" ","1745":"n","1746":"e","1747":"x","1748":"t","1749":"P","1750":"a","1751":"g","1752":"e","1753":" ","1754":"}","1755":" ","1756":"}","1757":"\\","1758":"\"","1759":"\\","1760":"n","1761":" ","1762":" ","1763":" ","1764":" ","1765":" ","1766":" ","1767":" ","1768":" ","1769":" ","1770":" ","1771":"c","1772":"l","1773":"a","1774":"s","1775":"s","1776":"=","1777":"\\","1778":"\"","1779":"m","1780":"x","1781":"-","1782":"3","1783":" ","1784":"t","1785":"e","1786":"x","1787":"t","1788":"-","1789":"s","1790":"m","1791":" ","1792":"f","1793":"o","1794":"n","1795":"t","1796":"-","1797":"s","1798":"e","1799":"m","1800":"i","1801":"b","1802":"o","1803":"l","1804":"d","1805":" ","1806":"t","1807":"e","1808":"x","1809":"t","1810":"-","1811":"b","1812":"r","1813":"a","1814":"n","1815":"d","1816":"-","1817":"b","1818":"l","1819":"u","1820":"e","1821":"-","1822":"1","1823":"\\","1824":"\"","1825":"\\","1826":"n","1827":" ","1828":" ","1829":" ","1830":" ","1831":" ","1832":" ","1833":" ","1834":" ","1835":" ","1836":" ","1837":"d","1838":"a","1839":"t","1840":"a","1841":"-","1842":"t","1843":"e","1844":"s","1845":"t","1846":"=","1847":"\\","1848":"\"","1849":"n","1850":"e","1851":"x","1852":"t","1853":"-","1854":"p","1855":"a","1856":"g","1857":"e","1858":"-","1859":"l","1860":"i","1861":"n","1862":"k","1863":"\\","1864":"\"","1865":"\\","1866":"n","1867":" ","1868":" ","1869":" ","1870":" ","1871":" ","1872":" ","1873":" ","1874":" ","1875":" ","1876":" ","1877":">","1878":"N","1879":"e","1880":"x","1881":"t","1882":"<","1883":"/","1884":"r","1885":"o","1886":"u","1887":"t","1888":"e","1889":"r","1890":"-","1891":"l","1892":"i","1893":"n","1894":"k","1895":"\\","1896":"n","1897":" ","1898":" ","1899":" ","1900":" ","1901":" ","1902":" ","1903":" ","1904":" ","1905":">","1906":"\\","1907":"n","1908":" ","1909":" ","1910":" ","1911":" ","1912":" ","1913":" ","1914":"<","1915":"/","1916":"d","1917":"i","1918":"v","1919":">","1920":"\\","1921":"n","1922":" ","1923":" ","1924":" ","1925":" ","1926":"<","1927":"/","1928":"d","1929":"i","1930":"v","1931":">","1932":"\\","1933":"n","1934":" ","1935":" ","1936":"<","1937":"/","1938":"m","1939":"a","1940":"i","1941":"n","1942":">","1943":"\\","1944":"n","1945":"<","1946":"/","1947":"t","1948":"e","1949":"m","1950":"p","1951":"l","1952":"a","1953":"t","1954":"e","1955":">","1956":"\\","1957":"n","1958":"\\","1959":"n","1960":"<","1961":"s","1962":"c","1963":"r","1964":"i","1965":"p","1966":"t","1967":" ","1968":"l","1969":"a","1970":"n","1971":"g","1972":"=","1973":"\\","1974":"\"","1975":"t","1976":"s","1977":"\\","1978":"\"","1979":">","1980":"\\","1981":"n","1982":"i","1983":"m","1984":"p","1985":"o","1986":"r","1987":"t","1988":" ","1989":"{","1990":" ","1991":"c","1992":"o","1993":"m","1994":"p","1995":"u","1996":"t","1997":"e","1998":"d","1999":",","2000":" ","2001":"d","2002":"e","2003":"f","2004":"i","2005":"n","2006":"e","2007":"C","2008":"o","2009":"m","2010":"p","2011":"o","2012":"n","2013":"e","2014":"n","2015":"t","2016":",","2017":" ","2018":"o","2019":"n","2020":"M","2021":"o","2022":"u","2023":"n","2024":"t","2025":"e","2026":"d","2027":" ","2028":"}","2029":" ","2030":"f","2031":"r","2032":"o","2033":"m","2034":" ","2035":"\\","2036":"\"","2037":"v","2038":"u","2039":"e","2040":"\\","2041":"\"","2042":";","2043":"\\","2044":"n","2045":"i","2046":"m","2047":"p","2048":"o","2049":"r","2050":"t","2051":" ","2052":"J","2053":"o","2054":"b","2055":"L","2056":"i","2057":"s","2058":"t","2059":"i","2060":"n","2061":"g","2062":" ","2063":"f","2064":"r","2065":"o","2066":"m","2067":" ","2068":"\\","2069":"\"","2070":"@","2071":"/","2072":"c","2073":"o","2074":"m","2075":"p","2076":"o","2077":"n","2078":"e","2079":"n","2080":"t","2081":"s","2082":"/","2083":"J","2084":"o","2085":"b","2086":"R","2087":"e","2088":"s","2089":"u","2090":"l","2091":"t","2092":"s","2093":"/","2094":"J","2095":"o","2096":"b","2097":"L","2098":"i","2099":"s","2100":"t","2101":"i","2102":"n","2103":"g","2104":".","2105":"v","2106":"u","2107":"e","2108":"\\","2109":"\"","2110":";","2111":"\\","2112":"n","2113":"i","2114":"m","2115":"p","2116":"o","2117":"r","2118":"t","2119":" ","2120":"{","2121":"\\","2122":"n","2123":" ","2124":" ","2125":"u","2126":"s","2127":"e","2128":"F","2129":"i","2130":"l","2131":"t","2132":"e","2133":"r","2134":"e","2135":"d","2136":"J","2137":"o","2138":"b","2139":"s","2140":",","2141":"\\","2142":"n","2143":" ","2144":" ","2145":"u","2146":"s","2147":"e","2148":"F","2149":"e","2150":"t","2151":"c","2152":"h","2153":"J","2154":"o","2155":"b","2156":"s","2157":"D","2158":"i","2159":"s","2160":"p","2161":"a","2162":"t","2163":"c","2164":"h","2165":",","2166":"\\","2167":"n","2168":" ","2169":" ","2170":"u","2171":"s","2172":"e","2173":"F","2174":"e","2175":"t","2176":"c","2177":"h","2178":"D","2179":"e","2180":"g","2181":"r","2182":"e","2183":"e","2184":"s","2185":"D","2186":"i","2187":"s","2188":"p","2189":"a","2190":"t","2191":"c","2192":"h","2193":",","2194":"\\","2195":"n","2196":"}","2197":" ","2198":"f","2199":"r","2200":"o","2201":"m","2202":" ","2203":"\\","2204":"\"","2205":"@","2206":"/","2207":"s","2208":"t","2209":"o","2210":"r","2211":"e","2212":"/","2213":"c","2214":"o","2215":"m","2216":"p","2217":"o","2218":"s","2219":"a","2220":"b","2221":"l","2222":"e","2223":"s","2224":"\\","2225":"\"","2226":";","2227":"\\","2228":"n","2229":"i","2230":"m","2231":"p","2232":"o","2233":"r","2234":"t","2235":" ","2236":"u","2237":"s","2238":"e","2239":"C","2240":"u","2241":"r","2242":"r","2243":"e","2244":"n","2245":"t","2246":"P","2247":"a","2248":"g","2249":"e","2250":" ","2251":"f","2252":"r","2253":"o","2254":"m","2255":" ","2256":"\\","2257":"\"","2258":"@","2259":"/","2260":"c","2261":"o","2262":"m","2263":"p","2264":"o","2265":"s","2266":"a","2267":"b","2268":"l","2269":"e","2270":"s","2271":"/","2272":"u","2273":"s","2274":"e","2275":"C","2276":"u","2277":"r","2278":"r","2279":"e","2280":"n","2281":"t","2282":"P","2283":"a","2284":"g","2285":"e","2286":"\\","2287":"\"","2288":";","2289":"\\","2290":"n","2291":"i","2292":"m","2293":"p","2294":"o","2295":"r","2296":"t","2297":" ","2298":"u","2299":"s","2300":"e","2301":"P","2302":"r","2303":"e","2304":"v","2305":"i","2306":"o","2307":"u","2308":"s","2309":"A","2310":"n","2311":"d","2312":"N","2313":"e","2314":"x","2315":"t","2316":"P","2317":"a","2318":"g","2319":"e","2320":"s","2321":" ","2322":"f","2323":"r","2324":"o","2325":"m","2326":" ","2327":"\\","2328":"\"","2329":"@","2330":"/","2331":"c","2332":"o","2333":"m","2334":"p","2335":"o","2336":"s","2337":"a","2338":"b","2339":"l","2340":"e","2341":"s","2342":"/","2343":"u","2344":"s","2345":"e","2346":"P","2347":"r","2348":"e","2349":"v","2350":"i","2351":"o","2352":"u","2353":"s","2354":"A","2355":"n","2356":"d","2357":"N","2358":"e","2359":"x","2360":"t","2361":"P","2362":"a","2363":"g","2364":"e","2365":"s","2366":"\\","2367":"\"","2368":";","2369":"\\","2370":"n","2371":"\\","2372":"n","2373":"e","2374":"x","2375":"p","2376":"o","2377":"r","2378":"t","2379":" ","2380":"d","2381":"e","2382":"f","2383":"a","2384":"u","2385":"l","2386":"t","2387":" ","2388":"d","2389":"e","2390":"f","2391":"i","2392":"n","2393":"e","2394":"C","2395":"o","2396":"m","2397":"p","2398":"o","2399":"n","2400":"e","2401":"n","2402":"t","2403":"(","2404":"{","2405":"\\","2406":"n","2407":" ","2408":" ","2409":"n","2410":"a","2411":"m","2412":"e","2413":":","2414":" ","2415":"\\","2416":"\"","2417":"J","2418":"o","2419":"b","2420":"L","2421":"i","2422":"s","2423":"t","2424":"i","2425":"n","2426":"g","2427":"s","2428":"\\","2429":"\"","2430":",","2431":"\\","2432":"n","2433":" ","2434":" ","2435":"c","2436":"o","2437":"m","2438":"p","2439":"o","2440":"n","2441":"e","2442":"n","2443":"t","2444":"s","2445":":","2446":" ","2447":"{","2448":" ","2449":"J","2450":"o","2451":"b","2452":"L","2453":"i","2454":"s","2455":"t","2456":"i","2457":"n","2458":"g","2459":" ","2460":"}","2461":",","2462":"\\","2463":"n","2464":" ","2465":" ","2466":"s","2467":"e","2468":"t","2469":"u","2470":"p","2471":"(","2472":")","2473":" ","2474":"{","2475":"\\","2476":"n","2477":" ","2478":" ","2479":" ","2480":" ","2481":"o","2482":"n","2483":"M","2484":"o","2485":"u","2486":"n","2487":"t","2488":"e","2489":"d","2490":"(","2491":"(","2492":")","2493":" ","2494":"=","2495":">","2496":" ","2497":"{","2498":"\\","2499":"n","2500":" ","2501":" ","2502":" ","2503":" ","2504":" ","2505":" ","2506":"u","2507":"s","2508":"e","2509":"F","2510":"e","2511":"t","2512":"c","2513":"h","2514":"J","2515":"o","2516":"b","2517":"s","2518":"D","2519":"i","2520":"s","2521":"p","2522":"a","2523":"t","2524":"c","2525":"h","2526":"(","2527":")","2528":";","2529":"\\","2530":"n","2531":" ","2532":" ","2533":" ","2534":" ","2535":" ","2536":" ","2537":"u","2538":"s","2539":"e","2540":"F","2541":"e","2542":"t","2543":"c","2544":"h","2545":"D","2546":"e","2547":"g","2548":"r","2549":"e","2550":"e","2551":"s","2552":"D","2553":"i","2554":"s","2555":"p","2556":"a","2557":"t","2558":"c","2559":"h","2560":"(","2561":")","2562":";","2563":"\\","2564":"n","2565":" ","2566":" ","2567":" ","2568":" ","2569":"}","2570":")","2571":";","2572":"\\","2573":"n","2574":"\\","2575":"n","2576":" ","2577":" ","2578":" ","2579":" ","2580":"c","2581":"o","2582":"n","2583":"s","2584":"t","2585":" ","2586":"f","2587":"i","2588":"l","2589":"t","2590":"e","2591":"r","2592":"e","2593":"d","2594":"J","2595":"o","2596":"b","2597":"s","2598":" ","2599":"=","2600":" ","2601":"u","2602":"s","2603":"e","2604":"F","2605":"i","2606":"l","2607":"t","2608":"e","2609":"r","2610":"e","2611":"d","2612":"J","2613":"o","2614":"b","2615":"s","2616":"(","2617":")","2618":";","2619":"\\","2620":"n","2621":" ","2622":" ","2623":" ","2624":" ","2625":"c","2626":"o","2627":"n","2628":"s","2629":"t","2630":" ","2631":"c","2632":"u","2633":"r","2634":"r","2635":"e","2636":"n","2637":"t","2638":"P","2639":"a","2640":"g","2641":"e","2642":" ","2643":"=","2644":" ","2645":"u","2646":"s","2647":"e","2648":"C","2649":"u","2650":"r","2651":"r","2652":"e","2653":"n","2654":"t","2655":"P","2656":"a","2657":"g","2658":"e","2659":"(","2660":")","2661":";","2662":"\\","2663":"n","2664":"\\","2665":"n","2666":" ","2667":" ","2668":" ","2669":" ","2670":"c","2671":"o","2672":"n","2673":"s","2674":"t","2675":" ","2676":"m","2677":"a","2678":"x","2679":"P","2680":"a","2681":"g","2682":"e","2683":" ","2684":"=","2685":" ","2686":"c","2687":"o","2688":"m","2689":"p","2690":"u","2691":"t","2692":"e","2693":"d","2694":"(","2695":"(","2696":")","2697":" ","2698":"=","2699":">","2700":" ","2701":"M","2702":"a","2703":"t","2704":"h","2705":".","2706":"c","2707":"e","2708":"i","2709":"l","2710":"(","2711":"f","2712":"i","2713":"l","2714":"t","2715":"e","2716":"r","2717":"e","2718":"d","2719":"J","2720":"o","2721":"b","2722":"s","2723":".","2724":"v","2725":"a","2726":"l","2727":"u","2728":"e","2729":".","2730":"l","2731":"e","2732":"n","2733":"g","2734":"t","2735":"h","2736":" ","2737":"/","2738":" ","2739":"1","2740":"0","2741":".","2742":"0","2743":")","2744":")","2745":";","2746":"\\","2747":"n","2748":"\\","2749":"n","2750":" ","2751":" ","2752":" ","2753":" ","2754":"c","2755":"o","2756":"n","2757":"s","2758":"t","2759":" ","2760":"{","2761":" ","2762":"p","2763":"r","2764":"e","2765":"v","2766":"i","2767":"o","2768":"u","2769":"s","2770":"P","2771":"a","2772":"g","2773":"e","2774":",","2775":" ","2776":"n","2777":"e","2778":"x","2779":"t","2780":"P","2781":"a","2782":"g","2783":"e","2784":" ","2785":"}","2786":" ","2787":"=","2788":" ","2789":"u","2790":"s","2791":"e","2792":"P","2793":"r","2794":"e","2795":"v","2796":"i","2797":"o","2798":"u","2799":"s","2800":"A","2801":"n","2802":"d","2803":"N","2804":"e","2805":"x","2806":"t","2807":"P","2808":"a","2809":"g","2810":"e","2811":"s","2812":"(","2813":"\\","2814":"n","2815":" ","2816":" ","2817":" ","2818":" ","2819":" ","2820":" ","2821":"c","2822":"u","2823":"r","2824":"r","2825":"e","2826":"n","2827":"t","2828":"P","2829":"a","2830":"g","2831":"e","2832":",","2833":"\\","2834":"n","2835":" ","2836":" ","2837":" ","2838":" ","2839":" ","2840":" ","2841":"m","2842":"a","2843":"x","2844":"P","2845":"a","2846":"g","2847":"e","2848":"\\","2849":"n","2850":" ","2851":" ","2852":" ","2853":" ","2854":")","2855":";","2856":"\\","2857":"n","2858":"\\","2859":"n","2860":" ","2861":" ","2862":" ","2863":" ","2864":"c","2865":"o","2866":"n","2867":"s","2868":"t","2869":" ","2870":"d","2871":"i","2872":"s","2873":"p","2874":"l","2875":"a","2876":"y","2877":"e","2878":"d","2879":"J","2880":"o","2881":"b","2882":"s","2883":" ","2884":"=","2885":" ","2886":"c","2887":"o","2888":"m","2889":"p","2890":"u","2891":"t","2892":"e","2893":"d","2894":"(","2895":"(","2896":")","2897":" ","2898":"=","2899":">","2900":" ","2901":"{","2902":"\\","2903":"n","2904":" ","2905":" ","2906":" ","2907":" ","2908":" ","2909":" ","2910":"c","2911":"o","2912":"n","2913":"s","2914":"t","2915":" ","2916":"b","2917":"e","2918":"g","2919":"i","2920":"n","2921":" ","2922":"=","2923":" ","2924":"(","2925":"c","2926":"u","2927":"r","2928":"r","2929":"e","2930":"n","2931":"t","2932":"P","2933":"a","2934":"g","2935":"e","2936":".","2937":"v","2938":"a","2939":"l","2940":"u","2941":"e","2942":" ","2943":"-","2944":" ","2945":"1","2946":")","2947":" ","2948":"*","2949":" ","2950":"1","2951":"0","2952":";","2953":"\\","2954":"n","2955":" ","2956":" ","2957":" ","2958":" ","2959":" ","2960":" ","2961":"c","2962":"o","2963":"n","2964":"s","2965":"t","2966":" ","2967":"e","2968":"n","2969":"d","2970":" ","2971":"=","2972":" ","2973":"c","2974":"u","2975":"r","2976":"r","2977":"e","2978":"n","2979":"t","2980":"P","2981":"a","2982":"g","2983":"e","2984":".","2985":"v","2986":"a","2987":"l","2988":"u","2989":"e","2990":" ","2991":"*","2992":" ","2993":"1","2994":"0","2995":";","2996":"\\","2997":"n","2998":" ","2999":" ","3000":" ","3001":" ","3002":" ","3003":" ","3004":"r","3005":"e","3006":"t","3007":"u","3008":"r","3009":"n","3010":" ","3011":"f","3012":"i","3013":"l","3014":"t","3015":"e","3016":"r","3017":"e","3018":"d","3019":"J","3020":"o","3021":"b","3022":"s","3023":".","3024":"v","3025":"a","3026":"l","3027":"u","3028":"e","3029":".","3030":"s","3031":"l","3032":"i","3033":"c","3034":"e","3035":"(","3036":"b","3037":"e","3038":"g","3039":"i","3040":"n","3041":",","3042":" ","3043":"e","3044":"n","3045":"d","3046":")","3047":";","3048":"\\","3049":"n","3050":" ","3051":" ","3052":" ","3053":" ","3054":"}","3055":")","3056":";","3057":"\\","3058":"n","3059":"\\","3060":"n","3061":" ","3062":" ","3063":" ","3064":" ","3065":"r","3066":"e","3067":"t","3068":"u","3069":"r","3070":"n","3071":" ","3072":"{","3073":" ","3074":"f","3075":"i","3076":"l","3077":"t","3078":"e","3079":"r","3080":"e","3081":"d","3082":"J","3083":"o","3084":"b","3085":"s","3086":",","3087":" ","3088":"c","3089":"u","3090":"r","3091":"r","3092":"e","3093":"n","3094":"t","3095":"P","3096":"a","3097":"g","3098":"e","3099":",","3100":" ","3101":"p","3102":"r","3103":"e","3104":"v","3105":"i","3106":"o","3107":"u","3108":"s","3109":"P","3110":"a","3111":"g","3112":"e","3113":",","3114":" ","3115":"n","3116":"e","3117":"x","3118":"t","3119":"P","3120":"a","3121":"g","3122":"e","3123":",","3124":" ","3125":"d","3126":"i","3127":"s","3128":"p","3129":"l","3130":"a","3131":"y","3132":"e","3133":"d","3134":"J","3135":"o","3136":"b","3137":"s","3138":" ","3139":"}","3140":";","3141":"\\","3142":"n","3143":" ","3144":" ","3145":"}","3146":",","3147":"\\","3148":"n","3149":"}","3150":")","3151":";","3152":"\\","3153":"n","3154":"<","3155":"/","3156":"s","3157":"c","3158":"r","3159":"i","3160":"p","3161":"t","3162":">","3163":"\\","3164":"n","3165":"\\","3166":"n","3167":"<","3168":"s","3169":"t","3170":"y","3171":"l","3172":"e","3173":" ","3174":"s","3175":"c","3176":"o","3177":"p","3178":"e","3179":"d","3180":">","3181":"<","3182":"/","3183":"s","3184":"t","3185":"y","3186":"l","3187":"e","3188":">","3189":"\\","3190":"n","3191":"\"","3192":"]","3193":"}"},"_coverageSchema":"1a1c01bbd47fc00a2c39e90264f33305004495a9","hash":"7910ec8d465af36bbba8e2790bb7791bfab7f2a2"}
,"D:\\Projects\\Vue\\job-search\\src\\components\\JobResults\\JobFiltersSideBar\\JobFiltersSideBar.vue": {"path":"D:\\Projects\\Vue\\job-search\\src\\components\\JobResults\\JobFiltersSideBar\\JobFiltersSideBar.vue","statementMap":{"0":{"start":{"line":3,"column":22},"end":{"line":7,"column":1}},"1":{"start":{"line":4,"column":2},"end":{"line":6,"column":4}},"2":{"start":{"line":8,"column":0},"end":{"line":10,"column":3}},"3":{"start":{"line":11,"column":12},"end":{"line":11,"column":26}},"4":{"start":{"line":12,"column":25},"end":{"line":12,"column":89}},"5":{"start":{"line":13,"column":43},"end":{"line":13,"column":147}},"6":{"start":{"line":14,"column":20},"end":{"line":14,"column":50}},"7":{"start":{"line":15,"column":18},"end":{"line":15,"column":46}},"8":{"start":{"line":16,"column":0},"end":{"line":35,"column":3}},"9":{"start":{"line":23,"column":19},"end":{"line":23,"column":51}},"10":{"start":{"line":24,"column":24},"end":{"line":24,"column":61}},"11":{"start":{"line":25,"column":18},"end":{"line":25,"column":49}},"12":{"start":{"line":26,"column":4},"end":{"line":33,"column":6}},"13":{"start":{"line":36,"column":0},"end":{"line":36,"column":13}},"14":{"start":{"line":37,"column":0},"end":{"line":37,"column":62}},"15":{"start":{"line":38,"column":0},"end":{"line":38,"column":24}},"16":{"start":{"line":39,"column":12},"end":{"line":39,"column":26}},"17":{"start":{"line":40,"column":17},"end":{"line":40,"column":103}},"18":{"start":{"line":41,"column":17},"end":{"line":41,"column":34}},"19":{"start":{"line":42,"column":17},"end":{"line":42,"column":59}},"20":{"start":{"line":43,"column":31},"end":{"line":43,"column":154}},"21":{"start":{"line":44,"column":17},"end":{"line":44,"column":55}},"22":{"start":{"line":46,"column":35},"end":{"line":46,"column":79}},"23":{"start":{"line":47,"column":57},"end":{"line":47,"column":123}},"24":{"start":{"line":48,"column":4},"end":{"line":78,"column":8}},"25":{"start":{"line":80,"column":0},"end":{"line":80,"column":24}},"26":{"start":{"line":81,"column":1},"end":{"line":81,"column":48}}},"fnMap":{"0":{"name":"(anonymous_0)","decl":{"start":{"line":3,"column":54},"end":{"line":3,"column":55}},"loc":{"start":{"line":3,"column":69},"end":{"line":7,"column":1}},"line":3},"1":{"name":"(anonymous_1)","decl":{"start":{"line":22,"column":9},"end":{"line":22,"column":10}},"loc":{"start":{"line":22,"column":21},"end":{"line":34,"column":3}},"line":22},"2":{"name":"render","decl":{"start":{"line":45,"column":9},"end":{"line":45,"column":15}},"loc":{"start":{"line":45,"column":30},"end":{"line":79,"column":1}},"line":45}},"branchMap":{"0":{"loc":{"start":{"line":3,"column":22},"end":{"line":7,"column":1}},"type":"binary-expr","locations":[{"start":{"line":3,"column":22},"end":{"line":3,"column":26}},{"start":{"line":3,"column":30},"end":{"line":3,"column":50}},{"start":{"line":3,"column":54},"end":{"line":7,"column":1}}],"line":3},"1":{"loc":{"start":{"line":4,"column":9},"end":{"line":6,"column":3}},"type":"cond-expr","locations":[{"start":{"line":4,"column":33},"end":{"line":4,"column":36}},{"start":{"line":4,"column":39},"end":{"line":6,"column":3}}],"line":4},"2":{"loc":{"start":{"line":4,"column":9},"end":{"line":4,"column":30}},"type":"binary-expr","locations":[{"start":{"line":4,"column":9},"end":{"line":4,"column":12}},{"start":{"line":4,"column":16},"end":{"line":4,"column":30}}],"line":4}},"s":{"0":1,"1":2,"2":1,"3":1,"4":1,"5":1,"6":1,"7":1,"8":1,"9":3,"10":3,"11":3,"12":3,"13":1,"14":1,"15":1,"16":1,"17":1,"18":1,"19":1,"20":1,"21":1,"22":3,"23":3,"24":3,"25":1,"26":1},"f":{"0":2,"1":3,"2":3},"b":{"0":[1,1,1],"1":[2,0],"2":[2,2]},"inputSourceMap":{"0":"{","1":"\"","2":"v","3":"e","4":"r","5":"s","6":"i","7":"o","8":"n","9":"\"","10":":","11":"3","12":",","13":"\"","14":"s","15":"o","16":"u","17":"r","18":"c","19":"e","20":"s","21":"\"","22":":","23":"[","24":"\"","25":"D","26":":","27":"\\","28":"\\","29":"P","30":"r","31":"o","32":"j","33":"e","34":"c","35":"t","36":"s","37":"\\","38":"\\","39":"V","40":"u","41":"e","42":"\\","43":"\\","44":"j","45":"o","46":"b","47":"-","48":"s","49":"e","50":"a","51":"r","52":"c","53":"h","54":"\\","55":"\\","56":"s","57":"r","58":"c","59":"\\","60":"\\","61":"c","62":"o","63":"m","64":"p","65":"o","66":"n","67":"e","68":"n","69":"t","70":"s","71":"\\","72":"\\","73":"J","74":"o","75":"b","76":"R","77":"e","78":"s","79":"u","80":"l","81":"t","82":"s","83":"\\","84":"\\","85":"J","86":"o","87":"b","88":"F","89":"i","90":"l","91":"t","92":"e","93":"r","94":"s","95":"S","96":"i","97":"d","98":"e","99":"B","100":"a","101":"r","102":"\\","103":"\\","104":"J","105":"o","106":"b","107":"F","108":"i","109":"l","110":"t","111":"e","112":"r","113":"s","114":"S","115":"i","116":"d","117":"e","118":"B","119":"a","120":"r","121":".","122":"v","123":"u","124":"e","125":"\"","126":"]","127":",","128":"\"","129":"n","130":"a","131":"m","132":"e","133":"s","134":"\"","135":":","136":"[","137":"]","138":",","139":"\"","140":"m","141":"a","142":"p","143":"p","144":"i","145":"n","146":"g","147":"s","148":"\"","149":":","150":"\"","151":";","152":";","153":";","154":";","155":";","156":";","157":";","158":";","159":";","160":";","161":"A","162":"A","163":"q","164":"C","165":"A","166":";","167":"A","168":"A","169":"C","170":"A","171":";","172":"A","173":"A","174":"C","175":"A","176":";","177":"A","178":"A","179":"C","180":"A","181":";","182":"A","183":"A","184":"C","185":"A","186":";","187":"A","188":"A","189":"M","190":"A","191":",","192":"k","193":"B","194":"A","195":"A","196":"e","197":",","198":"y","199":"B","200":"A","201":"A","202":"e","203":",","204":"E","205":"A","206":"A","207":"C","208":";","209":"E","210":"A","211":"C","212":"7","213":"B","214":",","215":"I","216":"A","217":"A","218":"I","219":",","220":"E","221":"A","222":"A","223":"E","224":",","225":"m","226":"B","227":"A","228":"A","229":"m","230":"B","231":";","232":"E","233":"A","234":"C","235":"z","236":"B","237":",","238":"U","239":"A","240":"A","241":"U","242":",","243":"E","244":"A","245":"A","246":"E","247":";","248":"I","249":"A","250":"C","251":"V","252":",","253":"8","254":"B","255":"A","256":"A","257":"8","258":"B","259":";","260":"I","261":"A","262":"C","263":"9","264":"B","265":",","266":"Y","267":"A","268":"A","269":"Y","270":";","271":"G","272":"A","273":"C","274":"b","275":";","276":"E","277":"A","278":"C","279":"D","280":",","281":"K","282":"A","283":"A","284":"K","285":";","286":"I","287":"A","288":"C","289":"H","290":",","291":"I","292":"A","293":"A","294":"M","295":",","296":"Q","297":"A","298":"A","299":"Q","300":",","301":"G","302":"A","303":"A","304":"G","305":",","306":"6","307":"B","308":"A","309":"A","310":"W","311":",","312":"G","313":"A","314":"A","315":"E","316":";","317":"I","318":"A","319":"C","320":"9","321":"B","322":",","323":"I","324":"A","325":"A","326":"M","327":",","328":"a","329":"A","330":"A","331":"a","332":",","333":"G","334":"A","335":"A","336":"G","337":",","338":"k","339":"C","340":"A","341":"A","342":"g","343":"B","344":",","345":"G","346":"A","347":"A","348":"E","349":";","350":"I","351":"A","352":"C","353":"x","354":"C","355":",","356":"I","357":"A","358":"A","359":"M","360":",","361":"O","362":"A","363":"A","364":"O","365":",","366":"G","367":"A","368":"A","369":"G","370":",","371":"4","372":"B","373":"A","374":"A","375":"U","376":",","377":"G","378":"A","379":"A","380":"E","381":";","382":"I","383":"A","384":"E","385":"5","386":"B","387":",","388":"O","389":"A","390":"A","391":"O","392":";","393":"M","394":"A","395":"C","396":"L","397":",","398":"Q","399":"A","400":"A","401":"Q","402":";","403":"M","404":"A","405":"C","406":"R","407":",","408":"a","409":"A","410":"A","411":"a","412":";","413":"M","414":"A","415":"C","416":"b","417":",","418":"O","419":"A","420":"A","421":"O","422":";","423":"M","424":"A","425":"C","426":"P","427":",","428":"s","429":"B","430":"A","431":"A","432":"s","433":"B","434":";","435":"M","436":"A","437":"C","438":"t","439":"B","440":",","441":"0","442":"B","443":"A","444":"A","445":"0","446":"B","447":";","448":"M","449":"A","450":"C","451":"1","452":"B","453":",","454":"o","455":"B","456":"A","457":"A","458":"o","459":"B","460":";","461":"K","462":"A","463":"C","464":"r","465":"B","466":";","467":"E","468":"A","469":"C","470":"H","471":";","472":"C","473":"A","474":"C","475":"D","476":",","477":"C","478":"A","479":"A","480":"C","481":"\"","482":",","483":"\"","484":"f","485":"i","486":"l","487":"e","488":"\"","489":":","490":"\"","491":"D","492":":","493":"\\","494":"\\","495":"P","496":"r","497":"o","498":"j","499":"e","500":"c","501":"t","502":"s","503":"\\","504":"\\","505":"V","506":"u","507":"e","508":"\\","509":"\\","510":"j","511":"o","512":"b","513":"-","514":"s","515":"e","516":"a","517":"r","518":"c","519":"h","520":"\\","521":"\\","522":"s","523":"r","524":"c","525":"\\","526":"\\","527":"c","528":"o","529":"m","530":"p","531":"o","532":"n","533":"e","534":"n","535":"t","536":"s","537":"\\","538":"\\","539":"J","540":"o","541":"b","542":"R","543":"e","544":"s","545":"u","546":"l","547":"t","548":"s","549":"\\","550":"\\","551":"J","552":"o","553":"b","554":"F","555":"i","556":"l","557":"t","558":"e","559":"r","560":"s","561":"S","562":"i","563":"d","564":"e","565":"B","566":"a","567":"r","568":"\\","569":"\\","570":"J","571":"o","572":"b","573":"F","574":"i","575":"l","576":"t","577":"e","578":"r","579":"s","580":"S","581":"i","582":"d","583":"e","584":"B","585":"a","586":"r","587":".","588":"v","589":"u","590":"e","591":"\"","592":",","593":"\"","594":"s","595":"o","596":"u","597":"r","598":"c","599":"e","600":"s","601":"C","602":"o","603":"n","604":"t","605":"e","606":"n","607":"t","608":"\"","609":":","610":"[","611":"\"","612":"<","613":"t","614":"e","615":"m","616":"p","617":"l","618":"a","619":"t","620":"e","621":">","622":"\\","623":"n","624":" ","625":" ","626":"<","627":"d","628":"i","629":"v","630":"\\","631":"n","632":" ","633":" ","634":" ","635":" ","636":"c","637":"l","638":"a","639":"s","640":"s","641":"=","642":"\\","643":"\"","644":"f","645":"l","646":"e","647":"x","648":" ","649":"f","650":"l","651":"e","652":"x","653":"-","654":"c","655":"o","656":"l","657":" ","658":"p","659":"-","660":"4","661":" ","662":"b","663":"g","664":"-","665":"w","666":"h","667":"i","668":"t","669":"e","670":" ","671":"b","672":"o","673":"r","674":"d","675":"e","676":"r","677":"-","678":"r","679":" ","680":"b","681":"o","682":"r","683":"d","684":"e","685":"r","686":"-","687":"s","688":"o","689":"l","690":"i","691":"d","692":" ","693":"b","694":"o","695":"r","696":"d","697":"e","698":"r","699":"-","700":"b","701":"r","702":"a","703":"n","704":"d","705":"-","706":"g","707":"r","708":"a","709":"y","710":"-","711":"1","712":" ","713":"w","714":"-","715":"9","716":"6","717":"\\","718":"\"","719":"\\","720":"n","721":" ","722":" ","723":">","724":"\\","725":"n","726":" ","727":" ","728":" ","729":" ","730":"<","731":"s","732":"e","733":"c","734":"t","735":"i","736":"o","737":"n","738":" ","739":"c","740":"l","741":"a","742":"s","743":"s","744":"=","745":"\\","746":"\"","747":"b","748":"p","749":"-","750":"5","751":"\\","752":"\"","753":">","754":"\\","755":"n","756":" ","757":" ","758":" ","759":" ","760":" ","761":" ","762":"<","763":"d","764":"i","765":"v","766":" ","767":"c","768":"l","769":"a","770":"s","771":"s","772":"=","773":"\\","774":"\"","775":"f","776":"l","777":"e","778":"x","779":" ","780":"f","781":"l","782":"e","783":"x","784":"-","785":"r","786":"o","787":"w","788":" ","789":"j","790":"u","791":"s","792":"t","793":"i","794":"f","795":"y","796":"-","797":"b","798":"e","799":"t","800":"w","801":"e","802":"e","803":"n","804":"\\","805":"\"","806":">","807":"\\","808":"n","809":" ","810":" ","811":" ","812":" ","813":" ","814":" ","815":" ","816":" ","817":"<","818":"h","819":"3","820":" ","821":"c","822":"l","823":"a","824":"s","825":"s","826":"=","827":"\\","828":"\"","829":"m","830":"y","831":"-","832":"4","833":" ","834":"t","835":"e","836":"x","837":"t","838":"-","839":"b","840":"a","841":"s","842":"e","843":" ","844":"f","845":"o","846":"n","847":"t","848":"-","849":"s","850":"e","851":"m","852":"i","853":"b","854":"o","855":"l","856":"d","857":"\\","858":"\"","859":">","860":"W","861":"h","862":"a","863":"t","864":" ","865":"d","866":"o","867":" ","868":"y","869":"o","870":"u","871":" ","872":"w","873":"a","874":"n","875":"t","876":" ","877":"t","878":"o","879":" ","880":"d","881":"o","882":"?","883":"<","884":"/","885":"h","886":"3","887":">","888":"\\","889":"n","890":" ","891":" ","892":" ","893":" ","894":" ","895":" ","896":" ","897":" ","898":"<","899":"d","900":"i","901":"v","902":" ","903":"c","904":"l","905":"a","906":"s","907":"s","908":"=","909":"\\","910":"\"","911":"f","912":"l","913":"e","914":"x","915":" ","916":"i","917":"t","918":"e","919":"m","920":"s","921":"-","922":"c","923":"e","924":"n","925":"t","926":"e","927":"r","928":" ","929":"t","930":"e","931":"x","932":"t","933":"-","934":"s","935":"m","936":"\\","937":"\"","938":">","939":"\\","940":"n","941":" ","942":" ","943":" ","944":" ","945":" ","946":" ","947":" ","948":" ","949":" ","950":" ","951":"<","952":"a","953":"c","954":"t","955":"i","956":"o","957":"n","958":"-","959":"b","960":"u","961":"t","962":"t","963":"o","964":"n","965":" ","966":"t","967":"e","968":"x","969":"t","970":"=","971":"\\","972":"\"","973":"C","974":"l","975":"e","976":"a","977":"r","978":" ","979":"F","980":"i","981":"l","982":"t","983":"e","984":"r","985":"s","986":"\\","987":"\"","988":" ","989":"t","990":"y","991":"p","992":"e","993":"=","994":"\\","995":"\"","996":"s","997":"e","998":"c","999":"o","1000":"n","1001":"d","1002":"a","1003":"r","1004":"y","1005":"\\","1006":"\"","1007":" ","1008":"/","1009":">","1010":"\\","1011":"n","1012":" ","1013":" ","1014":" ","1015":" ","1016":" ","1017":" ","1018":" ","1019":" ","1020":"<","1021":"/","1022":"d","1023":"i","1024":"v","1025":">","1026":"\\","1027":"n","1028":" ","1029":" ","1030":" ","1031":" ","1032":" ","1033":" ","1034":"<","1035":"/","1036":"d","1037":"i","1038":"v","1039":">","1040":"\\","1041":"n","1042":"\\","1043":"n","1044":" ","1045":" ","1046":" ","1047":" ","1048":" ","1049":" ","1050":"<","1051":"j","1052":"o","1053":"b","1054":"-","1055":"f","1056":"i","1057":"l","1058":"t","1059":"e","1060":"r","1061":"s","1062":"-","1063":"s","1064":"i","1065":"d","1066":"e","1067":"-","1068":"b","1069":"a","1070":"r","1071":"-","1072":"c","1073":"h","1074":"e","1075":"c","1076":"k","1077":"b","1078":"o","1079":"x","1080":"-","1081":"g","1082":"r","1083":"o","1084":"u","1085":"p","1086":"\\","1087":"n","1088":" ","1089":" ","1090":" ","1091":" ","1092":" ","1093":" ","1094":" ","1095":" ","1096":":","1097":"v","1098":"a","1099":"l","1100":"u","1101":"e","1102":"s","1103":"=","1104":"\\","1105":"\"","1106":"d","1107":"e","1108":"g","1109":"r","1110":"e","1111":"e","1112":"s","1113":"\\","1114":"\"","1115":"\\","1116":"n","1117":" ","1118":" ","1119":" ","1120":" ","1121":" ","1122":" ","1123":" ","1124":" ","1125":":","1126":"m","1127":"u","1128":"t","1129":"a","1130":"t","1131":"i","1132":"o","1133":"n","1134":"=","1135":"\\","1136":"\"","1137":"S","1138":"E","1139":"T","1140":"_","1141":"S","1142":"E","1143":"L","1144":"E","1145":"C","1146":"T","1147":"E","1148":"D","1149":"_","1150":"D","1151":"E","1152":"G","1153":"R","1154":"E","1155":"E","1156":"S","1157":"\\","1158":"\"","1159":"\\","1160":"n","1161":" ","1162":" ","1163":" ","1164":" ","1165":" ","1166":" ","1167":" ","1168":" ","1169":"d","1170":"a","1171":"t","1172":"a","1173":"-","1174":"t","1175":"e","1176":"s","1177":"t","1178":"=","1179":"\\","1180":"\"","1181":"d","1182":"e","1183":"g","1184":"r","1185":"e","1186":"e","1187":"s","1188":"-","1189":"f","1190":"i","1191":"l","1192":"t","1193":"e","1194":"r","1195":"\\","1196":"\"","1197":"\\","1198":"n","1199":" ","1200":" ","1201":" ","1202":" ","1203":" ","1204":" ","1205":" ","1206":" ","1207":"h","1208":"e","1209":"a","1210":"d","1211":"e","1212":"r","1213":"=","1214":"\\","1215":"\"","1216":"D","1217":"e","1218":"g","1219":"r","1220":"e","1221":"e","1222":"\\","1223":"\"","1224":"\\","1225":"n","1226":" ","1227":" ","1228":" ","1229":" ","1230":" ","1231":" ","1232":"/","1233":">","1234":"\\","1235":"n","1236":"\\","1237":"n","1238":" ","1239":" ","1240":" ","1241":" ","1242":" ","1243":" ","1244":"<","1245":"j","1246":"o","1247":"b","1248":"-","1249":"f","1250":"i","1251":"l","1252":"t","1253":"e","1254":"r","1255":"s","1256":"-","1257":"s","1258":"i","1259":"d","1260":"e","1261":"-","1262":"b","1263":"a","1264":"r","1265":"-","1266":"c","1267":"h","1268":"e","1269":"c","1270":"k","1271":"b","1272":"o","1273":"x","1274":"-","1275":"g","1276":"r","1277":"o","1278":"u","1279":"p","1280":"\\","1281":"n","1282":" ","1283":" ","1284":" ","1285":" ","1286":" ","1287":" ","1288":" ","1289":" ","1290":":","1291":"v","1292":"a","1293":"l","1294":"u","1295":"e","1296":"s","1297":"=","1298":"\\","1299":"\"","1300":"j","1301":"o","1302":"b","1303":"T","1304":"y","1305":"p","1306":"e","1307":"s","1308":"\\","1309":"\"","1310":"\\","1311":"n","1312":" ","1313":" ","1314":" ","1315":" ","1316":" ","1317":" ","1318":" ","1319":" ","1320":":","1321":"m","1322":"u","1323":"t","1324":"a","1325":"t","1326":"i","1327":"o","1328":"n","1329":"=","1330":"\\","1331":"\"","1332":"S","1333":"E","1334":"T","1335":"_","1336":"S","1337":"E","1338":"L","1339":"E","1340":"C","1341":"T","1342":"E","1343":"D","1344":"_","1345":"J","1346":"O","1347":"B","1348":"_","1349":"T","1350":"Y","1351":"P","1352":"E","1353":"S","1354":"\\","1355":"\"","1356":"\\","1357":"n","1358":" ","1359":" ","1360":" ","1361":" ","1362":" ","1363":" ","1364":" ","1365":" ","1366":"d","1367":"a","1368":"t","1369":"a","1370":"-","1371":"t","1372":"e","1373":"s","1374":"t","1375":"=","1376":"\\","1377":"\"","1378":"j","1379":"o","1380":"b","1381":"-","1382":"t","1383":"y","1384":"p","1385":"e","1386":"s","1387":"-","1388":"f","1389":"i","1390":"l","1391":"t","1392":"e","1393":"r","1394":"\\","1395":"\"","1396":"\\","1397":"n","1398":" ","1399":" ","1400":" ","1401":" ","1402":" ","1403":" ","1404":" ","1405":" ","1406":"h","1407":"e","1408":"a","1409":"d","1410":"e","1411":"r","1412":"=","1413":"\\","1414":"\"","1415":"J","1416":"o","1417":"b","1418":" ","1419":"T","1420":"y","1421":"p","1422":"e","1423":"s","1424":"\\","1425":"\"","1426":"\\","1427":"n","1428":" ","1429":" ","1430":" ","1431":" ","1432":" ","1433":" ","1434":"/","1435":">","1436":"\\","1437":"n","1438":"\\","1439":"n","1440":" ","1441":" ","1442":" ","1443":" ","1444":" ","1445":" ","1446":"<","1447":"j","1448":"o","1449":"b","1450":"-","1451":"f","1452":"i","1453":"l","1454":"t","1455":"e","1456":"r","1457":"s","1458":"-","1459":"s","1460":"i","1461":"d","1462":"e","1463":"-","1464":"b","1465":"a","1466":"r","1467":"-","1468":"c","1469":"h","1470":"e","1471":"c","1472":"k","1473":"b","1474":"o","1475":"x","1476":"-","1477":"g","1478":"r","1479":"o","1480":"u","1481":"p","1482":"\\","1483":"n","1484":" ","1485":" ","1486":" ","1487":" ","1488":" ","1489":" ","1490":" ","1491":" ","1492":":","1493":"v","1494":"a","1495":"l","1496":"u","1497":"e","1498":"s","1499":"=","1500":"\\","1501":"\"","1502":"o","1503":"r","1504":"g","1505":"a","1506":"n","1507":"i","1508":"z","1509":"a","1510":"t","1511":"i","1512":"o","1513":"n","1514":"s","1515":"\\","1516":"\"","1517":"\\","1518":"n","1519":" ","1520":" ","1521":" ","1522":" ","1523":" ","1524":" ","1525":" ","1526":" ","1527":":","1528":"m","1529":"u","1530":"t","1531":"a","1532":"t","1533":"i","1534":"o","1535":"n","1536":"=","1537":"\\","1538":"\"","1539":"S","1540":"E","1541":"T","1542":"_","1543":"S","1544":"E","1545":"L","1546":"E","1547":"C","1548":"T","1549":"E","1550":"D","1551":"_","1552":"O","1553":"R","1554":"G","1555":"A","1556":"N","1557":"I","1558":"Z","1559":"A","1560":"T","1561":"I","1562":"O","1563":"N","1564":"S","1565":"\\","1566":"\"","1567":"\\","1568":"n","1569":" ","1570":" ","1571":" ","1572":" ","1573":" ","1574":" ","1575":" ","1576":" ","1577":"d","1578":"a","1579":"t","1580":"a","1581":"-","1582":"t","1583":"e","1584":"s","1585":"t","1586":"=","1587":"\\","1588":"\"","1589":"o","1590":"r","1591":"g","1592":"a","1593":"n","1594":"i","1595":"z","1596":"a","1597":"t","1598":"i","1599":"o","1600":"n","1601":"s","1602":"-","1603":"f","1604":"i","1605":"l","1606":"t","1607":"e","1608":"r","1609":"\\","1610":"\"","1611":"\\","1612":"n","1613":" ","1614":" ","1615":" ","1616":" ","1617":" ","1618":" ","1619":" ","1620":" ","1621":"h","1622":"e","1623":"a","1624":"d","1625":"e","1626":"r","1627":"=","1628":"\\","1629":"\"","1630":"O","1631":"r","1632":"g","1633":"a","1634":"n","1635":"i","1636":"z","1637":"a","1638":"t","1639":"i","1640":"o","1641":"n","1642":"s","1643":"\\","1644":"\"","1645":"\\","1646":"n","1647":" ","1648":" ","1649":" ","1650":" ","1651":" ","1652":" ","1653":"/","1654":">","1655":"\\","1656":"n","1657":" ","1658":" ","1659":" ","1660":" ","1661":"<","1662":"/","1663":"s","1664":"e","1665":"c","1666":"t","1667":"i","1668":"o","1669":"n","1670":">","1671":"\\","1672":"n","1673":" ","1674":" ","1675":"<","1676":"/","1677":"d","1678":"i","1679":"v","1680":">","1681":"\\","1682":"n","1683":"<","1684":"/","1685":"t","1686":"e","1687":"m","1688":"p","1689":"l","1690":"a","1691":"t","1692":"e","1693":">","1694":"\\","1695":"n","1696":"\\","1697":"n","1698":"<","1699":"s","1700":"c","1701":"r","1702":"i","1703":"p","1704":"t","1705":" ","1706":"l","1707":"a","1708":"n","1709":"g","1710":"=","1711":"\\","1712":"\"","1713":"t","1714":"s","1715":"\\","1716":"\"","1717":">","1718":"\\","1719":"n","1720":"i","1721":"m","1722":"p","1723":"o","1724":"r","1725":"t","1726":" ","1727":"{","1728":" ","1729":"d","1730":"e","1731":"f","1732":"i","1733":"n","1734":"e","1735":"C","1736":"o","1737":"m","1738":"p","1739":"o","1740":"n","1741":"e","1742":"n","1743":"t","1744":" ","1745":"}","1746":" ","1747":"f","1748":"r","1749":"o","1750":"m","1751":" ","1752":"\\","1753":"\"","1754":"v","1755":"u","1756":"e","1757":"\\","1758":"\"","1759":";","1760":"\\","1761":"n","1762":"i","1763":"m","1764":"p","1765":"o","1766":"r","1767":"t","1768":" ","1769":"A","1770":"c","1771":"t","1772":"i","1773":"o","1774":"n","1775":"B","1776":"u","1777":"t","1778":"t","1779":"o","1780":"n","1781":" ","1782":"f","1783":"r","1784":"o","1785":"m","1786":" ","1787":"\\","1788":"\"","1789":"@","1790":"/","1791":"c","1792":"o","1793":"m","1794":"p","1795":"o","1796":"n","1797":"e","1798":"n","1799":"t","1800":"s","1801":"/","1802":"S","1803":"h","1804":"a","1805":"r","1806":"e","1807":"d","1808":"/","1809":"A","1810":"c","1811":"t","1812":"i","1813":"o","1814":"n","1815":"B","1816":"u","1817":"t","1818":"t","1819":"o","1820":"n","1821":".","1822":"v","1823":"u","1824":"e","1825":"\\","1826":"\"","1827":";","1828":"\\","1829":"n","1830":"i","1831":"m","1832":"p","1833":"o","1834":"r","1835":"t","1836":" ","1837":"J","1838":"o","1839":"b","1840":"F","1841":"i","1842":"l","1843":"t","1844":"e","1845":"r","1846":"s","1847":"S","1848":"i","1849":"d","1850":"e","1851":"B","1852":"a","1853":"r","1854":"C","1855":"h","1856":"e","1857":"c","1858":"k","1859":"b","1860":"o","1861":"x","1862":"G","1863":"r","1864":"o","1865":"u","1866":"p","1867":" ","1868":"f","1869":"r","1870":"o","1871":"m","1872":" ","1873":"\\","1874":"\"","1875":"@","1876":"/","1877":"c","1878":"o","1879":"m","1880":"p","1881":"o","1882":"n","1883":"e","1884":"n","1885":"t","1886":"s","1887":"/","1888":"J","1889":"o","1890":"b","1891":"R","1892":"e","1893":"s","1894":"u","1895":"l","1896":"t","1897":"s","1898":"/","1899":"J","1900":"o","1901":"b","1902":"F","1903":"i","1904":"l","1905":"t","1906":"e","1907":"r","1908":"s","1909":"S","1910":"i","1911":"d","1912":"e","1913":"B","1914":"a","1915":"r","1916":"/","1917":"J","1918":"o","1919":"b","1920":"F","1921":"i","1922":"l","1923":"t","1924":"e","1925":"r","1926":"s","1927":"S","1928":"i","1929":"d","1930":"e","1931":"B","1932":"a","1933":"r","1934":"C","1935":"h","1936":"e","1937":"c","1938":"k","1939":"b","1940":"o","1941":"x","1942":"G","1943":"r","1944":"o","1945":"u","1946":"p","1947":".","1948":"v","1949":"u","1950":"e","1951":"\\","1952":"\"","1953":";","1954":"\\","1955":"n","1956":"i","1957":"m","1958":"p","1959":"o","1960":"r","1961":"t","1962":" ","1963":"{","1964":" ","1965":"u","1966":"s","1967":"e","1968":"D","1969":"e","1970":"g","1971":"r","1972":"e","1973":"e","1974":"s","1975":",","1976":" ","1977":"u","1978":"s","1979":"e","1980":"J","1981":"o","1982":"b","1983":"T","1984":"y","1985":"p","1986":"e","1987":"s","1988":",","1989":" ","1990":"u","1991":"s","1992":"e","1993":"O","1994":"r","1995":"g","1996":"a","1997":"n","1998":"i","1999":"z","2000":"a","2001":"t","2002":"i","2003":"o","2004":"n","2005":"s","2006":" ","2007":"}","2008":" ","2009":"f","2010":"r","2011":"o","2012":"m","2013":" ","2014":"\\","2015":"\"","2016":"@","2017":"/","2018":"s","2019":"t","2020":"o","2021":"r","2022":"e","2023":"/","2024":"c","2025":"o","2026":"m","2027":"p","2028":"o","2029":"s","2030":"a","2031":"b","2032":"l","2033":"e","2034":"s","2035":"\\","2036":"\"","2037":";","2038":"\\","2039":"n","2040":"i","2041":"m","2042":"p","2043":"o","2044":"r","2045":"t","2046":" ","2047":"{","2048":"\\","2049":"n","2050":" ","2051":" ","2052":"S","2053":"E","2054":"T","2055":"_","2056":"S","2057":"E","2058":"L","2059":"E","2060":"C","2061":"T","2062":"E","2063":"D","2064":"_","2065":"D","2066":"E","2067":"G","2068":"R","2069":"E","2070":"E","2071":"S","2072":",","2073":"\\","2074":"n","2075":" ","2076":" ","2077":"S","2078":"E","2079":"T","2080":"_","2081":"S","2082":"E","2083":"L","2084":"E","2085":"C","2086":"T","2087":"E","2088":"D","2089":"_","2090":"J","2091":"O","2092":"B","2093":"_","2094":"T","2095":"Y","2096":"P","2097":"E","2098":"S","2099":",","2100":"\\","2101":"n","2102":" ","2103":" ","2104":"S","2105":"E","2106":"T","2107":"_","2108":"S","2109":"E","2110":"L","2111":"E","2112":"C","2113":"T","2114":"E","2115":"D","2116":"_","2117":"O","2118":"R","2119":"G","2120":"A","2121":"N","2122":"I","2123":"Z","2124":"A","2125":"T","2126":"I","2127":"O","2128":"N","2129":"S","2130":",","2131":"\\","2132":"n","2133":"}","2134":" ","2135":"f","2136":"r","2137":"o","2138":"m","2139":" ","2140":"\\","2141":"\"","2142":"@","2143":"/","2144":"s","2145":"t","2146":"o","2147":"r","2148":"e","2149":"/","2150":"c","2151":"o","2152":"n","2153":"s","2154":"t","2155":"a","2156":"n","2157":"t","2158":"s","2159":"\\","2160":"\"","2161":";","2162":"\\","2163":"n","2164":"\\","2165":"n","2166":"e","2167":"x","2168":"p","2169":"o","2170":"r","2171":"t","2172":" ","2173":"d","2174":"e","2175":"f","2176":"a","2177":"u","2178":"l","2179":"t","2180":" ","2181":"d","2182":"e","2183":"f","2184":"i","2185":"n","2186":"e","2187":"C","2188":"o","2189":"m","2190":"p","2191":"o","2192":"n","2193":"e","2194":"n","2195":"t","2196":"(","2197":"{","2198":"\\","2199":"n","2200":" ","2201":" ","2202":"n","2203":"a","2204":"m","2205":"e","2206":":","2207":" ","2208":"\\","2209":"\"","2210":"J","2211":"o","2212":"b","2213":"F","2214":"i","2215":"l","2216":"t","2217":"e","2218":"r","2219":"s","2220":"S","2221":"i","2222":"d","2223":"e","2224":"B","2225":"a","2226":"r","2227":"\\","2228":"\"","2229":",","2230":"\\","2231":"n","2232":" ","2233":" ","2234":"c","2235":"o","2236":"m","2237":"p","2238":"o","2239":"n","2240":"e","2241":"n","2242":"t","2243":"s","2244":":","2245":" ","2246":"{","2247":"\\","2248":"n","2249":" ","2250":" ","2251":" ","2252":" ","2253":"J","2254":"o","2255":"b","2256":"F","2257":"i","2258":"l","2259":"t","2260":"e","2261":"r","2262":"s","2263":"S","2264":"i","2265":"d","2266":"e","2267":"B","2268":"a","2269":"r","2270":"C","2271":"h","2272":"e","2273":"c","2274":"k","2275":"b","2276":"o","2277":"x","2278":"G","2279":"r","2280":"o","2281":"u","2282":"p","2283":",","2284":"\\","2285":"n","2286":" ","2287":" ","2288":" ","2289":" ","2290":"A","2291":"c","2292":"t","2293":"i","2294":"o","2295":"n","2296":"B","2297":"u","2298":"t","2299":"t","2300":"o","2301":"n","2302":",","2303":"\\","2304":"n","2305":" ","2306":" ","2307":"}","2308":",","2309":"\\","2310":"n","2311":" ","2312":" ","2313":"s","2314":"e","2315":"t","2316":"u","2317":"p","2318":"(","2319":")","2320":" ","2321":"{","2322":"\\","2323":"n","2324":" ","2325":" ","2326":" ","2327":" ","2328":"c","2329":"o","2330":"n","2331":"s","2332":"t","2333":" ","2334":"j","2335":"o","2336":"b","2337":"T","2338":"y","2339":"p","2340":"e","2341":"s","2342":" ","2343":"=","2344":" ","2345":"u","2346":"s","2347":"e","2348":"J","2349":"o","2350":"b","2351":"T","2352":"y","2353":"p","2354":"e","2355":"s","2356":"(","2357":")","2358":";","2359":"\\","2360":"n","2361":" ","2362":" ","2363":" ","2364":" ","2365":"c","2366":"o","2367":"n","2368":"s","2369":"t","2370":" ","2371":"o","2372":"r","2373":"g","2374":"a","2375":"n","2376":"i","2377":"z","2378":"a","2379":"t","2380":"i","2381":"o","2382":"n","2383":"s","2384":" ","2385":"=","2386":" ","2387":"u","2388":"s","2389":"e","2390":"O","2391":"r","2392":"g","2393":"a","2394":"n","2395":"i","2396":"z","2397":"a","2398":"t","2399":"i","2400":"o","2401":"n","2402":"s","2403":"(","2404":")","2405":";","2406":"\\","2407":"n","2408":" ","2409":" ","2410":" ","2411":" ","2412":"c","2413":"o","2414":"n","2415":"s","2416":"t","2417":" ","2418":"d","2419":"e","2420":"g","2421":"r","2422":"e","2423":"e","2424":"s","2425":" ","2426":"=","2427":" ","2428":"u","2429":"s","2430":"e","2431":"D","2432":"e","2433":"g","2434":"r","2435":"e","2436":"e","2437":"s","2438":"(","2439":")","2440":";","2441":"\\","2442":"n","2443":"\\","2444":"n","2445":" ","2446":" ","2447":" ","2448":" ","2449":"r","2450":"e","2451":"t","2452":"u","2453":"r","2454":"n","2455":" ","2456":"{","2457":"\\","2458":"n","2459":" ","2460":" ","2461":" ","2462":" ","2463":" ","2464":" ","2465":"j","2466":"o","2467":"b","2468":"T","2469":"y","2470":"p","2471":"e","2472":"s","2473":",","2474":"\\","2475":"n","2476":" ","2477":" ","2478":" ","2479":" ","2480":" ","2481":" ","2482":"o","2483":"r","2484":"g","2485":"a","2486":"n","2487":"i","2488":"z","2489":"a","2490":"t","2491":"i","2492":"o","2493":"n","2494":"s","2495":",","2496":"\\","2497":"n","2498":" ","2499":" ","2500":" ","2501":" ","2502":" ","2503":" ","2504":"d","2505":"e","2506":"g","2507":"r","2508":"e","2509":"e","2510":"s","2511":",","2512":"\\","2513":"n","2514":" ","2515":" ","2516":" ","2517":" ","2518":" ","2519":" ","2520":"S","2521":"E","2522":"T","2523":"_","2524":"S","2525":"E","2526":"L","2527":"E","2528":"C","2529":"T","2530":"E","2531":"D","2532":"_","2533":"J","2534":"O","2535":"B","2536":"_","2537":"T","2538":"Y","2539":"P","2540":"E","2541":"S","2542":",","2543":"\\","2544":"n","2545":" ","2546":" ","2547":" ","2548":" ","2549":" ","2550":" ","2551":"S","2552":"E","2553":"T","2554":"_","2555":"S","2556":"E","2557":"L","2558":"E","2559":"C","2560":"T","2561":"E","2562":"D","2563":"_","2564":"O","2565":"R","2566":"G","2567":"A","2568":"N","2569":"I","2570":"Z","2571":"A","2572":"T","2573":"I","2574":"O","2575":"N","2576":"S","2577":",","2578":"\\","2579":"n","2580":" ","2581":" ","2582":" ","2583":" ","2584":" ","2585":" ","2586":"S","2587":"E","2588":"T","2589":"_","2590":"S","2591":"E","2592":"L","2593":"E","2594":"C","2595":"T","2596":"E","2597":"D","2598":"_","2599":"D","2600":"E","2601":"G","2602":"R","2603":"E","2604":"E","2605":"S","2606":",","2607":"\\","2608":"n","2609":" ","2610":" ","2611":" ","2612":" ","2613":"}","2614":";","2615":"\\","2616":"n","2617":" ","2618":" ","2619":"}","2620":",","2621":"\\","2622":"n","2623":"}","2624":")","2625":";","2626":"\\","2627":"n","2628":"<","2629":"/","2630":"s","2631":"c","2632":"r","2633":"i","2634":"p","2635":"t","2636":">","2637":"\\","2638":"n","2639":"\\","2640":"n","2641":"<","2642":"s","2643":"t","2644":"y","2645":"l","2646":"e","2647":" ","2648":"s","2649":"c","2650":"o","2651":"p","2652":"e","2653":"d","2654":">","2655":"<","2656":"/","2657":"s","2658":"t","2659":"y","2660":"l","2661":"e","2662":">","2663":"\\","2664":"n","2665":"\"","2666":"]","2667":"}"},"_coverageSchema":"1a1c01bbd47fc00a2c39e90264f33305004495a9","hash":"1f1ae3bf0432d969ba37e2425aaa2fdfecc5e9e0"}
,"D:\\Projects\\Vue\\job-search\\src\\composables\\useCurrentPage.ts": {"path":"D:\\Projects\\Vue\\job-search\\src\\composables\\useCurrentPage.ts","statementMap":{"0":{"start":{"line":1,"column":0},"end":{"line":1,"column":null}},"1":{"start":{"line":2,"column":0},"end":{"line":2,"column":null}},"2":{"start":{"line":4,"column":23},"end":{"line":8,"column":1}},"3":{"start":{"line":5,"column":16},"end":{"line":5,"column":26}},"4":{"start":{"line":6,"column":15},"end":{"line":6,"column":41}},"5":{"start":{"line":7,"column":2},"end":{"line":7,"column":null}},"6":{"start":{"line":7,"column":24},"end":{"line":7,"column":52}},"7":{"start":{"line":10,"column":0},"end":{"line":10,"column":null}}},"fnMap":{"0":{"name":"(anonymous_0)","decl":{"start":{"line":4,"column":23},"end":{"line":4,"column":28}},"loc":{"start":{"line":4,"column":28},"end":{"line":8,"column":1}}},"1":{"name":"(anonymous_1)","decl":{"start":{"line":7,"column":18},"end":{"line":7,"column":24}},"loc":{"start":{"line":7,"column":24},"end":{"line":7,"column":52}}}},"branchMap":{"0":{"loc":{"start":{"line":7,"column":40},"end":{"line":7,"column":51}},"type":"binary-expr","locations":[{"start":{"line":7,"column":40},"end":{"line":7,"column":44}},{"start":{"line":7,"column":48},"end":{"line":7,"column":51}}]}},"s":{"0":2,"1":2,"2":2,"3":2,"4":2,"5":2,"6":2,"7":2},"f":{"0":2,"1":2},"b":{"0":[2,1]}}
,"D:\\Projects\\Vue\\job-search\\src\\composables\\usePreviousAndNextPages.ts": {"path":"D:\\Projects\\Vue\\job-search\\src\\composables\\usePreviousAndNextPages.ts","statementMap":{"0":{"start":{"line":1,"column":0},"end":{"line":1,"column":null}},"1":{"start":{"line":7,"column":32},"end":{"line":22,"column":1}},"2":{"start":{"line":11,"column":23},"end":{"line":14,"column":4}},"3":{"start":{"line":12,"column":25},"end":{"line":12,"column":46}},"4":{"start":{"line":13,"column":4},"end":{"line":13,"column":null}},"5":{"start":{"line":16,"column":19},"end":{"line":19,"column":4}},"6":{"start":{"line":17,"column":21},"end":{"line":17,"column":42}},"7":{"start":{"line":18,"column":4},"end":{"line":18,"column":null}},"8":{"start":{"line":21,"column":2},"end":{"line":21,"column":null}},"9":{"start":{"line":24,"column":0},"end":{"line":24,"column":null}}},"fnMap":{"0":{"name":"(anonymous_0)","decl":{"start":{"line":7,"column":32},"end":{"line":7,"column":null}},"loc":{"start":{"line":10,"column":4},"end":{"line":22,"column":1}}},"1":{"name":"(anonymous_1)","decl":{"start":{"line":11,"column":32},"end":{"line":11,"column":37}},"loc":{"start":{"line":11,"column":37},"end":{"line":14,"column":3}}},"2":{"name":"(anonymous_2)","decl":{"start":{"line":16,"column":28},"end":{"line":16,"column":33}},"loc":{"start":{"line":16,"column":33},"end":{"line":19,"column":3}}}},"branchMap":{"0":{"loc":{"start":{"line":13,"column":11},"end":{"line":13,"column":55}},"type":"cond-expr","locations":[{"start":{"line":13,"column":31},"end":{"line":13,"column":43}},{"start":{"line":13,"column":46},"end":{"line":13,"column":55}}]},"1":{"loc":{"start":{"line":18,"column":11},"end":{"line":18,"column":59}},"type":"cond-expr","locations":[{"start":{"line":18,"column":39},"end":{"line":18,"column":47}},{"start":{"line":18,"column":50},"end":{"line":18,"column":59}}]}},"s":{"0":2,"1":2,"2":4,"3":2,"4":2,"5":4,"6":2,"7":2,"8":4,"9":2},"f":{"0":4,"1":2,"2":2},"b":{"0":[1,1],"1":[1,1]}}
,"D:\\Projects\\Vue\\job-search\\src\\store\\actions.ts": {"path":"D:\\Projects\\Vue\\job-search\\src\\store\\actions.ts","statementMap":{"0":{"start":{"line":1,"column":0},"end":{"line":1,"column":null}},"1":{"start":{"line":7,"column":0},"end":{"line":7,"column":null}},"2":{"start":{"line":8,"column":0},"end":{"line":8,"column":null}},"3":{"start":{"line":15,"column":16},"end":{"line":25,"column":null}},"4":{"start":{"line":17,"column":17},"end":{"line":17,"column":32}},"5":{"start":{"line":18,"column":4},"end":{"line":18,"column":null}},"6":{"start":{"line":22,"column":20},"end":{"line":22,"column":38}},"7":{"start":{"line":23,"column":4},"end":{"line":23,"column":null}},"8":{"start":{"line":27,"column":0},"end":{"line":27,"column":null}}},"fnMap":{"0":{"name":"(anonymous_1)","decl":{"start":{"line":16,"column":16},"end":{"line":16,"column":23}},"loc":{"start":{"line":16,"column":43},"end":{"line":19,"column":3}}},"1":{"name":"(anonymous_2)","decl":{"start":{"line":21,"column":19},"end":{"line":21,"column":26}},"loc":{"start":{"line":21,"column":46},"end":{"line":24,"column":null}}}},"branchMap":{},"s":{"0":8,"1":8,"2":8,"3":8,"4":2,"5":2,"6":2,"7":2,"8":8},"f":{"0":2,"1":2},"b":{}}
,"D:\\Projects\\Vue\\job-search\\src\\store\\composables.ts": {"path":"D:\\Projects\\Vue\\job-search\\src\\store\\composables.ts","statementMap":{"0":{"start":{"line":1,"column":0},"end":{"line":1,"column":null}},"1":{"start":{"line":2,"column":0},"end":{"line":2,"column":null}},"2":{"start":{"line":4,"column":0},"end":{"line":4,"column":null}},"3":{"start":{"line":12,"column":0},"end":{"line":12,"column":null}},"4":{"start":{"line":15,"column":31},"end":{"line":18,"column":1}},"5":{"start":{"line":16,"column":16},"end":{"line":16,"column":29}},"6":{"start":{"line":17,"column":2},"end":{"line":17,"column":null}},"7":{"start":{"line":17,"column":31},"end":{"line":17,"column":59}},"8":{"start":{"line":15,"column":13},"end":{"line":15,"column":31}},"9":{"start":{"line":20,"column":27},"end":{"line":23,"column":1}},"10":{"start":{"line":21,"column":16},"end":{"line":21,"column":29}},"11":{"start":{"line":22,"column":2},"end":{"line":22,"column":null}},"12":{"start":{"line":22,"column":37},"end":{"line":22,"column":61}},"13":{"start":{"line":20,"column":13},"end":{"line":20,"column":27}},"14":{"start":{"line":25,"column":32},"end":{"line":28,"column":1}},"15":{"start":{"line":26,"column":16},"end":{"line":26,"column":29}},"16":{"start":{"line":27,"column":2},"end":{"line":27,"column":null}},"17":{"start":{"line":27,"column":37},"end":{"line":27,"column":65}},"18":{"start":{"line":25,"column":13},"end":{"line":25,"column":32}},"19":{"start":{"line":30,"column":26},"end":{"line":33,"column":1}},"20":{"start":{"line":31,"column":16},"end":{"line":31,"column":29}},"21":{"start":{"line":32,"column":2},"end":{"line":32,"column":null}},"22":{"start":{"line":32,"column":34},"end":{"line":32,"column":56}},"23":{"start":{"line":30,"column":13},"end":{"line":30,"column":26}},"24":{"start":{"line":36,"column":36},"end":{"line":39,"column":1}},"25":{"start":{"line":37,"column":16},"end":{"line":37,"column":29}},"26":{"start":{"line":38,"column":2},"end":{"line":38,"column":null}},"27":{"start":{"line":36,"column":13},"end":{"line":36,"column":36}},"28":{"start":{"line":41,"column":39},"end":{"line":44,"column":1}},"29":{"start":{"line":42,"column":16},"end":{"line":42,"column":29}},"30":{"start":{"line":43,"column":2},"end":{"line":43,"column":null}},"31":{"start":{"line":41,"column":13},"end":{"line":41,"column":39}}},"fnMap":{"0":{"name":"(anonymous_0)","decl":{"start":{"line":15,"column":31},"end":{"line":15,"column":36}},"loc":{"start":{"line":15,"column":36},"end":{"line":18,"column":1}}},"1":{"name":"(anonymous_1)","decl":{"start":{"line":17,"column":25},"end":{"line":17,"column":31}},"loc":{"start":{"line":17,"column":31},"end":{"line":17,"column":59}}},"2":{"name":"(anonymous_2)","decl":{"start":{"line":20,"column":27},"end":{"line":20,"column":32}},"loc":{"start":{"line":20,"column":32},"end":{"line":23,"column":1}}},"3":{"name":"(anonymous_3)","decl":{"start":{"line":22,"column":31},"end":{"line":22,"column":37}},"loc":{"start":{"line":22,"column":37},"end":{"line":22,"column":61}}},"4":{"name":"(anonymous_4)","decl":{"start":{"line":25,"column":32},"end":{"line":25,"column":37}},"loc":{"start":{"line":25,"column":37},"end":{"line":28,"column":1}}},"5":{"name":"(anonymous_5)","decl":{"start":{"line":27,"column":31},"end":{"line":27,"column":37}},"loc":{"start":{"line":27,"column":37},"end":{"line":27,"column":65}}},"6":{"name":"(anonymous_6)","decl":{"start":{"line":30,"column":26},"end":{"line":30,"column":31}},"loc":{"start":{"line":30,"column":31},"end":{"line":33,"column":1}}},"7":{"name":"(anonymous_7)","decl":{"start":{"line":32,"column":28},"end":{"line":32,"column":34}},"loc":{"start":{"line":32,"column":34},"end":{"line":32,"column":56}}},"8":{"name":"(anonymous_8)","decl":{"start":{"line":36,"column":36},"end":{"line":36,"column":41}},"loc":{"start":{"line":36,"column":41},"end":{"line":39,"column":1}}},"9":{"name":"(anonymous_9)","decl":{"start":{"line":41,"column":39},"end":{"line":41,"column":44}},"loc":{"start":{"line":41,"column":44},"end":{"line":44,"column":1}}}},"branchMap":{},"s":{"0":5,"1":5,"2":5,"3":5,"4":5,"5":1,"6":1,"7":1,"8":5,"9":5,"10":1,"11":1,"12":1,"13":5,"14":5,"15":1,"16":1,"17":1,"18":5,"19":5,"20":1,"21":1,"22":1,"23":5,"24":5,"25":1,"26":1,"27":5,"28":5,"29":1,"30":1,"31":5},"f":{"0":1,"1":1,"2":1,"3":1,"4":1,"5":1,"6":1,"7":1,"8":1,"9":1},"b":{}}
,"D:\\Projects\\Vue\\job-search\\src\\store\\constants.ts": {"path":"D:\\Projects\\Vue\\job-search\\src\\store\\constants.ts","statementMap":{"0":{"start":{"line":2,"column":13},"end":{"line":2,"column":null}},"1":{"start":{"line":3,"column":13},"end":{"line":3,"column":null}},"2":{"start":{"line":6,"column":13},"end":{"line":6,"column":null}},"3":{"start":{"line":7,"column":13},"end":{"line":7,"column":null}},"4":{"start":{"line":10,"column":13},"end":{"line":10,"column":null}},"5":{"start":{"line":11,"column":13},"end":{"line":11,"column":null}},"6":{"start":{"line":12,"column":13},"end":{"line":12,"column":null}},"7":{"start":{"line":13,"column":13},"end":{"line":13,"column":null}},"8":{"start":{"line":14,"column":13},"end":{"line":14,"column":null}},"9":{"start":{"line":17,"column":13},"end":{"line":17,"column":null}},"10":{"start":{"line":18,"column":13},"end":{"line":18,"column":null}},"11":{"start":{"line":19,"column":13},"end":{"line":19,"column":null}},"12":{"start":{"line":22,"column":13},"end":{"line":22,"column":null}},"13":{"start":{"line":23,"column":13},"end":{"line":23,"column":null}},"14":{"start":{"line":24,"column":13},"end":{"line":24,"column":null}},"15":{"start":{"line":26,"column":13},"end":{"line":26,"column":null}}},"fnMap":{},"branchMap":{},"s":{"0":10,"1":10,"2":10,"3":10,"4":10,"5":10,"6":10,"7":10,"8":10,"9":10,"10":10,"11":10,"12":10,"13":10,"14":10,"15":10},"f":{},"b":{}}
,"D:\\Projects\\Vue\\job-search\\src\\store\\getters.ts": {"path":"D:\\Projects\\Vue\\job-search\\src\\store\\getters.ts","statementMap":{"0":{"start":{"line":1,"column":0},"end":{"line":1,"column":null}},"1":{"start":{"line":19,"column":16},"end":{"line":60,"column":null}},"2":{"start":{"line":21,"column":26},"end":{"line":21,"column":43}},"3":{"start":{"line":22,"column":4},"end":{"line":22,"column":null}},"4":{"start":{"line":22,"column":32},"end":{"line":22,"column":67}},"5":{"start":{"line":23,"column":4},"end":{"line":23,"column":null}},"6":{"start":{"line":26,"column":18},"end":{"line":26,"column":35}},"7":{"start":{"line":27,"column":4},"end":{"line":27,"column":null}},"8":{"start":{"line":27,"column":32},"end":{"line":27,"column":54}},"9":{"start":{"line":28,"column":4},"end":{"line":28,"column":null}},"10":{"start":{"line":31,"column":4},"end":{"line":34,"column":null}},"11":{"start":{"line":32,"column":23},"end":{"line":32,"column":57}},"12":{"start":{"line":33,"column":23},"end":{"line":33,"column":63}},"13":{"start":{"line":34,"column":23},"end":{"line":34,"column":59}},"14":{"start":{"line":37,"column":4},"end":{"line":37,"column":null}},"15":{"start":{"line":37,"column":41},"end":{"line":37,"column":54}},"16":{"start":{"line":39,"column":54},"end":{"line":45,"column":3}},"17":{"start":{"line":40,"column":4},"end":{"line":43,"column":null}},"18":{"start":{"line":46,"column":58},"end":{"line":52,"column":3}},"19":{"start":{"line":47,"column":4},"end":{"line":50,"column":null}},"20":{"start":{"line":53,"column":52},"end":{"line":59,"column":null}},"21":{"start":{"line":54,"column":4},"end":{"line":57,"column":null}},"22":{"start":{"line":62,"column":0},"end":{"line":62,"column":null}}},"fnMap":{"0":{"name":"(anonymous_0)","decl":{"start":{"line":20,"column":20},"end":{"line":20,"column":38}},"loc":{"start":{"line":20,"column":42},"end":{"line":24,"column":3}}},"1":{"name":"(anonymous_1)","decl":{"start":{"line":22,"column":24},"end":{"line":22,"column":27}},"loc":{"start":{"line":22,"column":32},"end":{"line":22,"column":67}}},"2":{"name":"(anonymous_2)","decl":{"start":{"line":25,"column":16},"end":{"line":25,"column":34}},"loc":{"start":{"line":25,"column":38},"end":{"line":29,"column":3}}},"3":{"name":"(anonymous_3)","decl":{"start":{"line":27,"column":24},"end":{"line":27,"column":27}},"loc":{"start":{"line":27,"column":32},"end":{"line":27,"column":54}}},"4":{"name":"(anonymous_4)","decl":{"start":{"line":30,"column":19},"end":{"line":30,"column":20}},"loc":{"start":{"line":30,"column":70},"end":{"line":35,"column":3}}},"5":{"name":"(anonymous_5)","decl":{"start":{"line":32,"column":15},"end":{"line":32,"column":18}},"loc":{"start":{"line":32,"column":23},"end":{"line":32,"column":57}}},"6":{"name":"(anonymous_6)","decl":{"start":{"line":33,"column":15},"end":{"line":33,"column":18}},"loc":{"start":{"line":33,"column":23},"end":{"line":33,"column":63}}},"7":{"name":"(anonymous_7)","decl":{"start":{"line":34,"column":15},"end":{"line":34,"column":18}},"loc":{"start":{"line":34,"column":23},"end":{"line":34,"column":59}}},"8":{"name":"(anonymous_8)","decl":{"start":{"line":36,"column":14},"end":{"line":36,"column":32}},"loc":{"start":{"line":36,"column":36},"end":{"line":38,"column":3}}},"9":{"name":"(anonymous_9)","decl":{"start":{"line":37,"column":30},"end":{"line":37,"column":36}},"loc":{"start":{"line":37,"column":41},"end":{"line":37,"column":54}}},"10":{"name":"(anonymous_10)","decl":{"start":{"line":39,"column":30},"end":{"line":39,"column":48}},"loc":{"start":{"line":39,"column":54},"end":{"line":45,"column":3}}},"11":{"name":"(anonymous_11)","decl":{"start":{"line":39,"column":54},"end":{"line":39,"column":62}},"loc":{"start":{"line":39,"column":66},"end":{"line":45,"column":3}}},"12":{"name":"(anonymous_12)","decl":{"start":{"line":46,"column":34},"end":{"line":46,"column":52}},"loc":{"start":{"line":46,"column":58},"end":{"line":52,"column":3}}},"13":{"name":"(anonymous_13)","decl":{"start":{"line":46,"column":58},"end":{"line":46,"column":66}},"loc":{"start":{"line":46,"column":70},"end":{"line":52,"column":3}}},"14":{"name":"(anonymous_14)","decl":{"start":{"line":53,"column":28},"end":{"line":53,"column":46}},"loc":{"start":{"line":53,"column":52},"end":{"line":59,"column":null}}},"15":{"name":"(anonymous_15)","decl":{"start":{"line":53,"column":52},"end":{"line":53,"column":60}},"loc":{"start":{"line":53,"column":64},"end":{"line":59,"column":null}}}},"branchMap":{"0":{"loc":{"start":{"line":41,"column":6},"end":{"line":43,"column":50}},"type":"binary-expr","locations":[{"start":{"line":41,"column":6},"end":{"line":41,"column":42}},{"start":{"line":42,"column":6},"end":{"line":42,"column":41}},{"start":{"line":43,"column":6},"end":{"line":43,"column":50}}]},"1":{"loc":{"start":{"line":48,"column":6},"end":{"line":50,"column":60}},"type":"binary-expr","locations":[{"start":{"line":48,"column":6},"end":{"line":48,"column":47}},{"start":{"line":49,"column":6},"end":{"line":49,"column":46}},{"start":{"line":50,"column":6},"end":{"line":50,"column":60}}]},"2":{"loc":{"start":{"line":55,"column":6},"end":{"line":57,"column":48}},"type":"binary-expr","locations":[{"start":{"line":55,"column":6},"end":{"line":55,"column":41}},{"start":{"line":56,"column":6},"end":{"line":56,"column":40}},{"start":{"line":57,"column":6},"end":{"line":57,"column":48}}]}},"s":{"0":8,"1":8,"2":1,"3":1,"4":3,"5":1,"6":1,"7":1,"8":3,"9":1,"10":1,"11":1,"12":1,"13":1,"14":1,"15":2,"16":2,"17":2,"18":2,"19":2,"20":2,"21":2,"22":8},"f":{"0":1,"1":3,"2":1,"3":3,"4":1,"5":1,"6":1,"7":1,"8":1,"9":2,"10":2,"11":2,"12":2,"13":2,"14":2,"15":2},"b":{"0":[2,2,1],"1":[2,2,1],"2":[2,2,1]}}
,"D:\\Projects\\Vue\\job-search\\src\\store\\mutations.ts": {"path":"D:\\Projects\\Vue\\job-search\\src\\store\\mutations.ts","statementMap":{"0":{"start":{"line":4,"column":0},"end":{"line":4,"column":null}},"1":{"start":{"line":14,"column":18},"end":{"line":45,"column":null}},"2":{"start":{"line":16,"column":4},"end":{"line":16,"column":null}},"3":{"start":{"line":20,"column":4},"end":{"line":20,"column":null}},"4":{"start":{"line":24,"column":4},"end":{"line":24,"column":null}},"5":{"start":{"line":28,"column":4},"end":{"line":28,"column":null}},"6":{"start":{"line":35,"column":4},"end":{"line":35,"column":null}},"7":{"start":{"line":39,"column":4},"end":{"line":39,"column":null}},"8":{"start":{"line":43,"column":4},"end":{"line":43,"column":null}},"9":{"start":{"line":47,"column":0},"end":{"line":47,"column":null}}},"fnMap":{"0":{"name":"(anonymous_0)","decl":{"start":{"line":15,"column":17},"end":{"line":15,"column":35}},"loc":{"start":{"line":15,"column":39},"end":{"line":17,"column":3}}},"1":{"name":"(anonymous_1)","decl":{"start":{"line":19,"column":18},"end":{"line":19,"column":36}},"loc":{"start":{"line":19,"column":40},"end":{"line":21,"column":3}}},"2":{"name":"(anonymous_2)","decl":{"start":{"line":23,"column":18},"end":{"line":23,"column":19}},"loc":{"start":{"line":23,"column":54},"end":{"line":25,"column":3}}},"3":{"name":"(anonymous_3)","decl":{"start":{"line":27,"column":21},"end":{"line":27,"column":22}},"loc":{"start":{"line":27,"column":63},"end":{"line":29,"column":3}}},"4":{"name":"(anonymous_4)","decl":{"start":{"line":31,"column":32},"end":{"line":31,"column":null}},"loc":{"start":{"line":34,"column":6},"end":{"line":36,"column":3}}},"5":{"name":"(anonymous_5)","decl":{"start":{"line":38,"column":28},"end":{"line":38,"column":29}},"loc":{"start":{"line":38,"column":68},"end":{"line":40,"column":3}}},"6":{"name":"(anonymous_6)","decl":{"start":{"line":42,"column":26},"end":{"line":42,"column":27}},"loc":{"start":{"line":42,"column":68},"end":{"line":44,"column":null}}}},"branchMap":{},"s":{"0":8,"1":8,"2":1,"3":1,"4":1,"5":1,"6":1,"7":1,"8":1,"9":8},"f":{"0":1,"1":1,"2":1,"3":1,"4":1,"5":1,"6":1},"b":{}}
,"D:\\Projects\\Vue\\job-search\\src\\store\\state.ts": {"path":"D:\\Projects\\Vue\\job-search\\src\\store\\state.ts","statementMap":{"0":{"start":{"line":3,"column":14},"end":{"line":12,"column":1}},"1":{"start":{"line":4,"column":2},"end":{"line":11,"column":null}},"2":{"start":{"line":14,"column":0},"end":{"line":14,"column":null}}},"fnMap":{"0":{"name":"(anonymous_0)","decl":{"start":{"line":3,"column":14},"end":{"line":3,"column":32}},"loc":{"start":{"line":3,"column":32},"end":{"line":12,"column":1}}}},"branchMap":{},"s":{"0":12,"1":27,"2":12},"f":{"0":27},"b":{}}
,"D:\\Projects\\Vue\\job-search\\tests\\unit\\store\\utils.ts": {"path":"D:\\Projects\\Vue\\job-search\\tests\\unit\\store\\utils.ts","statementMap":{"0":{"start":{"line":1,"column":0},"end":{"line":1,"column":null}},"1":{"start":{"line":5,"column":27},"end":{"line":8,"column":1}},"2":{"start":{"line":6,"column":23},"end":{"line":6,"column":30}},"3":{"start":{"line":7,"column":2},"end":{"line":7,"column":null}},"4":{"start":{"line":5,"column":13},"end":{"line":5,"column":27}},"5":{"start":{"line":10,"column":25},"end":{"line":22,"column":2}},"6":{"start":{"line":10,"column":62},"end":{"line":22,"column":2}},"7":{"start":{"line":10,"column":13},"end":{"line":10,"column":25}},"8":{"start":{"line":24,"column":28},"end":{"line":28,"column":2}},"9":{"start":{"line":24,"column":71},"end":{"line":28,"column":2}},"10":{"start":{"line":24,"column":13},"end":{"line":24,"column":28}}},"fnMap":{"0":{"name":"(anonymous_1)","decl":{"start":{"line":5,"column":27},"end":{"line":5,"column":28}},"loc":{"start":{"line":5,"column":78},"end":{"line":8,"column":1}}},"1":{"name":"(anonymous_2)","decl":{"start":{"line":10,"column":25},"end":{"line":10,"column":26}},"loc":{"start":{"line":10,"column":62},"end":{"line":22,"column":2}}},"2":{"name":"(anonymous_3)","decl":{"start":{"line":24,"column":28},"end":{"line":24,"column":29}},"loc":{"start":{"line":24,"column":71},"end":{"line":28,"column":2}}}},"branchMap":{"0":{"loc":{"start":{"line":5,"column":28},"end":{"line":5,"column":61}},"type":"default-arg","locations":[{"start":{"line":5,"column":59},"end":{"line":5,"column":61}}]},"1":{"loc":{"start":{"line":10,"column":26},"end":{"line":10,"column":51}},"type":"default-arg","locations":[{"start":{"line":10,"column":49},"end":{"line":10,"column":51}}]},"2":{"loc":{"start":{"line":24,"column":29},"end":{"line":24,"column":57}},"type":"default-arg","locations":[{"start":{"line":24,"column":55},"end":{"line":24,"column":57}}]}},"s":{"0":4,"1":4,"2":17,"3":17,"4":4,"5":4,"6":24,"7":4,"8":4,"9":6,"10":4},"f":{"0":17,"1":24,"2":6},"b":{"0":[0],"1":[3],"2":[3]}}
}
