{"D:\\Projects\\Vue\\job-search\\src\\components\\ActionButton.vue": {"path":"D:\\Projects\\Vue\\job-search\\src\\components\\ActionButton.vue","statementMap":{"0":{"start":{"line":4,"column":0},"end":{"line":6,"column":3}},"1":{"start":{"line":7,"column":0},"end":{"line":7,"column":25}},"2":{"start":{"line":8,"column":15},"end":{"line":15,"column":1}},"3":{"start":{"line":12,"column":6},"end":{"line":12,"column":25}},"4":{"start":{"line":18,"column":0},"end":{"line":18,"column":13}},"5":{"start":{"line":20,"column":0},"end":{"line":22,"column":3}},"6":{"start":{"line":23,"column":0},"end":{"line":23,"column":24}},"7":{"start":{"line":24,"column":11},"end":{"line":24,"column":25}},"8":{"start":{"line":25,"column":19},"end":{"line":27,"column":1}},"9":{"start":{"line":29,"column":2},"end":{"line":29,"column":96}},"10":{"start":{"line":30,"column":2},"end":{"line":30,"column":49}}},"fnMap":{"0":{"name":"(anonymous_0)","decl":{"start":{"line":11,"column":4},"end":{"line":11,"column":5}},"loc":{"start":{"line":11,"column":23},"end":{"line":13,"column":5}},"line":11},"1":{"name":"render","decl":{"start":{"line":28,"column":9},"end":{"line":28,"column":15}},"loc":{"start":{"line":28,"column":30},"end":{"line":30,"column":1}},"line":28}},"branchMap":{},"s":{"0":1,"1":1,"2":1,"3":0,"4":1,"5":1,"6":1,"7":1,"8":1,"9":4,"10":1},"f":{"0":0,"1":4},"b":{},"inputSourceMap":{"0":"{","1":"\"","2":"v","3":"e","4":"r","5":"s","6":"i","7":"o","8":"n","9":"\"","10":":","11":"3","12":",","13":"\"","14":"s","15":"o","16":"u","17":"r","18":"c","19":"e","20":"s","21":"\"","22":":","23":"[","24":"\"","25":"D","26":":","27":"\\","28":"\\","29":"P","30":"r","31":"o","32":"j","33":"e","34":"c","35":"t","36":"s","37":"\\","38":"\\","39":"V","40":"u","41":"e","42":"\\","43":"\\","44":"j","45":"o","46":"b","47":"-","48":"s","49":"e","50":"a","51":"r","52":"c","53":"h","54":"\\","55":"\\","56":"s","57":"r","58":"c","59":"\\","60":"\\","61":"c","62":"o","63":"m","64":"p","65":"o","66":"n","67":"e","68":"n","69":"t","70":"s","71":"\\","72":"\\","73":"A","74":"c","75":"t","76":"i","77":"o","78":"n","79":"B","80":"u","81":"t","82":"t","83":"o","84":"n","85":".","86":"v","87":"u","88":"e","89":"\"","90":"]","91":",","92":"\"","93":"n","94":"a","95":"m","96":"e","97":"s","98":"\"","99":":","100":"[","101":"]","102":",","103":"\"","104":"m","105":"a","106":"p","107":"p","108":"i","109":"n","110":"g","111":"s","112":"\"","113":":","114":"\"","115":";","116":";","117":";","118":";","119":";","120":";","121":";","122":"e","123":"A","124":"S","125":"e","126":";","127":"E","128":"A","129":"C","130":"b","131":",","132":"I","133":"A","134":"A","135":"I","136":",","137":"E","138":"A","139":"A","140":"E","141":",","142":"c","143":"A","144":"A","145":"c","146":";","147":"E","148":"A","149":"C","150":"p","151":"B","152":",","153":"O","154":"A","155":"A","156":"O","157":",","158":"E","159":"A","160":"A","161":"E","162":";","163":"I","164":"A","165":"C","166":"P","167":",","168":"W","169":"A","170":"A","171":"W","172":",","173":"C","174":"A","175":"A","176":"C","177":",","178":"K","179":"A","180":"A","181":"K","182":",","183":"E","184":"A","185":"A","186":"E","187":";","188":"M","189":"A","190":"C","191":"j","192":"B","193":",","194":"O","195":"A","196":"A","197":"O","198":",","199":"C","200":"A","201":"A","202":"C","203":",","204":"G","205":"A","206":"A","207":"G","208":",","209":"C","210":"A","211":"A","212":"C","213":",","214":"K","215":"A","216":"A","217":"K","218":",","219":"C","220":"A","221":"A","222":"C","223":";","224":"I","225":"A","226":"C","227":"p","228":"B","229":";","230":"E","231":"A","232":"C","233":"F","234":";","235":"A","236":"A","237":"C","238":"F","239":",","240":"C","241":"A","242":"A","243":"C","244":";","245":"A","246":"A","247":"A","248":"A","249":";","250":"A","251":"A","252":"A","253":"A","254":"\"","255":",","256":"\"","257":"f","258":"i","259":"l","260":"e","261":"\"","262":":","263":"\"","264":"D","265":":","266":"\\","267":"\\","268":"P","269":"r","270":"o","271":"j","272":"e","273":"c","274":"t","275":"s","276":"\\","277":"\\","278":"V","279":"u","280":"e","281":"\\","282":"\\","283":"j","284":"o","285":"b","286":"-","287":"s","288":"e","289":"a","290":"r","291":"c","292":"h","293":"\\","294":"\\","295":"s","296":"r","297":"c","298":"\\","299":"\\","300":"c","301":"o","302":"m","303":"p","304":"o","305":"n","306":"e","307":"n","308":"t","309":"s","310":"\\","311":"\\","312":"A","313":"c","314":"t","315":"i","316":"o","317":"n","318":"B","319":"u","320":"t","321":"t","322":"o","323":"n","324":".","325":"v","326":"u","327":"e","328":"\"","329":",","330":"\"","331":"s","332":"o","333":"u","334":"r","335":"c","336":"e","337":"s","338":"C","339":"o","340":"n","341":"t","342":"e","343":"n","344":"t","345":"\"","346":":","347":"[","348":"\"","349":"<","350":"t","351":"e","352":"m","353":"p","354":"l","355":"a","356":"t","357":"e","358":">","359":"\\","360":"n","361":" ","362":" ","363":"<","364":"b","365":"u","366":"t","367":"t","368":"o","369":"n","370":"\\","371":"n","372":" ","373":" ","374":" ","375":" ","376":"c","377":"l","378":"a","379":"s","380":"s","381":"=","382":"\\","383":"\"","384":"p","385":"x","386":"-","387":"5","388":" ","389":"p","390":"y","391":"-","392":"3","393":" ","394":"f","395":"o","396":"n","397":"t","398":"-","399":"m","400":"e","401":"d","402":"i","403":"u","404":"m","405":" ","406":"t","407":"e","408":"x","409":"t","410":"-","411":"w","412":"h","413":"i","414":"t","415":"e","416":" ","417":"b","418":"o","419":"r","420":"d","421":"e","422":"r","423":"-","424":"0","425":" ","426":"r","427":"o","428":"u","429":"n","430":"d","431":"e","432":"d","433":" ","434":"b","435":"g","436":"-","437":"b","438":"r","439":"a","440":"n","441":"d","442":"-","443":"b","444":"l","445":"u","446":"e","447":"-","448":"1","449":" ","450":"h","451":"o","452":"v","453":"e","454":"r","455":":","456":"s","457":"h","458":"a","459":"d","460":"o","461":"w","462":"-","463":"b","464":"l","465":"u","466":"e","467":"\\","468":"\"","469":"\\","470":"n","471":" ","472":" ","473":">","474":"\\","475":"n","476":" ","477":" ","478":" ","479":" ","480":"S","481":"i","482":"g","483":"n","484":" ","485":"i","486":"n","487":"\\","488":"n","489":" ","490":" ","491":"<","492":"/","493":"b","494":"u","495":"t","496":"t","497":"o","498":"n","499":">","500":"\\","501":"n","502":"<","503":"/","504":"t","505":"e","506":"m","507":"p","508":"l","509":"a","510":"t","511":"e","512":">","513":"\\","514":"n","515":"\\","516":"n","517":"<","518":"s","519":"c","520":"r","521":"i","522":"p","523":"t","524":">","525":"\\","526":"n","527":"e","528":"x","529":"p","530":"o","531":"r","532":"t","533":" ","534":"d","535":"e","536":"f","537":"a","538":"u","539":"l","540":"t","541":" ","542":"{","543":"\\","544":"n","545":" ","546":" ","547":"n","548":"a","549":"m","550":"e","551":":","552":" ","553":"\\","554":"\"","555":"A","556":"c","557":"t","558":"i","559":"o","560":"n","561":"B","562":"u","563":"t","564":"t","565":"o","566":"n","567":"\\","568":"\"","569":",","570":"\\","571":"n","572":" ","573":" ","574":"m","575":"e","576":"t","577":"h","578":"o","579":"d","580":"s","581":":","582":" ","583":"{","584":"\\","585":"n","586":" ","587":" ","588":" ","589":" ","590":"h","591":"a","592":"n","593":"d","594":"l","595":"e","596":"C","597":"l","598":"i","599":"c","600":"k","601":"(","602":"e","603":"v","604":"e","605":"n","606":"t","607":")","608":" ","609":"{","610":"\\","611":"n","612":" ","613":" ","614":" ","615":" ","616":" ","617":" ","618":"c","619":"o","620":"n","621":"s","622":"o","623":"l","624":"e","625":".","626":"l","627":"o","628":"g","629":"(","630":"e","631":"v","632":"e","633":"n","634":"t","635":")","636":";","637":"\\","638":"n","639":" ","640":" ","641":" ","642":" ","643":"}","644":",","645":"\\","646":"n","647":" ","648":" ","649":"}","650":",","651":"\\","652":"n","653":"}","654":";","655":"\\","656":"n","657":"<","658":"/","659":"s","660":"c","661":"r","662":"i","663":"p","664":"t","665":">","666":"\\","667":"n","668":"\\","669":"n","670":"<","671":"s","672":"t","673":"y","674":"l","675":"e","676":" ","677":"s","678":"c","679":"o","680":"p","681":"e","682":"d","683":">","684":"<","685":"/","686":"s","687":"t","688":"y","689":"l","690":"e","691":">","692":"\\","693":"n","694":"\"","695":"]","696":"}"},"_coverageSchema":"1a1c01bbd47fc00a2c39e90264f33305004495a9","hash":"d46ffc67212c542ba1651ae861b2264d30d56271"}
,"D:\\Projects\\Vue\\job-search\\src\\components\\MainNav.vue": {"path":"D:\\Projects\\Vue\\job-search\\src\\components\\MainNav.vue","statementMap":{"0":{"start":{"line":4,"column":29},"end":{"line":4,"column":135}},"1":{"start":{"line":5,"column":0},"end":{"line":7,"column":3}},"2":{"start":{"line":8,"column":0},"end":{"line":8,"column":25}},"3":{"start":{"line":49,"column":0},"end":{"line":49,"column":13}},"4":{"start":{"line":51,"column":0},"end":{"line":53,"column":3}},"5":{"start":{"line":54,"column":0},"end":{"line":54,"column":24}},"6":{"start":{"line":55,"column":11},"end":{"line":55,"column":25}},"7":{"start":{"line":56,"column":19},"end":{"line":58,"column":1}},"8":{"start":{"line":59,"column":19},"end":{"line":61,"column":1}},"9":{"start":{"line":62,"column":19},"end":{"line":64,"column":1}},"10":{"start":{"line":65,"column":19},"end":{"line":65,"column":27}},"11":{"start":{"line":66,"column":19},"end":{"line":68,"column":1}},"12":{"start":{"line":69,"column":19},"end":{"line":71,"column":1}},"13":{"start":{"line":72,"column":19},"end":{"line":75,"column":1}},"14":{"start":{"line":76,"column":19},"end":{"line":78,"column":1}},"15":{"start":{"line":80,"column":34},"end":{"line":80,"column":76}},"16":{"start":{"line":81,"column":34},"end":{"line":81,"column":76}},"17":{"start":{"line":82,"column":2},"end":{"line":99,"column":48}},"18":{"start":{"line":86,"column":4},"end":{"line":90,"column":107}},"19":{"start":{"line":100,"column":2},"end":{"line":100,"column":49}}},"fnMap":{"0":{"name":"render","decl":{"start":{"line":79,"column":9},"end":{"line":79,"column":15}},"loc":{"start":{"line":79,"column":30},"end":{"line":100,"column":1}},"line":79},"1":{"name":"(anonymous_1)","decl":{"start":{"line":85,"column":292},"end":{"line":85,"column":293}},"loc":{"start":{"line":85,"column":304},"end":{"line":91,"column":3}},"line":85}},"branchMap":{"0":{"loc":{"start":{"line":91,"column":87},"end":{"line":99,"column":39}},"type":"cond-expr","locations":[{"start":{"line":91,"column":106},"end":{"line":95,"column":38}},{"start":{"line":95,"column":43},"end":{"line":99,"column":38}}],"line":91}},"s":{"0":1,"1":1,"2":1,"3":1,"4":1,"5":1,"6":1,"7":1,"8":1,"9":1,"10":1,"11":1,"12":1,"13":1,"14":1,"15":5,"16":5,"17":5,"18":30,"19":1},"f":{"0":5,"1":30},"b":{"0":[1,4]},"inputSourceMap":{"0":"{","1":"\"","2":"v","3":"e","4":"r","5":"s","6":"i","7":"o","8":"n","9":"\"","10":":","11":"3","12":",","13":"\"","14":"s","15":"o","16":"u","17":"r","18":"c","19":"e","20":"s","21":"\"","22":":","23":"[","24":"\"","25":"D","26":":","27":"\\","28":"\\","29":"P","30":"r","31":"o","32":"j","33":"e","34":"c","35":"t","36":"s","37":"\\","38":"\\","39":"V","40":"u","41":"e","42":"\\","43":"\\","44":"j","45":"o","46":"b","47":"-","48":"s","49":"e","50":"a","51":"r","52":"c","53":"h","54":"\\","55":"\\","56":"s","57":"r","58":"c","59":"\\","60":"\\","61":"c","62":"o","63":"m","64":"p","65":"o","66":"n","67":"e","68":"n","69":"t","70":"s","71":"\\","72":"\\","73":"M","74":"a","75":"i","76":"n","77":"N","78":"a","79":"v","80":".","81":"v","82":"u","83":"e","84":"\"","85":"]","86":",","87":"\"","88":"n","89":"a","90":"m","91":"e","92":"s","93":"\"","94":":","95":"[","96":"]","97":",","98":"\"","99":"m","100":"a","101":"p","102":"p","103":"i","104":"n","105":"g","106":"s","107":"\"","108":":","109":"\"","110":";","111":";","112":";","113":";","114":";","115":";","116":";","117":";","118":"A","119":"A","120":"q","121":"C","122":"A","123":";","124":"A","125":"A","126":"A","127":"A","128":";","129":"A","130":"A","131":"A","132":"A","133":";","134":"A","135":"A","136":"C","137":"A","138":";","139":"A","140":"A","141":"A","142":"A","143":";","144":"A","145":"A","146":"A","147":"A","148":";","149":"A","150":"A","151":"A","152":"q","153":"D","154":";","155":"A","156":"A","157":"A","158":"A","159":",","160":"e","161":"A","162":"C","163":"t","164":"C","165":";","166":"E","167":"A","168":"C","169":"b","170":",","171":"I","172":"A","173":"A","174":"I","175":",","176":"E","177":"A","178":"A","179":"E","180":",","181":"S","182":"A","183":"A","184":"S","185":";","186":"E","187":"A","188":"C","189":"f","190":",","191":"U","192":"A","193":"A","194":"U","195":",","196":"E","197":"A","198":"A","199":"E","200":";","201":"I","202":"A","203":"A","204":"E","205":",","206":"Y","207":"A","208":"A","209":"Y","210":";","211":"I","212":"A","213":"A","214":"Z","215":";","216":"I","217":"A","218":"A","219":"A","220":";","221":"I","222":"A","223":"A","224":"A","225":";","226":"I","227":"A","228":"A","229":"A","230":",","231":"O","232":"A","233":"A","234":"Y","235":";","236":"I","237":"A","238":"A","239":"E","240":",","241":"Y","242":"A","243":"A","244":"Y","245":";","246":"I","247":"A","248":"A","249":"Z","250":";","251":"I","252":"A","253":"A","254":"A","255":";","256":"I","257":"A","258":"A","259":"A","260":";","261":"I","262":"A","263":"A","264":"A","265":";","266":"E","267":"A","268":"A","269":"a","270":",","271":"C","272":"A","273":"A","274":"C","275":";","276":"E","277":"A","278":"C","279":"1","280":"C","281":",","282":"I","283":"A","284":"A","285":"I","286":",","287":"G","288":"A","289":"A","290":"G","291":";","292":"I","293":"A","294":"C","295":"L","296":",","297":"O","298":"A","299":"A","300":"O","301":";","302":"M","303":"A","304":"C","305":"L","306":",","307":"O","308":"A","309":"A","310":"O","311":",","312":"E","313":"A","314":"A","315":"E","316":",","317":"S","318":"A","319":"A","320":"S","321":";","322":"M","323":"A","324":"C","325":"l","326":"B","327":",","328":"G","329":"A","330":"A","331":"G","332":",","333":"E","334":"A","335":"A","336":"E","337":",","338":"4","339":"B","340":"A","341":"A","342":"4","343":"B","344":";","345":"M","346":"A","347":"C","348":"j","349":"C","350":",","351":"S","352":"A","353":"A","354":"S","355":",","356":"E","357":"A","358":"A","359":"E","360":",","361":"C","362":"A","363":"C","364":"T","365":",","366":"O","367":"A","368":"A","369":"O","370":",","371":"E","372":"A","373":"C","374":"P","375":",","376":"W","377":"A","378":"A","379":"W","380":",","381":"E","382":"A","383":"C","384":"X","385":",","386":"M","387":"A","388":"A","389":"M","390":",","391":"E","392":"A","393":"C","394":"N","395":",","396":"a","397":"A","398":"A","399":"a","400":",","401":"E","402":"A","403":"C","404":"b","405":",","406":"U","407":"A","408":"A","409":"U","410":",","411":"E","412":"A","413":"C","414":"V","415":",","416":"M","417":"A","418":"A","419":"M","420":",","421":"C","422":"A","423":"C","424":"P","425":";","426":"M","427":"A","428":"C","429":"D","430":",","431":"U","432":"A","433":"A","434":"U","435":",","436":"E","437":"A","438":"A","439":"E","440":";","441":"I","442":"A","443":"C","444":"d","445":",","446":"C","447":"A","448":"A","449":"C","450":";","451":"E","452":"A","453":"C","454":"H","455":",","456":"C","457":"A","458":"A","459":"C","460":";","461":"E","462":"A","463":"C","464":"D","465":",","466":"O","467":"A","468":"A","469":"O","470":",","471":"E","472":"A","473":"A","474":"E","475":";","476":"I","477":"A","478":"C","479":"P","480":",","481":"S","482":"A","483":"A","484":"S","485":",","486":"G","487":"A","488":"A","489":"G","490":";","491":"M","492":"A","493":"C","494":"V","495":",","496":"I","497":"A","498":"A","499":"I","500":",","501":"C","502":"A","503":"A","504":"C","505":",","506":"U","507":"A","508":"A","509":"U","510":",","511":"G","512":"A","513":"A","514":"G","515":",","516":"I","517":"A","518":"A","519":"I","520":";","521":"I","522":"A","523":"C","524":"x","525":"B","526":",","527":"C","528":"A","529":"A","530":"C","531":";","532":"I","533":"A","534":"C","535":"D","536":",","537":"U","538":"A","539":"A","540":"U","541":",","542":"G","543":"A","544":"A","545":"G","546":";","547":"M","548":"A","549":"C","550":"X","551":",","552":"I","553":"A","554":"A","555":"I","556":",","557":"C","558":"A","559":"A","560":"C","561":",","562":"U","563":"A","564":"A","565":"U","566":",","567":"G","568":"A","569":"A","570":"G","571":",","572":"K","573":"A","574":"A","575":"K","576":";","577":"I","578":"A","579":"C","580":"z","581":"B","582":";","583":"E","584":"A","585":"C","586":"F","587":";","588":"A","589":"A","590":"C","591":"F","592":",","593":"C","594":"A","595":"A","596":"C","597":";","598":"A","599":"A","600":"A","601":"A","602":";","603":"A","604":"A","605":"A","606":"A","607":"\"","608":",","609":"\"","610":"f","611":"i","612":"l","613":"e","614":"\"","615":":","616":"\"","617":"D","618":":","619":"\\","620":"\\","621":"P","622":"r","623":"o","624":"j","625":"e","626":"c","627":"t","628":"s","629":"\\","630":"\\","631":"V","632":"u","633":"e","634":"\\","635":"\\","636":"j","637":"o","638":"b","639":"-","640":"s","641":"e","642":"a","643":"r","644":"c","645":"h","646":"\\","647":"\\","648":"s","649":"r","650":"c","651":"\\","652":"\\","653":"c","654":"o","655":"m","656":"p","657":"o","658":"n","659":"e","660":"n","661":"t","662":"s","663":"\\","664":"\\","665":"M","666":"a","667":"i","668":"n","669":"N","670":"a","671":"v","672":".","673":"v","674":"u","675":"e","676":"\"","677":",","678":"\"","679":"s","680":"o","681":"u","682":"r","683":"c","684":"e","685":"s","686":"C","687":"o","688":"n","689":"t","690":"e","691":"n","692":"t","693":"\"","694":":","695":"[","696":"\"","697":"<","698":"t","699":"e","700":"m","701":"p","702":"l","703":"a","704":"t","705":"e","706":">","707":"\\","708":"n","709":" ","710":" ","711":"<","712":"h","713":"e","714":"a","715":"d","716":"e","717":"r","718":" ","719":"c","720":"l","721":"a","722":"s","723":"s","724":"=","725":"\\","726":"\"","727":"w","728":"-","729":"f","730":"u","731":"l","732":"l","733":" ","734":"t","735":"e","736":"x","737":"t","738":"-","739":"s","740":"m","741":" ","742":"f","743":"o","744":"n","745":"t","746":"-","747":"s","748":"e","749":"m","750":"i","751":"b","752":"o","753":"l","754":"d","755":"\\","756":"\"","757":">","758":"\\","759":"n","760":" ","761":" ","762":" ","763":" ","764":"<","765":"d","766":"i","767":"v","768":" ","769":"c","770":"l","771":"a","772":"s","773":"s","774":"=","775":"\\","776":"\"","777":"f","778":"i","779":"x","780":"e","781":"d","782":" ","783":"t","784":"o","785":"p","786":"-","787":"0","788":" ","789":"l","790":"e","791":"f","792":"t","793":"-","794":"0","795":" ","796":"w","797":"-","798":"f","799":"u","800":"l","801":"l","802":" ","803":"h","804":"-","805":"1","806":"6","807":" ","808":"b","809":"g","810":"-","811":"w","812":"h","813":"i","814":"t","815":"e","816":"\\","817":"\"","818":">","819":"\\","820":"n","821":" ","822":" ","823":" ","824":" ","825":" ","826":" ","827":"<","828":"d","829":"i","830":"v","831":"\\","832":"n","833":" ","834":" ","835":" ","836":" ","837":" ","838":" ","839":" ","840":" ","841":"c","842":"l","843":"a","844":"s","845":"s","846":"=","847":"\\","848":"\"","849":"f","850":"l","851":"e","852":"x","853":" ","854":"f","855":"l","856":"e","857":"x","858":"-","859":"n","860":"o","861":"w","862":"r","863":"a","864":"p","865":" ","866":"h","867":"-","868":"f","869":"u","870":"l","871":"l","872":" ","873":"p","874":"x","875":"-","876":"8","877":" ","878":"m","879":"x","880":"-","881":"a","882":"u","883":"t","884":"o","885":" ","886":"b","887":"o","888":"r","889":"d","890":"e","891":"r","892":"-","893":"b","894":" ","895":"b","896":"o","897":"r","898":"d","899":"e","900":"r","901":"-","902":"s","903":"o","904":"l","905":"i","906":"d","907":" ","908":"b","909":"o","910":"r","911":"d","912":"e","913":"r","914":"-","915":"b","916":"r","917":"a","918":"n","919":"d","920":"-","921":"g","922":"r","923":"a","924":"y","925":"-","926":"1","927":"\\","928":"\"","929":"\\","930":"n","931":" ","932":" ","933":" ","934":" ","935":" ","936":" ","937":">","938":"\\","939":"n","940":" ","941":" ","942":" ","943":" ","944":" ","945":" ","946":" ","947":" ","948":"<","949":"a","950":" ","951":":","952":"h","953":"r","954":"e","955":"f","956":"=","957":"\\","958":"\"","959":"u","960":"r","961":"l","962":"\\","963":"\"","964":" ","965":"c","966":"l","967":"a","968":"s","969":"s","970":"=","971":"\\","972":"\"","973":"f","974":"l","975":"e","976":"x","977":" ","978":"i","979":"t","980":"e","981":"m","982":"s","983":"-","984":"c","985":"e","986":"n","987":"t","988":"e","989":"r","990":" ","991":"h","992":"-","993":"f","994":"u","995":"l","996":"l","997":" ","998":"t","999":"e","1000":"x","1001":"t","1002":"-","1003":"x","1004":"l","1005":"\\","1006":"\"","1007":">","1008":"\\","1009":"n","1010":" ","1011":" ","1012":" ","1013":" ","1014":" ","1015":" ","1016":" ","1017":" ","1018":" ","1019":" ","1020":"{","1021":"{","1022":" ","1023":"c","1024":"o","1025":"m","1026":"p","1027":"a","1028":"n","1029":"y","1030":" ","1031":"}","1032":"}","1033":"\\","1034":"n","1035":" ","1036":" ","1037":" ","1038":" ","1039":" ","1040":" ","1041":" ","1042":" ","1043":"<","1044":"/","1045":"a","1046":">","1047":"\\","1048":"n","1049":" ","1050":" ","1051":" ","1052":" ","1053":" ","1054":" ","1055":" ","1056":" ","1057":"<","1058":"n","1059":"a","1060":"v","1061":" ","1062":"c","1063":"l","1064":"a","1065":"s","1066":"s","1067":"=","1068":"\\","1069":"\"","1070":"h","1071":"-","1072":"f","1073":"u","1074":"l","1075":"l","1076":" ","1077":"m","1078":"l","1079":"-","1080":"1","1081":"2","1082":"\\","1083":"\"","1084":">","1085":"\\","1086":"n","1087":" ","1088":" ","1089":" ","1090":" ","1091":" ","1092":" ","1093":" ","1094":" ","1095":" ","1096":" ","1097":"<","1098":"u","1099":"l","1100":" ","1101":"c","1102":"l","1103":"a","1104":"s","1105":"s","1106":"=","1107":"\\","1108":"\"","1109":"f","1110":"l","1111":"e","1112":"x","1113":" ","1114":"h","1115":"-","1116":"f","1117":"u","1118":"l","1119":"l","1120":" ","1121":"p","1122":"-","1123":"0","1124":" ","1125":"m","1126":"-","1127":"0","1128":" ","1129":"l","1130":"i","1131":"s","1132":"t","1133":"-","1134":"n","1135":"o","1136":"n","1137":"e","1138":"\\","1139":"\"","1140":">","1141":"\\","1142":"n","1143":" ","1144":" ","1145":" ","1146":" ","1147":" ","1148":" ","1149":" ","1150":" ","1151":" ","1152":" ","1153":" ","1154":" ","1155":"<","1156":"l","1157":"i","1158":"\\","1159":"n","1160":" ","1161":" ","1162":" ","1163":" ","1164":" ","1165":" ","1166":" ","1167":" ","1168":" ","1169":" ","1170":" ","1171":" ","1172":" ","1173":" ","1174":"v","1175":"-","1176":"f","1177":"o","1178":"r","1179":"=","1180":"\\","1181":"\"","1182":"m","1183":"e","1184":"n","1185":"u","1186":"I","1187":"t","1188":"e","1189":"m","1190":" ","1191":"i","1192":"n","1193":" ","1194":"m","1195":"e","1196":"n","1197":"u","1198":"I","1199":"t","1200":"e","1201":"m","1202":"s","1203":"\\","1204":"\"","1205":"\\","1206":"n","1207":" ","1208":" ","1209":" ","1210":" ","1211":" ","1212":" ","1213":" ","1214":" ","1215":" ","1216":" ","1217":" ","1218":" ","1219":" ","1220":" ","1221":":","1222":"k","1223":"e","1224":"y","1225":"=","1226":"\\","1227":"\"","1228":"m","1229":"e","1230":"n","1231":"u","1232":"I","1233":"t","1234":"e","1235":"m","1236":"\\","1237":"\"","1238":"\\","1239":"n","1240":" ","1241":" ","1242":" ","1243":" ","1244":" ","1245":" ","1246":" ","1247":" ","1248":" ","1249":" ","1250":" ","1251":" ","1252":" ","1253":" ","1254":"d","1255":"a","1256":"t","1257":"a","1258":"-","1259":"t","1260":"e","1261":"s","1262":"t","1263":"=","1264":"\\","1265":"\"","1266":"m","1267":"a","1268":"i","1269":"n","1270":"-","1271":"n","1272":"a","1273":"v","1274":"-","1275":"l","1276":"i","1277":"s","1278":"t","1279":"-","1280":"i","1281":"t","1282":"e","1283":"m","1284":"\\","1285":"\"","1286":"\\","1287":"n","1288":" ","1289":" ","1290":" ","1291":" ","1292":" ","1293":" ","1294":" ","1295":" ","1296":" ","1297":" ","1298":" ","1299":" ","1300":" ","1301":" ","1302":"c","1303":"l","1304":"a","1305":"s","1306":"s","1307":"=","1308":"\\","1309":"\"","1310":"h","1311":"-","1312":"f","1313":"u","1314":"l","1315":"l","1316":" ","1317":"m","1318":"l","1319":"-","1320":"9","1321":" ","1322":"f","1323":"i","1324":"r","1325":"s","1326":"t","1327":":","1328":"m","1329":"l","1330":"-","1331":"0","1332":"\\","1333":"\"","1334":"\\","1335":"n","1336":" ","1337":" ","1338":" ","1339":" ","1340":" ","1341":" ","1342":" ","1343":" ","1344":" ","1345":" ","1346":" ","1347":" ","1348":">","1349":"\\","1350":"n","1351":" ","1352":" ","1353":" ","1354":" ","1355":" ","1356":" ","1357":" ","1358":" ","1359":" ","1360":" ","1361":" ","1362":" ","1363":" ","1364":" ","1365":"<","1366":"a","1367":" ","1368":"h","1369":"r","1370":"e","1371":"f","1372":"=","1373":"\\","1374":"\"","1375":"\\","1376":"\"","1377":" ","1378":"c","1379":"l","1380":"a","1381":"s","1382":"s","1383":"=","1384":"\\","1385":"\"","1386":"f","1387":"l","1388":"e","1389":"x","1390":" ","1391":"i","1392":"t","1393":"e","1394":"m","1395":"s","1396":"-","1397":"c","1398":"e","1399":"n","1400":"t","1401":"e","1402":"r","1403":" ","1404":"h","1405":"-","1406":"f","1407":"u","1408":"l","1409":"l","1410":" ","1411":"p","1412":"y","1413":"-","1414":"2","1415":".","1416":"5","1417":"\\","1418":"\"","1419":">","1420":"\\","1421":"n","1422":" ","1423":" ","1424":" ","1425":" ","1426":" ","1427":" ","1428":" ","1429":" ","1430":" ","1431":" ","1432":" ","1433":" ","1434":" ","1435":" ","1436":" ","1437":" ","1438":"{","1439":"{","1440":" ","1441":"m","1442":"e","1443":"n","1444":"u","1445":"I","1446":"t","1447":"e","1448":"m","1449":" ","1450":"}","1451":"}","1452":"\\","1453":"n","1454":" ","1455":" ","1456":" ","1457":" ","1458":" ","1459":" ","1460":" ","1461":" ","1462":" ","1463":" ","1464":" ","1465":" ","1466":" ","1467":" ","1468":"<","1469":"/","1470":"a","1471":">","1472":"\\","1473":"n","1474":" ","1475":" ","1476":" ","1477":" ","1478":" ","1479":" ","1480":" ","1481":" ","1482":" ","1483":" ","1484":" ","1485":" ","1486":"<","1487":"/","1488":"l","1489":"i","1490":">","1491":"\\","1492":"n","1493":" ","1494":" ","1495":" ","1496":" ","1497":" ","1498":" ","1499":" ","1500":" ","1501":" ","1502":" ","1503":"<","1504":"/","1505":"u","1506":"l","1507":">","1508":"\\","1509":"n","1510":" ","1511":" ","1512":" ","1513":" ","1514":" ","1515":" ","1516":" ","1517":" ","1518":"<","1519":"/","1520":"n","1521":"a","1522":"v","1523":">","1524":"\\","1525":"n","1526":" ","1527":" ","1528":" ","1529":" ","1530":" ","1531":" ","1532":" ","1533":" ","1534":"<","1535":"d","1536":"i","1537":"v","1538":" ","1539":"c","1540":"l","1541":"a","1542":"s","1543":"s","1544":"=","1545":"\\","1546":"\"","1547":"f","1548":"l","1549":"e","1550":"x","1551":" ","1552":"i","1553":"t","1554":"e","1555":"m","1556":"s","1557":"-","1558":"c","1559":"e","1560":"n","1561":"t","1562":"e","1563":"r","1564":" ","1565":"h","1566":"-","1567":"f","1568":"u","1569":"l","1570":"l","1571":" ","1572":"m","1573":"l","1574":"-","1575":"a","1576":"u","1577":"t","1578":"o","1579":"\\","1580":"\"","1581":">","1582":"\\","1583":"n","1584":" ","1585":" ","1586":" ","1587":" ","1588":" ","1589":" ","1590":" ","1591":" ","1592":" ","1593":" ","1594":"<","1595":"P","1596":"r","1597":"o","1598":"f","1599":"i","1600":"l","1601":"e","1602":"I","1603":"m","1604":"a","1605":"g","1606":"e","1607":"\\","1608":"n","1609":" ","1610":" ","1611":" ","1612":" ","1613":" ","1614":" ","1615":" ","1616":" ","1617":" ","1618":" ","1619":" ","1620":" ","1621":"v","1622":"-","1623":"i","1624":"f","1625":"=","1626":"\\","1627":"\"","1628":"i","1629":"s","1630":"L","1631":"o","1632":"g","1633":"g","1634":"e","1635":"d","1636":"I","1637":"n","1638":"\\","1639":"\"","1640":"\\","1641":"n","1642":" ","1643":" ","1644":" ","1645":" ","1646":" ","1647":" ","1648":" ","1649":" ","1650":" ","1651":" ","1652":" ","1653":" ","1654":"d","1655":"a","1656":"t","1657":"a","1658":"-","1659":"t","1660":"e","1661":"s","1662":"t","1663":"=","1664":"\\","1665":"\"","1666":"p","1667":"r","1668":"o","1669":"f","1670":"i","1671":"l","1672":"e","1673":"-","1674":"i","1675":"m","1676":"a","1677":"g","1678":"e","1679":"\\","1680":"\"","1681":"\\","1682":"n","1683":" ","1684":" ","1685":" ","1686":" ","1687":" ","1688":" ","1689":" ","1690":" ","1691":" ","1692":" ","1693":" ","1694":" ","1695":"@","1696":"c","1697":"l","1698":"i","1699":"c","1700":"k","1701":"=","1702":"\\","1703":"\"","1704":"l","1705":"o","1706":"g","1707":"o","1708":"u","1709":"t","1710":"U","1711":"s","1712":"e","1713":"r","1714":"\\","1715":"\"","1716":"\\","1717":"n","1718":" ","1719":" ","1720":" ","1721":" ","1722":" ","1723":" ","1724":" ","1725":" ","1726":" ","1727":" ","1728":"/","1729":">","1730":"\\","1731":"n","1732":" ","1733":" ","1734":" ","1735":" ","1736":" ","1737":" ","1738":" ","1739":" ","1740":" ","1741":" ","1742":"<","1743":"A","1744":"c","1745":"t","1746":"i","1747":"o","1748":"n","1749":"B","1750":"u","1751":"t","1752":"t","1753":"o","1754":"n","1755":" ","1756":"v","1757":"-","1758":"e","1759":"l","1760":"s","1761":"e","1762":" ","1763":"d","1764":"a","1765":"t","1766":"a","1767":"-","1768":"t","1769":"e","1770":"s","1771":"t","1772":"=","1773":"\\","1774":"\"","1775":"l","1776":"o","1777":"g","1778":"i","1779":"n","1780":"-","1781":"b","1782":"u","1783":"t","1784":"t","1785":"o","1786":"n","1787":"\\","1788":"\"","1789":" ","1790":"@","1791":"c","1792":"l","1793":"i","1794":"c","1795":"k","1796":"=","1797":"\\","1798":"\"","1799":"l","1800":"o","1801":"g","1802":"i","1803":"n","1804":"U","1805":"s","1806":"e","1807":"r","1808":"\\","1809":"\"","1810":" ","1811":"/","1812":">","1813":"\\","1814":"n","1815":" ","1816":" ","1817":" ","1818":" ","1819":" ","1820":" ","1821":" ","1822":" ","1823":"<","1824":"/","1825":"d","1826":"i","1827":"v","1828":">","1829":"\\","1830":"n","1831":" ","1832":" ","1833":" ","1834":" ","1835":" ","1836":" ","1837":"<","1838":"/","1839":"d","1840":"i","1841":"v","1842":">","1843":"\\","1844":"n","1845":" ","1846":" ","1847":" ","1848":" ","1849":"<","1850":"/","1851":"d","1852":"i","1853":"v","1854":">","1855":"\\","1856":"n","1857":" ","1858":" ","1859":"<","1860":"/","1861":"h","1862":"e","1863":"a","1864":"d","1865":"e","1866":"r","1867":">","1868":"\\","1869":"n","1870":"<","1871":"/","1872":"t","1873":"e","1874":"m","1875":"p","1876":"l","1877":"a","1878":"t","1879":"e","1880":">","1881":"\\","1882":"n","1883":"\\","1884":"n","1885":"<","1886":"s","1887":"c","1888":"r","1889":"i","1890":"p","1891":"t","1892":">","1893":"\\","1894":"n","1895":"i","1896":"m","1897":"p","1898":"o","1899":"r","1900":"t","1901":" ","1902":"A","1903":"c","1904":"t","1905":"i","1906":"o","1907":"n","1908":"B","1909":"u","1910":"t","1911":"t","1912":"o","1913":"n","1914":" ","1915":"f","1916":"r","1917":"o","1918":"m","1919":" ","1920":"\\","1921":"\"","1922":"@","1923":"/","1924":"c","1925":"o","1926":"m","1927":"p","1928":"o","1929":"n","1930":"e","1931":"n","1932":"t","1933":"s","1934":"/","1935":"A","1936":"c","1937":"t","1938":"i","1939":"o","1940":"n","1941":"B","1942":"u","1943":"t","1944":"t","1945":"o","1946":"n","1947":"\\","1948":"\"","1949":";","1950":"\\","1951":"n","1952":"i","1953":"m","1954":"p","1955":"o","1956":"r","1957":"t","1958":" ","1959":"P","1960":"r","1961":"o","1962":"f","1963":"i","1964":"l","1965":"e","1966":"I","1967":"m","1968":"a","1969":"g","1970":"e","1971":" ","1972":"f","1973":"r","1974":"o","1975":"m","1976":" ","1977":"\\","1978":"\"","1979":"@","1980":"/","1981":"c","1982":"o","1983":"m","1984":"p","1985":"o","1986":"n","1987":"e","1988":"n","1989":"t","1990":"s","1991":"/","1992":"P","1993":"r","1994":"o","1995":"f","1996":"i","1997":"l","1998":"e","1999":"I","2000":"m","2001":"a","2002":"g","2003":"e","2004":"\\","2005":"\"","2006":";","2007":"\\","2008":"n","2009":"e","2010":"x","2011":"p","2012":"o","2013":"r","2014":"t","2015":" ","2016":"d","2017":"e","2018":"f","2019":"a","2020":"u","2021":"l","2022":"t","2023":" ","2024":"{","2025":"\\","2026":"n","2027":" ","2028":" ","2029":"n","2030":"a","2031":"m","2032":"e","2033":":","2034":" ","2035":"\\","2036":"\"","2037":"M","2038":"a","2039":"i","2040":"n","2041":"N","2042":"a","2043":"v","2044":"\\","2045":"\"","2046":",","2047":"\\","2048":"n","2049":" ","2050":" ","2051":"c","2052":"o","2053":"m","2054":"p","2055":"o","2056":"n","2057":"e","2058":"n","2059":"t","2060":"s","2061":":","2062":" ","2063":"{","2064":" ","2065":"P","2066":"r","2067":"o","2068":"f","2069":"i","2070":"l","2071":"e","2072":"I","2073":"m","2074":"a","2075":"g","2076":"e","2077":",","2078":" ","2079":"A","2080":"c","2081":"t","2082":"i","2083":"o","2084":"n","2085":"B","2086":"u","2087":"t","2088":"t","2089":"o","2090":"n","2091":" ","2092":"}","2093":",","2094":"\\","2095":"n","2096":" ","2097":" ","2098":"d","2099":"a","2100":"t","2101":"a","2102":"(","2103":")","2104":" ","2105":"{","2106":"\\","2107":"n","2108":" ","2109":" ","2110":" ","2111":" ","2112":"r","2113":"e","2114":"t","2115":"u","2116":"r","2117":"n","2118":" ","2119":"{","2120":"\\","2121":"n","2122":" ","2123":" ","2124":" ","2125":" ","2126":" ","2127":" ","2128":"c","2129":"o","2130":"m","2131":"p","2132":"a","2133":"n","2134":"y","2135":":","2136":" ","2137":"\\","2138":"\"","2139":"C","2140":"a","2141":"r","2142":"e","2143":"e","2144":"r","2145":"s","2146":"\\","2147":"\"","2148":",","2149":"\\","2150":"n","2151":" ","2152":" ","2153":" ","2154":" ","2155":" ","2156":" ","2157":"u","2158":"r","2159":"l","2160":":","2161":" ","2162":"\\","2163":"\"","2164":"h","2165":"t","2166":"t","2167":"p","2168":"s","2169":":","2170":"/","2171":"/","2172":"c","2173":"a","2174":"r","2175":"e","2176":"e","2177":"r","2178":"s","2179":".","2180":"g","2181":"o","2182":"o","2183":"g","2184":"l","2185":"e","2186":".","2187":"c","2188":"o","2189":"m","2190":"\\","2191":"\"","2192":",","2193":"\\","2194":"n","2195":" ","2196":" ","2197":" ","2198":" ","2199":" ","2200":" ","2201":"m","2202":"e","2203":"n","2204":"u","2205":"I","2206":"t","2207":"e","2208":"m","2209":"s","2210":":","2211":" ","2212":"[","2213":"\\","2214":"n","2215":" ","2216":" ","2217":" ","2218":" ","2219":" ","2220":" ","2221":" ","2222":" ","2223":"\\","2224":"\"","2225":"T","2226":"e","2227":"a","2228":"m","2229":"s","2230":"\\","2231":"\"","2232":",","2233":"\\","2234":"n","2235":" ","2236":" ","2237":" ","2238":" ","2239":" ","2240":" ","2241":" ","2242":" ","2243":"\\","2244":"\"","2245":"L","2246":"o","2247":"c","2248":"a","2249":"t","2250":"i","2251":"o","2252":"n","2253":"s","2254":"\\","2255":"\"","2256":",","2257":"\\","2258":"n","2259":" ","2260":" ","2261":" ","2262":" ","2263":" ","2264":" ","2265":" ","2266":" ","2267":"\\","2268":"\"","2269":"L","2270":"i","2271":"f","2272":"e","2273":"\\","2274":"\"","2275":",","2276":"\\","2277":"n","2278":" ","2279":" ","2280":" ","2281":" ","2282":" ","2283":" ","2284":" ","2285":" ","2286":"\\","2287":"\"","2288":"H","2289":"o","2290":"w","2291":" ","2292":"w","2293":"e","2294":" ","2295":"h","2296":"i","2297":"r","2298":"e","2299":"\\","2300":"\"","2301":",","2302":"\\","2303":"n","2304":" ","2305":" ","2306":" ","2307":" ","2308":" ","2309":" ","2310":" ","2311":" ","2312":"\\","2313":"\"","2314":"S","2315":"t","2316":"u","2317":"d","2318":"e","2319":"n","2320":"t","2321":"s","2322":"\\","2323":"\"","2324":",","2325":"\\","2326":"n","2327":" ","2328":" ","2329":" ","2330":" ","2331":" ","2332":" ","2333":" ","2334":" ","2335":"\\","2336":"\"","2337":"J","2338":"o","2339":"b","2340":"s","2341":"\\","2342":"\"","2343":",","2344":"\\","2345":"n","2346":" ","2347":" ","2348":" ","2349":" ","2350":" ","2351":" ","2352":"]","2353":",","2354":"\\","2355":"n","2356":" ","2357":" ","2358":" ","2359":" ","2360":" ","2361":" ","2362":"i","2363":"s","2364":"L","2365":"o","2366":"g","2367":"g","2368":"e","2369":"d","2370":"I","2371":"n","2372":":","2373":" ","2374":"f","2375":"a","2376":"l","2377":"s","2378":"e","2379":",","2380":"\\","2381":"n","2382":" ","2383":" ","2384":" ","2385":" ","2386":"}","2387":";","2388":"\\","2389":"n","2390":" ","2391":" ","2392":"}","2393":",","2394":"\\","2395":"n","2396":" ","2397":" ","2398":"m","2399":"e","2400":"t","2401":"h","2402":"o","2403":"d","2404":"s","2405":":","2406":" ","2407":"{","2408":"\\","2409":"n","2410":" ","2411":" ","2412":" ","2413":" ","2414":"l","2415":"o","2416":"g","2417":"i","2418":"n","2419":"U","2420":"s","2421":"e","2422":"r","2423":"(","2424":")","2425":" ","2426":"{","2427":"\\","2428":"n","2429":" ","2430":" ","2431":" ","2432":" ","2433":" ","2434":" ","2435":"t","2436":"h","2437":"i","2438":"s","2439":".","2440":"i","2441":"s","2442":"L","2443":"o","2444":"g","2445":"g","2446":"e","2447":"d","2448":"I","2449":"n","2450":" ","2451":"=","2452":" ","2453":"t","2454":"r","2455":"u","2456":"e","2457":";","2458":"\\","2459":"n","2460":" ","2461":" ","2462":" ","2463":" ","2464":"}","2465":",","2466":"\\","2467":"n","2468":" ","2469":" ","2470":" ","2471":" ","2472":"l","2473":"o","2474":"g","2475":"o","2476":"u","2477":"t","2478":"U","2479":"s","2480":"e","2481":"r","2482":"(","2483":")","2484":" ","2485":"{","2486":"\\","2487":"n","2488":" ","2489":" ","2490":" ","2491":" ","2492":" ","2493":" ","2494":"t","2495":"h","2496":"i","2497":"s","2498":".","2499":"i","2500":"s","2501":"L","2502":"o","2503":"g","2504":"g","2505":"e","2506":"d","2507":"I","2508":"n","2509":" ","2510":"=","2511":" ","2512":"f","2513":"a","2514":"l","2515":"s","2516":"e","2517":";","2518":"\\","2519":"n","2520":" ","2521":" ","2522":" ","2523":" ","2524":"}","2525":",","2526":"\\","2527":"n","2528":" ","2529":" ","2530":"}","2531":",","2532":"\\","2533":"n","2534":"}","2535":";","2536":"\\","2537":"n","2538":"<","2539":"/","2540":"s","2541":"c","2542":"r","2543":"i","2544":"p","2545":"t","2546":">","2547":"\\","2548":"n","2549":"\\","2550":"n","2551":"<","2552":"s","2553":"t","2554":"y","2555":"l","2556":"e","2557":" ","2558":"s","2559":"c","2560":"o","2561":"p","2562":"e","2563":"d","2564":">","2565":"<","2566":"/","2567":"s","2568":"t","2569":"y","2570":"l","2571":"e","2572":">","2573":"\\","2574":"n","2575":"\"","2576":"]","2577":"}"},"_coverageSchema":"1a1c01bbd47fc00a2c39e90264f33305004495a9","hash":"c46c8292c291bd7144c3c7be80b67c0c774fa349"}
,"D:\\Projects\\Vue\\job-search\\src\\components\\ProfileImage.vue": {"path":"D:\\Projects\\Vue\\job-search\\src\\components\\ProfileImage.vue","statementMap":{"0":{"start":{"line":4,"column":0},"end":{"line":6,"column":3}},"1":{"start":{"line":7,"column":0},"end":{"line":7,"column":25}},"2":{"start":{"line":8,"column":15},"end":{"line":15,"column":1}},"3":{"start":{"line":11,"column":4},"end":{"line":13,"column":6}},"4":{"start":{"line":18,"column":0},"end":{"line":18,"column":13}},"5":{"start":{"line":20,"column":0},"end":{"line":22,"column":3}},"6":{"start":{"line":23,"column":0},"end":{"line":23,"column":24}},"7":{"start":{"line":24,"column":11},"end":{"line":24,"column":25}},"8":{"start":{"line":25,"column":19},"end":{"line":25,"column":26}},"9":{"start":{"line":27,"column":2},"end":{"line":31,"column":38}},"10":{"start":{"line":32,"column":2},"end":{"line":32,"column":49}}},"fnMap":{"0":{"name":"(anonymous_0)","decl":{"start":{"line":10,"column":2},"end":{"line":10,"column":3}},"loc":{"start":{"line":10,"column":9},"end":{"line":14,"column":3}},"line":10},"1":{"name":"render","decl":{"start":{"line":26,"column":9},"end":{"line":26,"column":15}},"loc":{"start":{"line":26,"column":30},"end":{"line":32,"column":1}},"line":26}},"branchMap":{},"s":{"0":1,"1":1,"2":1,"3":1,"4":1,"5":1,"6":1,"7":1,"8":1,"9":1,"10":1},"f":{"0":1,"1":1},"b":{},"inputSourceMap":{"0":"{","1":"\"","2":"v","3":"e","4":"r","5":"s","6":"i","7":"o","8":"n","9":"\"","10":":","11":"3","12":",","13":"\"","14":"s","15":"o","16":"u","17":"r","18":"c","19":"e","20":"s","21":"\"","22":":","23":"[","24":"\"","25":"D","26":":","27":"\\","28":"\\","29":"P","30":"r","31":"o","32":"j","33":"e","34":"c","35":"t","36":"s","37":"\\","38":"\\","39":"V","40":"u","41":"e","42":"\\","43":"\\","44":"j","45":"o","46":"b","47":"-","48":"s","49":"e","50":"a","51":"r","52":"c","53":"h","54":"\\","55":"\\","56":"s","57":"r","58":"c","59":"\\","60":"\\","61":"c","62":"o","63":"m","64":"p","65":"o","66":"n","67":"e","68":"n","69":"t","70":"s","71":"\\","72":"\\","73":"P","74":"r","75":"o","76":"f","77":"i","78":"l","79":"e","80":"I","81":"m","82":"a","83":"g","84":"e","85":".","86":"v","87":"u","88":"e","89":"\"","90":"]","91":",","92":"\"","93":"n","94":"a","95":"m","96":"e","97":"s","98":"\"","99":":","100":"[","101":"]","102":",","103":"\"","104":"m","105":"a","106":"p","107":"p","108":"i","109":"n","110":"g","111":"s","112":"\"","113":":","114":"\"","115":";","116":";","117":";","118":";","119":";","120":";","121":";","122":"e","123":"A","124":"K","125":"e","126":";","127":"E","128":"A","129":"C","130":"b","131":",","132":"I","133":"A","134":"A","135":"I","136":",","137":"E","138":"A","139":"A","140":"E","141":",","142":"c","143":"A","144":"A","145":"c","146":";","147":"E","148":"A","149":"C","150":"p","151":"B","152":",","153":"I","154":"A","155":"A","156":"I","157":",","158":"G","159":"A","160":"A","161":"G","162":";","163":"I","164":"A","165":"C","166":"L","167":",","168":"O","169":"A","170":"A","171":"O","172":";","173":"M","174":"A","175":"C","176":"L","177":",","178":"S","179":"A","180":"A","181":"S","182":",","183":"E","184":"A","185":"C","186":"P","187":";","188":"I","189":"A","190":"C","191":"J","192":",","193":"C","194":"A","195":"A","196":"C","197":";","198":"E","199":"A","200":"C","201":"H","202":";","203":"A","204":"A","205":"C","206":"F","207":",","208":"C","209":"A","210":"A","211":"C","212":";","213":"A","214":"A","215":"A","216":"A","217":";","218":"A","219":"A","220":"A","221":"A","222":"\"","223":",","224":"\"","225":"f","226":"i","227":"l","228":"e","229":"\"","230":":","231":"\"","232":"D","233":":","234":"\\","235":"\\","236":"P","237":"r","238":"o","239":"j","240":"e","241":"c","242":"t","243":"s","244":"\\","245":"\\","246":"V","247":"u","248":"e","249":"\\","250":"\\","251":"j","252":"o","253":"b","254":"-","255":"s","256":"e","257":"a","258":"r","259":"c","260":"h","261":"\\","262":"\\","263":"s","264":"r","265":"c","266":"\\","267":"\\","268":"c","269":"o","270":"m","271":"p","272":"o","273":"n","274":"e","275":"n","276":"t","277":"s","278":"\\","279":"\\","280":"P","281":"r","282":"o","283":"f","284":"i","285":"l","286":"e","287":"I","288":"m","289":"a","290":"g","291":"e","292":".","293":"v","294":"u","295":"e","296":"\"","297":",","298":"\"","299":"s","300":"o","301":"u","302":"r","303":"c","304":"e","305":"s","306":"C","307":"o","308":"n","309":"t","310":"e","311":"n","312":"t","313":"\"","314":":","315":"[","316":"\"","317":"<","318":"t","319":"e","320":"m","321":"p","322":"l","323":"a","324":"t","325":"e","326":">","327":"\\","328":"n","329":" ","330":" ","331":"<","332":"i","333":"m","334":"g","335":" ","336":":","337":"s","338":"r","339":"c","340":"=","341":"\\","342":"\"","343":"i","344":"m","345":"a","346":"g","347":"e","348":"L","349":"i","350":"n","351":"k","352":"\\","353":"\"","354":" ","355":"a","356":"l","357":"t","358":"=","359":"\\","360":"\"","361":"\\","362":"\"","363":" ","364":"c","365":"l","366":"a","367":"s","368":"s","369":"=","370":"\\","371":"\"","372":"w","373":"-","374":"9","375":" ","376":"h","377":"-","378":"9","379":" ","380":"m","381":"x","382":"-","383":"8","384":" ","385":"r","386":"o","387":"u","388":"n","389":"d","390":"e","391":"d","392":"-","393":"3","394":"x","395":"l","396":"\\","397":"\"","398":" ","399":"/","400":">","401":"\\","402":"n","403":"<","404":"/","405":"t","406":"e","407":"m","408":"p","409":"l","410":"a","411":"t","412":"e","413":">","414":"\\","415":"n","416":"\\","417":"n","418":"<","419":"s","420":"c","421":"r","422":"i","423":"p","424":"t","425":">","426":"\\","427":"n","428":"e","429":"x","430":"p","431":"o","432":"r","433":"t","434":" ","435":"d","436":"e","437":"f","438":"a","439":"u","440":"l","441":"t","442":" ","443":"{","444":"\\","445":"n","446":" ","447":" ","448":"n","449":"a","450":"m","451":"e","452":":","453":" ","454":"\\","455":"\"","456":"P","457":"r","458":"o","459":"f","460":"i","461":"l","462":"e","463":"I","464":"m","465":"a","466":"g","467":"e","468":"\\","469":"\"","470":",","471":"\\","472":"n","473":" ","474":" ","475":"d","476":"a","477":"t","478":"a","479":"(","480":")","481":" ","482":"{","483":"\\","484":"n","485":" ","486":" ","487":" ","488":" ","489":"r","490":"e","491":"t","492":"u","493":"r","494":"n","495":" ","496":"{","497":"\\","498":"n","499":" ","500":" ","501":" ","502":" ","503":" ","504":" ","505":"i","506":"m","507":"a","508":"g","509":"e","510":"L","511":"i","512":"n","513":"k","514":":","515":"\\","516":"n","517":" ","518":" ","519":" ","520":" ","521":" ","522":" ","523":" ","524":" ","525":"\\","526":"\"","527":"h","528":"t","529":"t","530":"p","531":"s","532":":","533":"/","534":"/","535":"m","536":"e","537":"d","538":"i","539":"a","540":"-","541":"e","542":"x","543":"p","544":"1","545":".","546":"l","547":"i","548":"c","549":"d","550":"n","551":".","552":"c","553":"o","554":"m","555":"/","556":"d","557":"m","558":"s","559":"/","560":"i","561":"m","562":"a","563":"g","564":"e","565":"/","566":"C","567":"5","568":"6","569":"0","570":"3","571":"A","572":"Q","573":"H","574":"Y","575":"n","576":"b","577":"r","578":"a","579":"O","580":"B","581":"Q","582":"L","583":"o","584":"g","585":"/","586":"p","587":"r","588":"o","589":"f","590":"i","591":"l","592":"e","593":"-","594":"d","595":"i","596":"s","597":"p","598":"l","599":"a","600":"y","601":"p","602":"h","603":"o","604":"t","605":"o","606":"-","607":"s","608":"h","609":"r","610":"i","611":"n","612":"k","613":"_","614":"4","615":"0","616":"0","617":"_","618":"4","619":"0","620":"0","621":"/","622":"0","623":"/","624":"1","625":"6","626":"1","627":"0","628":"7","629":"3","630":"3","631":"7","632":"2","633":"9","634":"2","635":"0","636":"0","637":"?","638":"e","639":"=","640":"1","641":"6","642":"7","643":"3","644":"4","645":"8","646":"1","647":"6","648":"0","649":"0","650":"&","651":"v","652":"=","653":"b","654":"e","655":"t","656":"a","657":"&","658":"t","659":"=","660":"b","661":"s","662":"Q","663":"8","664":"_","665":"d","666":"9","667":"2","668":"s","669":"h","670":"h","671":"I","672":"-","673":"1","674":"z","675":"1","676":"Q","677":"_","678":"n","679":"B","680":"w","681":"n","682":"z","683":"H","684":"x","685":"b","686":"u","687":"I","688":"0","689":"s","690":"e","691":"A","692":"H","693":"8","694":"g","695":"a","696":"7","697":"Y","698":"r","699":"P","700":"k","701":"I","702":"c","703":"\\","704":"\"","705":",","706":"\\","707":"n","708":" ","709":" ","710":" ","711":" ","712":"}","713":";","714":"\\","715":"n","716":" ","717":" ","718":"}","719":",","720":"\\","721":"n","722":"}","723":";","724":"\\","725":"n","726":"<","727":"/","728":"s","729":"c","730":"r","731":"i","732":"p","733":"t","734":">","735":"\\","736":"n","737":"\\","738":"n","739":"<","740":"s","741":"t","742":"y","743":"l","744":"e","745":" ","746":"s","747":"c","748":"o","749":"p","750":"e","751":"d","752":">","753":"<","754":"/","755":"s","756":"t","757":"y","758":"l","759":"e","760":">","761":"\\","762":"n","763":"\"","764":"]","765":"}"},"_coverageSchema":"1a1c01bbd47fc00a2c39e90264f33305004495a9","hash":"3893587e6ac3ae17071e38103b76be9bc153785d"}
}
