TN:
SF:src\api\getDegrees.ts
FN:4,(anonymous_1)
FNF:1
FNH:1
FNDA:2,(anonymous_1)
DA:1,9
DA:4,9
DA:5,2
DA:6,2
DA:7,2
DA:10,9
LF:6
LH:6
BRF:0
BRH:0
end_of_record
TN:
SF:src\api\getJobs.ts
FN:4,(anonymous_1)
FNF:1
FNH:1
FNDA:2,(anonymous_1)
DA:1,9
DA:4,9
DA:5,2
DA:6,2
DA:7,2
DA:10,9
LF:6
LH:6
BRF:0
BRH:0
end_of_record
TN:
SF:src\components\JobResults\JobListings.vue
FN:3,(anonymous_0)
FN:21,(anonymous_1)
FN:22,(anonymous_2)
FN:28,(anonymous_3)
FN:34,(anonymous_4)
FN:56,render
FN:61,(anonymous_6)
FN:79,(anonymous_7)
FN:92,(anonymous_8)
FNF:9
FNH:8
FNDA:3,(anonymous_0)
FNDA:9,(anonymous_1)
FNDA:9,(anonymous_2)
FNDA:0,(anonymous_3)
FNDA:9,(anonymous_4)
FNDA:9,render
FNDA:50,(anonymous_6)
FNDA:6,(anonymous_7)
FNDA:3,(anonymous_8)
DA:3,1
DA:4,3
DA:8,1
DA:11,1
DA:12,1
DA:13,1
DA:14,1
DA:15,1
DA:16,1
DA:22,9
DA:23,9
DA:24,9
DA:26,9
DA:27,9
DA:28,9
DA:29,0
DA:31,9
DA:32,9
DA:33,9
DA:34,9
DA:35,9
DA:36,9
DA:37,9
DA:39,9
DA:48,1
DA:49,1
DA:50,1
DA:51,1
DA:52,1
DA:53,1
DA:54,1
DA:55,1
DA:57,9
DA:58,9
DA:59,9
DA:62,50
DA:79,6
DA:92,3
DA:102,1
DA:103,1
LF:40
LH:39
BRDA:3,0,0,1
BRDA:3,0,1,1
BRDA:3,0,2,1
BRDA:4,1,0,3
BRDA:4,1,1,0
BRDA:4,2,0,3
BRDA:4,2,1,3
BRDA:72,3,0,6
BRDA:72,3,1,3
BRDA:85,4,0,3
BRDA:85,4,1,6
BRF:11
BRH:10
end_of_record
TN:
SF:src\components\JobResults\JobFiltersSideBar\JobFiltersSideBar.vue
FN:3,(anonymous_0)
FN:22,(anonymous_1)
FN:45,render
FNF:3
FNH:3
FNDA:2,(anonymous_0)
FNDA:3,(anonymous_1)
FNDA:3,render
DA:3,1
DA:4,2
DA:8,1
DA:11,1
DA:12,1
DA:13,1
DA:14,1
DA:15,1
DA:16,1
DA:23,3
DA:24,3
DA:25,3
DA:26,3
DA:36,1
DA:37,1
DA:38,1
DA:39,1
DA:40,1
DA:41,1
DA:42,1
DA:43,1
DA:44,1
DA:46,3
DA:47,3
DA:48,3
DA:80,1
DA:81,1
LF:27
LH:27
BRDA:3,0,0,1
BRDA:3,0,1,1
BRDA:3,0,2,1
BRDA:4,1,0,2
BRDA:4,1,1,0
BRDA:4,2,0,2
BRDA:4,2,1,2
BRF:7
BRH:6
end_of_record
TN:
SF:src\composables\useCurrentPage.ts
FN:4,(anonymous_0)
FN:7,(anonymous_1)
FNF:2
FNH:2
FNDA:2,(anonymous_0)
FNDA:2,(anonymous_1)
DA:1,2
DA:2,2
DA:4,2
DA:5,2
DA:6,2
DA:7,2
DA:10,2
LF:7
LH:7
BRDA:7,0,0,2
BRDA:7,0,1,1
BRF:2
BRH:2
end_of_record
TN:
SF:src\composables\usePreviousAndNextPages.ts
FN:7,(anonymous_0)
FN:11,(anonymous_1)
FN:16,(anonymous_2)
FNF:3
FNH:3
FNDA:4,(anonymous_0)
FNDA:2,(anonymous_1)
FNDA:2,(anonymous_2)
DA:1,2
DA:7,2
DA:11,4
DA:12,2
DA:13,2
DA:16,4
DA:17,2
DA:18,2
DA:21,4
DA:24,2
LF:10
LH:10
BRDA:13,0,0,1
BRDA:13,0,1,1
BRDA:18,1,0,1
BRDA:18,1,1,1
BRF:4
BRH:4
end_of_record
TN:
SF:src\store\actions.ts
FN:16,(anonymous_1)
FN:21,(anonymous_2)
FNF:2
FNH:2
FNDA:2,(anonymous_1)
FNDA:2,(anonymous_2)
DA:1,8
DA:7,8
DA:8,8
DA:15,8
DA:17,2
DA:18,2
DA:22,2
DA:23,2
DA:27,8
LF:9
LH:9
BRF:0
BRH:0
end_of_record
TN:
SF:src\store\composables.ts
FN:15,(anonymous_0)
FN:17,(anonymous_1)
FN:20,(anonymous_2)
FN:22,(anonymous_3)
FN:25,(anonymous_4)
FN:27,(anonymous_5)
FN:30,(anonymous_6)
FN:32,(anonymous_7)
FN:36,(anonymous_8)
FN:41,(anonymous_9)
FNF:10
FNH:10
FNDA:1,(anonymous_0)
FNDA:1,(anonymous_1)
FNDA:1,(anonymous_2)
FNDA:1,(anonymous_3)
FNDA:1,(anonymous_4)
FNDA:1,(anonymous_5)
FNDA:1,(anonymous_6)
FNDA:1,(anonymous_7)
FNDA:1,(anonymous_8)
FNDA:1,(anonymous_9)
DA:1,5
DA:2,5
DA:4,5
DA:12,5
DA:15,5
DA:16,1
DA:17,1
DA:20,5
DA:21,1
DA:22,1
DA:25,5
DA:26,1
DA:27,1
DA:30,5
DA:31,1
DA:32,1
DA:36,5
DA:37,1
DA:38,1
DA:41,5
DA:42,1
DA:43,1
LF:22
LH:22
BRF:0
BRH:0
end_of_record
TN:
SF:src\store\constants.ts
FNF:0
FNH:0
DA:2,10
DA:3,10
DA:6,10
DA:7,10
DA:10,10
DA:11,10
DA:12,10
DA:13,10
DA:14,10
DA:17,10
DA:18,10
DA:19,10
DA:22,10
DA:23,10
DA:24,10
DA:26,10
LF:16
LH:16
BRF:0
BRH:0
end_of_record
TN:
SF:src\store\getters.ts
FN:20,(anonymous_0)
FN:22,(anonymous_1)
FN:25,(anonymous_2)
FN:27,(anonymous_3)
FN:30,(anonymous_4)
FN:32,(anonymous_5)
FN:33,(anonymous_6)
FN:34,(anonymous_7)
FN:36,(anonymous_8)
FN:37,(anonymous_9)
FN:39,(anonymous_10)
FN:39,(anonymous_11)
FN:46,(anonymous_12)
FN:46,(anonymous_13)
FN:53,(anonymous_14)
FN:53,(anonymous_15)
FNF:16
FNH:16
FNDA:1,(anonymous_0)
FNDA:3,(anonymous_1)
FNDA:1,(anonymous_2)
FNDA:3,(anonymous_3)
FNDA:1,(anonymous_4)
FNDA:1,(anonymous_5)
FNDA:1,(anonymous_6)
FNDA:1,(anonymous_7)
FNDA:1,(anonymous_8)
FNDA:2,(anonymous_9)
FNDA:2,(anonymous_10)
FNDA:2,(anonymous_11)
FNDA:2,(anonymous_12)
FNDA:2,(anonymous_13)
FNDA:2,(anonymous_14)
FNDA:2,(anonymous_15)
DA:1,8
DA:19,8
DA:21,1
DA:22,3
DA:23,1
DA:26,1
DA:27,3
DA:28,1
DA:31,1
DA:32,1
DA:33,1
DA:34,1
DA:37,2
DA:39,2
DA:40,2
DA:46,2
DA:47,2
DA:53,2
DA:54,2
DA:62,8
LF:20
LH:20
BRDA:41,0,0,2
BRDA:41,0,1,2
BRDA:41,0,2,1
BRDA:48,1,0,2
BRDA:48,1,1,2
BRDA:48,1,2,1
BRDA:55,2,0,2
BRDA:55,2,1,2
BRDA:55,2,2,1
BRF:9
BRH:9
end_of_record
TN:
SF:src\store\mutations.ts
FN:15,(anonymous_0)
FN:19,(anonymous_1)
FN:23,(anonymous_2)
FN:27,(anonymous_3)
FN:31,(anonymous_4)
FN:38,(anonymous_5)
FN:42,(anonymous_6)
FNF:7
FNH:7
FNDA:1,(anonymous_0)
FNDA:1,(anonymous_1)
FNDA:1,(anonymous_2)
FNDA:1,(anonymous_3)
FNDA:1,(anonymous_4)
FNDA:1,(anonymous_5)
FNDA:1,(anonymous_6)
DA:4,8
DA:14,8
DA:16,1
DA:20,1
DA:24,1
DA:28,1
DA:35,1
DA:39,1
DA:43,1
DA:47,8
LF:10
LH:10
BRF:0
BRH:0
end_of_record
TN:
SF:src\store\state.ts
FN:3,(anonymous_0)
FNF:1
FNH:1
FNDA:27,(anonymous_0)
DA:3,12
DA:4,27
DA:14,12
LF:3
LH:3
BRF:0
BRH:0
end_of_record
TN:
SF:tests\unit\store\utils.ts
FN:5,(anonymous_1)
FN:10,(anonymous_2)
FN:24,(anonymous_3)
FNF:3
FNH:3
FNDA:17,(anonymous_1)
FNDA:24,(anonymous_2)
FNDA:6,(anonymous_3)
DA:1,4
DA:5,4
DA:6,17
DA:7,17
DA:10,24
DA:24,6
LF:6
LH:6
BRDA:5,0,0,0
BRDA:10,1,0,3
BRDA:24,2,0,3
BRF:3
BRH:2
end_of_record
