TN:
SF:src\components\JobResults\JobFiltersSideBar\JobFiltersSideBar.vue
FN:3,(anonymous_0)
FN:32,(anonymous_1)
FN:33,(anonymous_2)
FN:49,render
FN:60,(anonymous_4)
FN:66,(anonymous_5)
FN:72,(anonymous_6)
FN:78,(anonymous_7)
FNF:8
FNH:4
FNDA:6,(anonymous_0)
FNDA:2,(anonymous_1)
FNDA:2,(anonymous_2)
FNDA:2,render
FNDA:0,(anonymous_4)
FNDA:0,(anonymous_5)
FNDA:0,(anonymous_6)
FNDA:0,(anonymous_7)
DA:3,1
DA:4,6
DA:8,1
DA:11,1
DA:12,1
DA:13,1
DA:14,1
DA:15,1
DA:16,1
DA:17,1
DA:18,1
DA:19,1
DA:20,1
DA:21,1
DA:22,1
DA:33,2
DA:34,2
DA:35,2
DA:36,2
DA:37,2
DA:39,2
DA:40,2
DA:43,1
DA:44,1
DA:45,1
DA:46,1
DA:47,1
DA:48,1
DA:50,2
DA:51,2
DA:52,2
DA:53,2
DA:54,2
DA:55,2
DA:56,2
DA:60,0
DA:66,0
DA:72,0
DA:78,0
DA:86,1
DA:87,1
LF:41
LH:37
BRDA:3,0,0,1
BRDA:3,0,1,1
BRDA:3,0,2,1
BRDA:4,1,0,6
BRDA:4,1,1,0
BRDA:4,2,0,6
BRDA:4,2,1,6
BRDA:36,3,0,2
BRDA:36,3,1,1
BRF:9
BRH:8
end_of_record
TN:
SF:src\components\JobResults\JobFiltersSideBar\JobFiltersSideBarSkills.vue
FN:12,(anonymous_0)
FN:15,(anonymous_1)
FN:18,(anonymous_2)
FN:32,render
FN:35,(anonymous_4)
FNF:5
FNH:5
FNDA:2,(anonymous_0)
FNDA:2,(anonymous_1)
FNDA:1,(anonymous_2)
FNDA:2,render
FNDA:1,(anonymous_4)
DA:3,2
DA:6,2
DA:7,2
DA:8,2
DA:9,2
DA:10,2
DA:13,2
DA:14,2
DA:16,2
DA:19,1
DA:22,2
DA:27,2
DA:28,2
DA:29,2
DA:30,2
DA:31,2
DA:33,2
DA:35,1
DA:52,2
DA:53,2
LF:20
LH:20
BRDA:35,0,0,2
BRDA:35,0,1,2
BRF:2
BRH:2
end_of_record
TN:
SF:src\store\constants.ts
FNF:0
FNH:0
DA:2,17
DA:3,17
DA:6,17
DA:7,17
DA:10,17
DA:11,17
DA:12,17
DA:13,17
DA:14,17
DA:17,17
DA:18,17
DA:19,17
DA:22,17
DA:23,17
DA:24,17
DA:26,17
DA:27,17
DA:29,17
DA:30,17
LF:19
LH:19
BRF:0
BRH:0
end_of_record
TN:
SF:src\store\getters.ts
FN:22,(anonymous_0)
FN:24,(anonymous_1)
FN:27,(anonymous_2)
FN:29,(anonymous_3)
FN:32,(anonymous_4)
FN:34,(anonymous_5)
FN:35,(anonymous_6)
FN:36,(anonymous_7)
FN:37,(anonymous_8)
FN:39,(anonymous_9)
FN:40,(anonymous_10)
FN:42,(anonymous_11)
FN:42,(anonymous_12)
FN:49,(anonymous_13)
FN:49,(anonymous_14)
FN:56,(anonymous_15)
FN:56,(anonymous_16)
FN:63,(anonymous_17)
FN:63,(anonymous_18)
FNF:19
FNH:19
FNDA:1,(anonymous_0)
FNDA:3,(anonymous_1)
FNDA:1,(anonymous_2)
FNDA:3,(anonymous_3)
FNDA:1,(anonymous_4)
FNDA:1,(anonymous_5)
FNDA:1,(anonymous_6)
FNDA:1,(anonymous_7)
FNDA:1,(anonymous_8)
FNDA:1,(anonymous_9)
FNDA:2,(anonymous_10)
FNDA:2,(anonymous_11)
FNDA:2,(anonymous_12)
FNDA:2,(anonymous_13)
FNDA:2,(anonymous_14)
FNDA:2,(anonymous_15)
FNDA:2,(anonymous_16)
FNDA:3,(anonymous_17)
FNDA:3,(anonymous_18)
DA:1,15
DA:21,15
DA:23,1
DA:24,3
DA:25,1
DA:28,1
DA:29,3
DA:30,1
DA:33,1
DA:34,1
DA:35,1
DA:36,1
DA:37,1
DA:40,2
DA:42,2
DA:43,2
DA:49,2
DA:50,2
DA:56,2
DA:57,2
DA:63,3
DA:64,3
DA:72,15
LF:23
LH:23
BRDA:44,0,0,2
BRDA:44,0,1,2
BRDA:44,0,2,1
BRDA:51,1,0,2
BRDA:51,1,1,2
BRDA:51,1,2,1
BRDA:58,2,0,2
BRDA:58,2,1,2
BRDA:58,2,2,1
BRDA:65,3,0,3
BRDA:65,3,1,3
BRDA:65,3,2,1
BRF:12
BRH:12
end_of_record
TN:
SF:src\store\mutations.ts
FN:17,(anonymous_0)
FN:21,(anonymous_1)
FN:25,(anonymous_2)
FN:29,(anonymous_3)
FN:33,(anonymous_4)
FN:40,(anonymous_5)
FN:44,(anonymous_6)
FN:48,(anonymous_7)
FN:52,(anonymous_8)
FNF:9
FNH:9
FNDA:1,(anonymous_0)
FNDA:1,(anonymous_1)
FNDA:1,(anonymous_2)
FNDA:1,(anonymous_3)
FNDA:1,(anonymous_4)
FNDA:1,(anonymous_5)
FNDA:1,(anonymous_6)
FNDA:1,(anonymous_7)
FNDA:1,(anonymous_8)
DA:4,15
DA:16,15
DA:18,1
DA:22,1
DA:26,1
DA:30,1
DA:37,1
DA:41,1
DA:45,1
DA:49,1
DA:53,1
DA:54,1
DA:55,1
DA:56,1
DA:60,15
LF:15
LH:15
BRF:0
BRH:0
end_of_record
TN:
SF:src\store\state.ts
FN:3,(anonymous_0)
FNF:1
FNH:1
FNDA:37,(anonymous_0)
DA:3,19
DA:4,37
DA:15,19
LF:3
LH:3
BRF:0
BRH:0
end_of_record
TN:
SF:tests\unit\store\utils.ts
FN:5,(anonymous_1)
FN:10,(anonymous_2)
FN:24,(anonymous_3)
FNF:3
FNH:3
FNDA:22,(anonymous_1)
FNDA:27,(anonymous_2)
FNDA:6,(anonymous_3)
DA:1,4
DA:5,4
DA:6,22
DA:7,22
DA:10,27
DA:24,6
LF:6
LH:6
BRDA:5,0,0,0
BRDA:10,1,0,3
BRDA:24,2,0,3
BRF:3
BRH:2
end_of_record
